[I 2023-07-23 03:14:28,875] Trial 29 finished with value: -0.03196711712594394 and parameters: {'max_depth': 5, 'learning_rate': 0.11129497591177255, 'n_estimators': 110, 'min_child_weight': 5, 'gamma': 0.8334258121305873, 'subsample': 0.14131823251663014, 'colsample_bytree': 0.27309942012918303, 'reg_alpha': 6.44198963166067e-05, 'reg_lambda': 9.000109655995403e-08}. Best is trial 23 with value: -0.030113792765566978.
Number of finished trials: 30
Best trial:
  Value: -0.030113792765566978
  Params: 
    max_depth: 5
    learning_rate: 0.13469270512220619
    n_estimators: 292
    min_child_weight: 6
    gamma: 0.747813629473939
    subsample: 0.08608115286734017
    colsample_bytree: 0.4855455382748958
    reg_alpha: 3.339375232049595e-05
    reg_lambda: 1.3798720974504443e-07
mean_squared_error:82.54
mean_absolute_error:6.67
percentage_error:4.90%
feature_importance: [('RealPower_-1d_0h', 318.0), ('RealPower_-2d_0h', 263.0), ('RealPower_-7d_-1h', 253.0), ('dayofmonth', 251.0), ('RealPower_-7d_1h', 241.0), ('RealPower_-7d_0h', 240.0), ('RealPower_-4d_-1h', 231.0), ('RealPower_-3d_0h', 224.0), ('RealPower_-2d_1h', 217.0), ('RealPower_-5d_1h', 209.0), ('RealPower_-1d_-1h', 205.0), ('RealPower_-6d_0h', 202.0), ('RealPower_-5d_0h', 200.0), ('RealPower_-5d_-1h', 197.0), ('RealPower_-3d_1h', 190.0), ('RealPower_-1d_1h', 188.0), ('RealPower_-3d_-1h', 179.0), ('RealPower_-4d_1h', 178.0), ('RealPower_-6d_-1h', 174.0), ('RealPower_-4d_0h', 173.0), ('month', 171.0), ('RealPower_-2d_-1h', 164.0), ('RealPower_-6d_1h', 150.0), ('hour', 139.0), ('temp_max_-1h', 138.0), ('dayofweek', 132.0), ('temp_min_-1h', 120.0), ('temp_-1h', 106.0), ('temp_max_-6h', 103.0), ('temp_min_-2h', 103.0), ('temp_min_-6h', 102.0), ('temp_-6h', 101.0), ('temp_-5h', 96.0), ('temp_max_-3h', 93.0), ('temp_min_-5h', 87.0), ('temp_max_-4h', 86.0), ('temp_-4h', 86.0), ('temp_-2h', 84.0), ('temp_max_-2h', 78.0), ('temp_-3h', 78.0), ('temp_max_-5h', 75.0), ('temp_min_-4h', 75.0), ('temp_min_-3h', 73.0), ('quarter', 58.0), ('is_holiday', 56.0)]








**************************************************
Fitting model for: CenterHall
**************************************************
[I 2023-07-23 03:14:51,090] A new study created in memory with name: no-name-348f382f-a266-4238-99b4-c70117a73727
[I 2023-07-23 03:15:09,461] Trial 0 finished with value: -0.06610334700239305 and parameters: {'max_depth': 4, 'learning_rate': 0.09205111272386943, 'n_estimators': 418, 'min_child_weight': 7, 'gamma': 0.9325585805129449, 'subsample': 0.02446016931391926, 'colsample_bytree': 0.2835871716126172, 'reg_alpha': 0.2009130867616861, 'reg_lambda': 7.119288480554875e-06}. Best is trial 0 with value: -0.06610334700239305.
[I 2023-07-23 03:15:21,875] Trial 1 finished with value: -0.0681907579430401 and parameters: {'max_depth': 4, 'learning_rate': 0.12174525184066301, 'n_estimators': 261, 'min_child_weight': 10, 'gamma': 0.12621997518801414, 'subsample': 0.02615844894045254, 'colsample_bytree': 0.374354574907613, 'reg_alpha': 1.1588244801097497e-07, 'reg_lambda': 3.6415019488861414e-06}. Best is trial 0 with value: -0.06610334700239305.
[I 2023-07-23 03:15:43,051] Trial 2 finished with value: -0.07172136352597137 and parameters: {'max_depth': 5, 'learning_rate': 0.07410935107971856, 'n_estimators': 358, 'min_child_weight': 6, 'gamma': 0.26040524260211795, 'subsample': 0.011078868326970361, 'colsample_bytree': 0.3499878340461565, 'reg_alpha': 0.0047538091190439695, 'reg_lambda': 1.2931714390929785e-08}. Best is trial 0 with value: -0.06610334700239305.
[I 2023-07-23 03:16:01,597] Trial 3 finished with value: -0.13492940521876529 and parameters: {'max_depth': 4, 'learning_rate': 0.04640113346398144, 'n_estimators': 401, 'min_child_weight': 8, 'gamma': 0.26675523262564066, 'subsample': 0.23181260725922956, 'colsample_bytree': 0.0181800994777584, 'reg_alpha': 0.9386542290651656, 'reg_lambda': 2.8530504069853354e-06}. Best is trial 0 with value: -0.06610334700239305.
[I 2023-07-23 03:16:07,760] Trial 4 finished with value: -0.15362016351876512 and parameters: {'max_depth': 1, 'learning_rate': 0.010947567956355557, 'n_estimators': 231, 'min_child_weight': 5, 'gamma': 0.5411234303387994, 'subsample': 0.02042968677670495, 'colsample_bytree': 0.1677828582503942, 'reg_alpha': 0.2763219541774917, 'reg_lambda': 0.09242476067182619}. Best is trial 0 with value: -0.06610334700239305.
[I 2023-07-23 03:16:09,647] Trial 5 finished with value: -0.6755541141569159 and parameters: {'max_depth': 3, 'learning_rate': 0.01833447544823411, 'n_estimators': 20, 'min_child_weight': 8, 'gamma': 0.6852995210006292, 'subsample': 0.06158915934720576, 'colsample_bytree': 0.29344522441424203, 'reg_alpha': 0.0013271765517554892, 'reg_lambda': 9.953244188656906e-07}. Best is trial 0 with value: -0.06610334700239305.
[I 2023-07-23 03:16:14,561] Trial 6 finished with value: -0.11071504414400671 and parameters: {'max_depth': 1, 'learning_rate': 0.03646014589682424, 'n_estimators': 177, 'min_child_weight': 10, 'gamma': 0.35499527136210385, 'subsample': 0.10533626887812139, 'colsample_bytree': 0.38807567987467173, 'reg_alpha': 0.40783073243747864, 'reg_lambda': 8.403815676663409e-06}. Best is trial 0 with value: -0.06610334700239305.
[I 2023-07-23 03:16:21,528] Trial 7 finished with value: -0.11369748130909878 and parameters: {'max_depth': 1, 'learning_rate': 0.06830745773490934, 'n_estimators': 275, 'min_child_weight': 6, 'gamma': 0.3736180332640707, 'subsample': 0.173155156210705, 'colsample_bytree': 0.0896870497314964, 'reg_alpha': 0.00045272566492356544, 'reg_lambda': 0.10281282403053187}. Best is trial 0 with value: -0.06610334700239305.
[I 2023-07-23 03:16:35,635] Trial 8 finished with value: -0.06138055853824144 and parameters: {'max_depth': 3, 'learning_rate': 0.1066585795498026, 'n_estimators': 363, 'min_child_weight': 6, 'gamma': 0.46754565533221154, 'subsample': 0.4711059491759165, 'colsample_bytree': 0.2760393847564827, 'reg_alpha': 4.976195613922409e-08, 'reg_lambda': 0.00015801296429934674}. Best is trial 8 with value: -0.06138055853824144.
[I 2023-07-23 03:16:42,776] Trial 9 finished with value: -0.06914346979209336 and parameters: {'max_depth': 3, 'learning_rate': 0.2675636513733451, 'n_estimators': 160, 'min_child_weight': 9, 'gamma': 0.19554947675580128, 'subsample': 0.14500176949678098, 'colsample_bytree': 0.20173562781369997, 'reg_alpha': 9.127309572176263e-06, 'reg_lambda': 0.0011824720660909495}. Best is trial 8 with value: -0.06138055853824144.
[I 2023-07-23 03:16:58,284] Trial 10 finished with value: -0.07618632485667662 and parameters: {'max_depth': 2, 'learning_rate': 0.4759371867582473, 'n_estimators': 497, 'min_child_weight': 5, 'gamma': 0.6026341517234951, 'subsample': 0.4188391962670867, 'colsample_bytree': 0.07721551145378858, 'reg_alpha': 6.551668184154645e-08, 'reg_lambda': 0.0009578284488390093}. Best is trial 8 with value: -0.06138055853824144.
[I 2023-07-23 03:17:18,170] Trial 11 finished with value: -0.06421227965815703 and parameters: {'max_depth': 4, 'learning_rate': 0.13435892924908463, 'n_estimators': 424, 'min_child_weight': 7, 'gamma': 0.9918401153317992, 'subsample': 0.055924382657367974, 'colsample_bytree': 0.1526936118053901, 'reg_alpha': 8.732555466530667e-06, 'reg_lambda': 9.582860713435728e-05}. Best is trial 8 with value: -0.06138055853824144.
[I 2023-07-23 03:17:49,550] Trial 12 finished with value: -0.04667039970100852 and parameters: {'max_depth': 5, 'learning_rate': 0.1667868386720001, 'n_estimators': 475, 'min_child_weight': 7, 'gamma': 0.9037681345230621, 'subsample': 0.47181954598422154, 'colsample_bytree': 0.15129371006565437, 'reg_alpha': 2.640065931113605e-06, 'reg_lambda': 0.00019580946892145738}. Best is trial 12 with value: -0.04667039970100852.
[I 2023-07-23 03:18:26,238] Trial 13 finished with value: -0.039593299013182995 and parameters: {'max_depth': 5, 'learning_rate': 0.19579927380209294, 'n_estimators': 483, 'min_child_weight': 6, 'gamma': 0.48501288224262085, 'subsample': 0.4778193506253433, 'colsample_bytree': 0.49606872004852537, 'reg_alpha': 2.6397294177761907e-08, 'reg_lambda': 0.003814993254967206}. Best is trial 13 with value: -0.039593299013182995.
[I 2023-07-23 03:19:02,344] Trial 14 finished with value: -0.04155872514911336 and parameters: {'max_depth': 5, 'learning_rate': 0.20241895605280655, 'n_estimators': 494, 'min_child_weight': 7, 'gamma': 0.7110651494010555, 'subsample': 0.312534270987645, 'colsample_bytree': 0.4793141393087577, 'reg_alpha': 1.2003675358341147e-06, 'reg_lambda': 0.009089820799165498}. Best is trial 13 with value: -0.039593299013182995.
[I 2023-07-23 03:19:26,407] Trial 15 finished with value: -0.0446787539009462 and parameters: {'max_depth': 5, 'learning_rate': 0.21199587934139685, 'n_estimators': 332, 'min_child_weight': 6, 'gamma': 0.4651705122795342, 'subsample': 0.2698343819647295, 'colsample_bytree': 0.49391862863831043, 'reg_alpha': 5.0444777740167e-07, 'reg_lambda': 0.7388612132386687}. Best is trial 13 with value: -0.039593299013182995.
[I 2023-07-23 03:19:56,509] Trial 16 finished with value: -0.06652632355858779 and parameters: {'max_depth': 5, 'learning_rate': 0.2851694524983158, 'n_estimators': 493, 'min_child_weight': 8, 'gamma': 0.7128505972035372, 'subsample': 0.2911272850629517, 'colsample_bytree': 0.04911657772188959, 'reg_alpha': 4.314874646377917e-07, 'reg_lambda': 0.010508091588191213}. Best is trial 13 with value: -0.039593299013182995.
[I 2023-07-23 03:19:59,067] Trial 17 finished with value: -0.06470390752415048 and parameters: {'max_depth': 5, 'learning_rate': 0.4399069303662104, 'n_estimators': 19, 'min_child_weight': 5, 'gamma': 0.7325273298137694, 'subsample': 0.2960639698701426, 'colsample_bytree': 0.4978091110716193, 'reg_alpha': 2.3145128274633722e-08, 'reg_lambda': 0.020556482301246275}. Best is trial 13 with value: -0.039593299013182995.
[I 2023-07-23 03:20:21,139] Trial 18 finished with value: -0.05718304240271134 and parameters: {'max_depth': 4, 'learning_rate': 0.18605978105242732, 'n_estimators': 442, 'min_child_weight': 9, 'gamma': 0.4657208578253256, 'subsample': 0.10969329472208096, 'colsample_bytree': 0.2012058487275959, 'reg_alpha': 1.2572913127372439e-08, 'reg_lambda': 0.0037034742092511676}. Best is trial 13 with value: -0.039593299013182995.
[I 2023-07-23 03:20:25,057] Trial 19 finished with value: -0.09179595347338801 and parameters: {'max_depth': 2, 'learning_rate': 0.32510424747911126, 'n_estimators': 94, 'min_child_weight': 7, 'gamma': 0.5930112655029964, 'subsample': 0.19638290388558896, 'colsample_bytree': 0.11242283122461441, 'reg_alpha': 1.1291186237258622e-08, 'reg_lambda': 0.012876300911765417}. Best is trial 13 with value: -0.039593299013182995.
[I 2023-07-23 03:20:45,615] Trial 20 finished with value: -0.06948728219495572 and parameters: {'max_depth': 5, 'learning_rate': 0.18148262172083807, 'n_estimators': 321, 'min_child_weight': 6, 'gamma': 0.7862000046106723, 'subsample': 0.35763899409692673, 'colsample_bytree': 0.05364503436863102, 'reg_alpha': 5.080822763382534e-07, 'reg_lambda': 0.5098671053665794}. Best is trial 13 with value: -0.039593299013182995.
[I 2023-07-23 03:21:11,188] Trial 21 finished with value: -0.044298173769310126 and parameters: {'max_depth': 5, 'learning_rate': 0.22910925264415208, 'n_estimators': 359, 'min_child_weight': 6, 'gamma': 0.43834613999414945, 'subsample': 0.2515338495696971, 'colsample_bytree': 0.49621416021627807, 'reg_alpha': 7.673761030166235e-07, 'reg_lambda': 0.6841027509527563}. Best is trial 13 with value: -0.039593299013182995.
[I 2023-07-23 03:21:44,008] Trial 22 finished with value: -0.039614375338474686 and parameters: {'max_depth': 5, 'learning_rate': 0.24567547281353805, 'n_estimators': 460, 'min_child_weight': 6, 'gamma': 0.39890024158247084, 'subsample': 0.4991670481745859, 'colsample_bytree': 0.468322120095447, 'reg_alpha': 1.3676694967274667e-05, 'reg_lambda': 0.06390723911002831}. Best is trial 13 with value: -0.039593299013182995.
[I 2023-07-23 03:22:07,137] Trial 23 finished with value: -0.0487090616373867 and parameters: {'max_depth': 4, 'learning_rate': 0.34494775503530023, 'n_estimators': 459, 'min_child_weight': 7, 'gamma': 0.5649564440896492, 'subsample': 0.49371006502336995, 'colsample_bytree': 0.2508380564707645, 'reg_alpha': 3.676197309752811e-05, 'reg_lambda': 0.03184942808027158}. Best is trial 13 with value: -0.039593299013182995.
[I 2023-07-23 03:22:35,726] Trial 24 finished with value: -0.04391231385426867 and parameters: {'max_depth': 5, 'learning_rate': 0.1436949397971132, 'n_estimators': 404, 'min_child_weight': 5, 'gamma': 0.37847007199068583, 'subsample': 0.34038686360751835, 'colsample_bytree': 0.37310853315631026, 'reg_alpha': 1.3824626647227872e-07, 'reg_lambda': 0.09062575167527583}. Best is trial 13 with value: -0.039593299013182995.
[I 2023-07-23 03:22:59,181] Trial 25 finished with value: -0.05046357540564648 and parameters: {'max_depth': 4, 'learning_rate': 0.23149994135087343, 'n_estimators': 461, 'min_child_weight': 6, 'gamma': 0.3028850078969597, 'subsample': 0.34362460195901007, 'colsample_bytree': 0.22678775085902977, 'reg_alpha': 2.025489273518883e-06, 'reg_lambda': 0.0025172687189333877}. Best is trial 13 with value: -0.039593299013182995.
[I 2023-07-23 03:23:27,229] Trial 26 finished with value: -0.047061940014240786 and parameters: {'max_depth': 5, 'learning_rate': 0.37996215974054093, 'n_estimators': 495, 'min_child_weight': 7, 'gamma': 0.5228929582147059, 'subsample': 0.3687082901606028, 'colsample_bytree': 0.3522108323415472, 'reg_alpha': 5.7190035829879224e-05, 'reg_lambda': 0.006262685390912806}. Best is trial 13 with value: -0.039593299013182995.
[I 2023-07-23 03:23:40,646] Trial 27 finished with value: -0.0676797702304089 and parameters: {'max_depth': 2, 'learning_rate': 0.2698450115184929, 'n_estimators': 388, 'min_child_weight': 5, 'gamma': 0.6485977117164525, 'subsample': 0.22212900302531693, 'colsample_bytree': 0.4832110880743208, 'reg_alpha': 1.2373606522794653e-07, 'reg_lambda': 0.04446768888700851}. Best is trial 13 with value: -0.039593299013182995.
[I 2023-07-23 03:24:03,554] Trial 28 finished with value: -0.049620582857146586 and parameters: {'max_depth': 4, 'learning_rate': 0.14823533359166757, 'n_estimators': 440, 'min_child_weight': 8, 'gamma': 0.8339710380832491, 'subsample': 0.4929301831851784, 'colsample_bytree': 0.2844368231992749, 'reg_alpha': 2.269320050441319e-06, 'reg_lambda': 0.20765741339504973}. Best is trial 13 with value: -0.039593299013182995.
[I 2023-07-23 03:24:19,762] Trial 29 finished with value: -0.054445745882894525 and parameters: {'max_depth': 4, 'learning_rate': 0.10247294133554428, 'n_estimators': 305, 'min_child_weight': 7, 'gamma': 0.8670712141025739, 'subsample': 0.35796600514023746, 'colsample_bytree': 0.2916114777729356, 'reg_alpha': 1.3594560432276511e-05, 'reg_lambda': 0.02532158260322016}. Best is trial 13 with value: -0.039593299013182995.
Number of finished trials: 30
Best trial:
  Value: -0.039593299013182995
  Params: 
    max_depth: 5
    learning_rate: 0.19579927380209294
    n_estimators: 483
    min_child_weight: 6
    gamma: 0.48501288224262085
    subsample: 0.4778193506253433
    colsample_bytree: 0.49606872004852537
    reg_alpha: 2.6397294177761907e-08
    reg_lambda: 0.003814993254967206
mean_squared_error:209.86
mean_absolute_error:10.18
percentage_error:11.37%
feature_importance: [('dayofmonth', 682.0), ('RealPower_-1d_0h', 597.0), ('RealPower_-7d_1h', 433.0), ('RealPower_-7d_-1h', 433.0), ('RealPower_-7d_0h', 428.0), ('RealPower_-2d_0h', 407.0), ('RealPower_-1d_-1h', 396.0), ('RealPower_-3d_1h', 389.0), ('RealPower_-2d_1h', 386.0), ('RealPower_-1d_1h', 377.0), ('month', 355.0), ('RealPower_-3d_-1h', 353.0), ('RealPower_-3d_0h', 349.0), ('RealPower_-5d_0h', 343.0), ('RealPower_-4d_0h', 335.0), ('RealPower_-6d_0h', 324.0), ('RealPower_-6d_-1h', 323.0), ('RealPower_-4d_-1h', 321.0), ('RealPower_-4d_1h', 316.0), ('RealPower_-5d_1h', 312.0), ('temp_-1h', 304.0), ('RealPower_-2d_-1h', 303.0), ('RealPower_-6d_1h', 300.0), ('RealPower_-5d_-1h', 293.0), ('temp_max_-1h', 293.0), ('temp_max_-6h', 289.0), ('temp_-6h', 257.0), ('dayofweek', 253.0), ('temp_-2h', 244.0), ('temp_min_-1h', 242.0), ('hour', 238.0), ('temp_min_-6h', 238.0), ('temp_-5h', 237.0), ('temp_max_-2h', 231.0), ('temp_max_-5h', 221.0), ('temp_-3h', 196.0), ('temp_max_-4h', 183.0), ('temp_-4h', 180.0), ('temp_min_-4h', 179.0), ('temp_min_-2h', 177.0), ('temp_min_-5h', 175.0), ('temp_min_-3h', 170.0), ('temp_max_-3h', 150.0), ('quarter', 148.0), ('is_holiday', 63.0)]
**************************************************
Fitting model for: GalbraithHall
**************************************************
[I 2023-07-23 03:24:40,775] A new study created in memory with name: no-name-ea86fce6-4027-4650-9776-b8cb1ecf7c99
[I 2023-07-23 03:24:46,147] Trial 0 finished with value: -0.09272402217269245 and parameters: {'max_depth': 3, 'learning_rate': 0.02312409903069482, 'n_estimators': 120, 'min_child_weight': 5, 'gamma': 0.25539383638519914, 'subsample': 0.3507090430541547, 'colsample_bytree': 0.39318256965789744, 'reg_alpha': 3.905236823536931e-05, 'reg_lambda': 2.813367682568168e-07}. Best is trial 0 with value: -0.09272402217269245.
[I 2023-07-23 03:24:49,277] Trial 1 finished with value: -0.12013236208720875 and parameters: {'max_depth': 3, 'learning_rate': 0.4642547257329827, 'n_estimators': 70, 'min_child_weight': 6, 'gamma': 0.36500834448348796, 'subsample': 0.011135571310817645, 'colsample_bytree': 0.010567216698217833, 'reg_alpha': 5.3562402376961604e-05, 'reg_lambda': 0.00014162619691188795}. Best is trial 0 with value: -0.09272402217269245.
[I 2023-07-23 03:24:55,704] Trial 2 finished with value: -0.08094803431762664 and parameters: {'max_depth': 1, 'learning_rate': 0.44916627357826966, 'n_estimators': 244, 'min_child_weight': 10, 'gamma': 0.4081290976333074, 'subsample': 0.33341696679170646, 'colsample_bytree': 0.29022940253925794, 'reg_alpha': 0.0015516309089015636, 'reg_lambda': 2.0742178961066297e-07}. Best is trial 2 with value: -0.08094803431762664.
[I 2023-07-23 03:25:28,951] Trial 3 finished with value: -0.06187150733378618 and parameters: {'max_depth': 5, 'learning_rate': 0.011197332404659643, 'n_estimators': 493, 'min_child_weight': 6, 'gamma': 0.11947006135223016, 'subsample': 0.0489264065812705, 'colsample_bytree': 0.2818429608322601, 'reg_alpha': 0.0338269268132022, 'reg_lambda': 1.724451576639034e-05}. Best is trial 3 with value: -0.06187150733378618.
[I 2023-07-23 03:25:34,979] Trial 4 finished with value: -0.0815536619838926 and parameters: {'max_depth': 2, 'learning_rate': 0.04058195708872421, 'n_estimators': 157, 'min_child_weight': 7, 'gamma': 0.12002990742455913, 'subsample': 0.05329638956294029, 'colsample_bytree': 0.2306080195480367, 'reg_alpha': 0.00044425898236777773, 'reg_lambda': 0.06136438656789021}. Best is trial 3 with value: -0.06187150733378618.
[I 2023-07-23 03:26:00,087] Trial 5 finished with value: -0.0678645722524144 and parameters: {'max_depth': 5, 'learning_rate': 0.05511835462576063, 'n_estimators': 425, 'min_child_weight': 6, 'gamma': 0.788477038849809, 'subsample': 0.010226341381220036, 'colsample_bytree': 0.13278245999956817, 'reg_alpha': 1.5717538089724123e-07, 'reg_lambda': 1.9829374898473156e-05}. Best is trial 3 with value: -0.06187150733378618.
[I 2023-07-23 03:26:10,354] Trial 6 finished with value: -0.1068700048748851 and parameters: {'max_depth': 1, 'learning_rate': 0.056037968821837716, 'n_estimators': 395, 'min_child_weight': 10, 'gamma': 0.24582117828675865, 'subsample': 0.026060036882731088, 'colsample_bytree': 0.012126551065469325, 'reg_alpha': 3.6453761195477103e-06, 'reg_lambda': 0.04195545826428458}. Best is trial 3 with value: -0.06187150733378618.
[I 2023-07-23 03:26:18,164] Trial 7 finished with value: -0.10551074363690008 and parameters: {'max_depth': 2, 'learning_rate': 0.030798813070482916, 'n_estimators': 213, 'min_child_weight': 10, 'gamma': 0.2476231777960243, 'subsample': 0.014339460863230359, 'colsample_bytree': 0.04824292926972719, 'reg_alpha': 0.009086834459850165, 'reg_lambda': 0.02365830514152226}. Best is trial 3 with value: -0.06187150733378618.
[I 2023-07-23 03:26:33,733] Trial 8 finished with value: -0.08934651777156717 and parameters: {'max_depth': 3, 'learning_rate': 0.11098972122230222, 'n_estimators': 389, 'min_child_weight': 7, 'gamma': 0.27799897560018094, 'subsample': 0.30681440020201944, 'colsample_bytree': 0.02535173002758672, 'reg_alpha': 0.0011671827098472184, 'reg_lambda': 1.631197859639089e-05}. Best is trial 3 with value: -0.06187150733378618.
[I 2023-07-23 03:26:50,998] Trial 9 finished with value: -0.06837780426555293 and parameters: {'max_depth': 3, 'learning_rate': 0.055334483032070655, 'n_estimators': 438, 'min_child_weight': 5, 'gamma': 0.24589438660255933, 'subsample': 0.017121747221235172, 'colsample_bytree': 0.14930229834708963, 'reg_alpha': 0.0004279029786537304, 'reg_lambda': 5.091544307050233e-08}. Best is trial 3 with value: -0.06187150733378618.
[I 2023-07-23 03:27:26,794] Trial 10 finished with value: -0.05684579163419569 and parameters: {'max_depth': 5, 'learning_rate': 0.010653537383171636, 'n_estimators': 496, 'min_child_weight': 8, 'gamma': 0.10994214245046735, 'subsample': 0.10307378244290831, 'colsample_bytree': 0.42950430200173956, 'reg_alpha': 0.7127211579160444, 'reg_lambda': 0.00075253186086048}. Best is trial 10 with value: -0.05684579163419569.
[I 2023-07-23 03:28:03,082] Trial 11 finished with value: -0.058195601450256464 and parameters: {'max_depth': 5, 'learning_rate': 0.010433206723662103, 'n_estimators': 496, 'min_child_weight': 8, 'gamma': 0.10662864613008888, 'subsample': 0.10644221400468214, 'colsample_bytree': 0.3698184142637887, 'reg_alpha': 0.740653498156379, 'reg_lambda': 0.0009226304310258318}. Best is trial 10 with value: -0.05684579163419569.
