[I 2023-07-23 03:28:27,397] Trial 12 finished with value: -0.06716464666016927 and parameters: {'max_depth': 5, 'learning_rate': 0.010436992885868081, 'n_estimators': 321, 'min_child_weight': 8, 'gamma': 0.10301860838446388, 'subsample': 0.1296929956506186, 'colsample_bytree': 0.4052426897925286, 'reg_alpha': 0.5149017010510227, 'reg_lambda': 0.00152026943919989}. Best is trial 10 with value: -0.05684579163419569.
[I 2023-07-23 03:28:45,703] Trial 13 finished with value: -0.0617334071536378 and parameters: {'max_depth': 4, 'learning_rate': 0.015983512728991695, 'n_estimators': 337, 'min_child_weight': 8, 'gamma': 0.15478067913764637, 'subsample': 0.10949496501212809, 'colsample_bytree': 0.483525557968173, 'reg_alpha': 0.6755145814030528, 'reg_lambda': 0.0026483995452307382}. Best is trial 10 with value: -0.05684579163419569.
[I 2023-07-23 03:29:11,315] Trial 14 finished with value: -0.06753575881692356 and parameters: {'max_depth': 4, 'learning_rate': 0.018534772409552917, 'n_estimators': 489, 'min_child_weight': 9, 'gamma': 0.16126928289334458, 'subsample': 0.14569097346952853, 'colsample_bytree': 0.14826782004833075, 'reg_alpha': 0.04307500418210877, 'reg_lambda': 0.0008958174689318009}. Best is trial 10 with value: -0.05684579163419569.
[I 2023-07-23 03:29:28,010] Trial 15 finished with value: -0.09669609615460874 and parameters: {'max_depth': 4, 'learning_rate': 0.011044688440251834, 'n_estimators': 325, 'min_child_weight': 9, 'gamma': 0.16170732753345293, 'subsample': 0.0861949164412641, 'colsample_bytree': 0.08480377437565924, 'reg_alpha': 0.8621057091621686, 'reg_lambda': 0.49579482744743725}. Best is trial 10 with value: -0.05684579163419569.
[I 2023-07-23 03:29:30,751] Trial 16 finished with value: -0.7666005560165061 and parameters: {'max_depth': 5, 'learning_rate': 0.019659976936360225, 'n_estimators': 13, 'min_child_weight': 9, 'gamma': 0.10571559909778777, 'subsample': 0.19392750328667271, 'colsample_bytree': 0.49610597825706143, 'reg_alpha': 0.035400768882508094, 'reg_lambda': 0.00021309698957557076}. Best is trial 10 with value: -0.05684579163419569.
[I 2023-07-23 03:29:54,260] Trial 17 finished with value: -0.05889343895499052 and parameters: {'max_depth': 4, 'learning_rate': 0.030604914846042768, 'n_estimators': 468, 'min_child_weight': 8, 'gamma': 0.144581078183481, 'subsample': 0.06327233662726466, 'colsample_bytree': 0.238760311684735, 'reg_alpha': 0.12257287911477799, 'reg_lambda': 0.0056652742580174725}. Best is trial 10 with value: -0.05684579163419569.
[I 2023-07-23 03:30:21,007] Trial 18 finished with value: -0.07037009620285342 and parameters: {'max_depth': 5, 'learning_rate': 0.010312936510696735, 'n_estimators': 380, 'min_child_weight': 7, 'gamma': 0.19105464292789584, 'subsample': 0.17301306576414266, 'colsample_bytree': 0.1961449405460565, 'reg_alpha': 0.005688970793691639, 'reg_lambda': 0.9664531000507766}. Best is trial 10 with value: -0.05684579163419569.
[I 2023-07-23 03:30:43,776] Trial 19 finished with value: -0.07877062180472098 and parameters: {'max_depth': 4, 'learning_rate': 0.014763782999768313, 'n_estimators': 443, 'min_child_weight': 8, 'gamma': 0.1042362082538589, 'subsample': 0.491847985533813, 'colsample_bytree': 0.09362396265090284, 'reg_alpha': 0.18798279817495825, 'reg_lambda': 0.0004700787058405088}. Best is trial 10 with value: -0.05684579163419569.
[I 2023-07-23 03:31:04,543] Trial 20 finished with value: -0.05695348782940572 and parameters: {'max_depth': 5, 'learning_rate': 0.02403421163061534, 'n_estimators': 294, 'min_child_weight': 9, 'gamma': 0.19520541473602013, 'subsample': 0.08790104009570303, 'colsample_bytree': 0.32825215445240846, 'reg_alpha': 0.08838460119058873, 'reg_lambda': 7.436001060981253e-05}. Best is trial 10 with value: -0.05684579163419569.
[I 2023-07-23 03:31:25,471] Trial 21 finished with value: -0.05985429116928811 and parameters: {'max_depth': 5, 'learning_rate': 0.01717396576115816, 'n_estimators': 297, 'min_child_weight': 9, 'gamma': 0.13198038407451326, 'subsample': 0.08477267671276112, 'colsample_bytree': 0.3340502029775325, 'reg_alpha': 0.16234837640075925, 'reg_lambda': 6.656071330793427e-05}. Best is trial 10 with value: -0.05684579163419569.
[I 2023-07-23 03:31:44,321] Trial 22 finished with value: -0.05845581878341817 and parameters: {'max_depth': 5, 'learning_rate': 0.022830712673828035, 'n_estimators': 266, 'min_child_weight': 9, 'gamma': 0.18636952333349296, 'subsample': 0.10333943740432618, 'colsample_bytree': 0.3018733547706184, 'reg_alpha': 0.7148514631580681, 'reg_lambda': 3.5948006920510747e-06}. Best is trial 10 with value: -0.05684579163419569.
[I 2023-07-23 03:31:53,859] Trial 23 finished with value: -0.10377754641496204 and parameters: {'max_depth': 4, 'learning_rate': 0.014151129541756836, 'n_estimators': 172, 'min_child_weight': 8, 'gamma': 0.12966344710125602, 'subsample': 0.045738884975571714, 'colsample_bytree': 0.3549845752837616, 'reg_alpha': 0.009386964162569424, 'reg_lambda': 0.0003648011277781604}. Best is trial 10 with value: -0.05684579163419569.
[I 2023-07-23 03:32:15,282] Trial 24 finished with value: -0.05819266966139974 and parameters: {'max_depth': 5, 'learning_rate': 0.013057440519566985, 'n_estimators': 351, 'min_child_weight': 7, 'gamma': 0.19265802034688706, 'subsample': 0.0731326710976764, 'colsample_bytree': 0.49486555011434946, 'reg_alpha': 0.11964712429205486, 'reg_lambda': 0.0046739213866673285}. Best is trial 10 with value: -0.05684579163419569.
[I 2023-07-23 03:32:34,228] Trial 25 finished with value: -0.06370302208141385 and parameters: {'max_depth': 4, 'learning_rate': 0.014846494770662461, 'n_estimators': 365, 'min_child_weight': 7, 'gamma': 0.20885621674359864, 'subsample': 0.03453231271433236, 'colsample_bytree': 0.4810198646119454, 'reg_alpha': 0.055464487035585854, 'reg_lambda': 0.0069014791850656445}. Best is trial 10 with value: -0.05684579163419569.
[I 2023-07-23 03:32:52,648] Trial 26 finished with value: -0.06419469000526999 and parameters: {'max_depth': 5, 'learning_rate': 0.02222466736483843, 'n_estimators': 271, 'min_child_weight': 7, 'gamma': 0.19437080168335197, 'subsample': 0.07786932275871952, 'colsample_bytree': 0.19439253416987162, 'reg_alpha': 0.1460076103070394, 'reg_lambda': 0.00010194691350012537}. Best is trial 10 with value: -0.05684579163419569.
[I 2023-07-23 03:33:08,166] Trial 27 finished with value: -0.05931697211903133 and parameters: {'max_depth': 5, 'learning_rate': 0.030110131883388524, 'n_estimators': 228, 'min_child_weight': 6, 'gamma': 0.14128341357192922, 'subsample': 0.06089455516977339, 'colsample_bytree': 0.2492683683149804, 'reg_alpha': 0.02082434624549377, 'reg_lambda': 0.00495895896418035}. Best is trial 10 with value: -0.05684579163419569.
[I 2023-07-23 03:33:18,863] Trial 28 finished with value: -0.09342401469909092 and parameters: {'max_depth': 4, 'learning_rate': 0.013855234512452992, 'n_estimators': 190, 'min_child_weight': 9, 'gamma': 0.17376507174227343, 'subsample': 0.08007537856410234, 'colsample_bytree': 0.3505679027744945, 'reg_alpha': 0.0053276863256322155, 'reg_lambda': 0.0009448065937532787}. Best is trial 10 with value: -0.05684579163419569.
[I 2023-07-23 03:33:28,934] Trial 29 finished with value: -0.07606793620357252 and parameters: {'max_depth': 2, 'learning_rate': 0.02586811480902906, 'n_estimators': 296, 'min_child_weight': 5, 'gamma': 0.21509750105703265, 'subsample': 0.21294224051286964, 'colsample_bytree': 0.43827688422442224, 'reg_alpha': 0.18379570404789763, 'reg_lambda': 2.1900159517498564e-06}. Best is trial 10 with value: -0.05684579163419569.
Number of finished trials: 30
Best trial:
  Value: -0.05684579163419569
  Params: 
    max_depth: 5
    learning_rate: 0.010653537383171636
    n_estimators: 496
    min_child_weight: 8
    gamma: 0.10994214245046735
    subsample: 0.10307378244290831
    colsample_bytree: 0.42950430200173956
    reg_alpha: 0.7127211579160444
    reg_lambda: 0.00075253186086048
mean_squared_error:251.40
mean_absolute_error:11.50
percentage_error:6.31%
feature_importance: [('RealPower_-1d_0h', 982.0), ('dayofweek', 778.0), ('RealPower_-7d_0h', 663.0), ('RealPower_-1d_-1h', 610.0), ('dayofmonth', 592.0), ('month', 585.0), ('RealPower_-1d_1h', 550.0), ('RealPower_-7d_1h', 519.0), ('hour', 511.0), ('RealPower_-7d_-1h', 477.0), ('RealPower_-2d_0h', 465.0), ('RealPower_-6d_0h', 411.0), ('RealPower_-4d_0h', 375.0), ('RealPower_-6d_-1h', 375.0), ('RealPower_-2d_-1h', 364.0), ('is_holiday', 361.0), ('RealPower_-3d_0h', 359.0), ('RealPower_-3d_1h', 324.0), ('RealPower_-6d_1h', 323.0), ('RealPower_-4d_1h', 321.0), ('RealPower_-2d_1h', 318.0), ('RealPower_-5d_0h', 307.0), ('RealPower_-5d_1h', 283.0), ('RealPower_-5d_-1h', 283.0), ('RealPower_-3d_-1h', 268.0), ('RealPower_-4d_-1h', 253.0), ('quarter', 184.0), ('temp_-6h', 143.0), ('temp_min_-1h', 128.0), ('temp_min_-6h', 126.0), ('temp_max_-1h', 121.0), ('temp_-1h', 113.0), ('temp_-5h', 112.0), ('temp_max_-6h', 108.0), ('temp_min_-2h', 103.0), ('temp_-4h', 97.0), ('temp_max_-2h', 96.0), ('temp_min_-3h', 89.0), ('temp_min_-4h', 88.0), ('temp_max_-5h', 83.0), ('temp_-3h', 82.0), ('temp_min_-5h', 80.0), ('temp_-2h', 75.0), ('temp_max_-4h', 69.0), ('temp_max_-3h', 64.0)]
**************************************************
Fitting model for: Hopkins
**************************************************
[I 2023-07-23 03:33:52,551] A new study created in memory with name: no-name-d0080d2e-92a4-410f-a8b6-5b37f0081bdc
[I 2023-07-23 03:33:56,471] Trial 0 finished with value: -0.7126182633521285 and parameters: {'max_depth': 2, 'learning_rate': 0.05264425121382242, 'n_estimators': 6, 'min_child_weight': 8, 'gamma': 0.4348671233309953, 'subsample': 0.16250941361178806, 'colsample_bytree': 0.03918966406371143, 'reg_alpha': 1.5351584178005438e-05, 'reg_lambda': 0.8827203464246277}. Best is trial 0 with value: -0.7126182633521285.
[I 2023-07-23 03:34:06,340] Trial 1 finished with value: -0.05346689452294014 and parameters: {'max_depth': 1, 'learning_rate': 0.13073099932564108, 'n_estimators': 330, 'min_child_weight': 5, 'gamma': 0.2955754856653862, 'subsample': 0.04983621531009575, 'colsample_bytree': 0.11867121183856667, 'reg_alpha': 4.78934025846816e-07, 'reg_lambda': 0.16041837633089448}. Best is trial 1 with value: -0.05346689452294014.
[I 2023-07-23 03:34:17,953] Trial 2 finished with value: -0.0577931286693956 and parameters: {'max_depth': 1, 'learning_rate': 0.04484543948583762, 'n_estimators': 436, 'min_child_weight': 10, 'gamma': 0.35408278711448093, 'subsample': 0.014847314506479217, 'colsample_bytree': 0.01915767139789425, 'reg_alpha': 0.004397809164988687, 'reg_lambda': 1.9431105887572395e-08}. Best is trial 1 with value: -0.05346689452294014.
[I 2023-07-23 03:34:33,627] Trial 3 finished with value: -0.05643671935039796 and parameters: {'max_depth': 2, 'learning_rate': 0.011368166925514797, 'n_estimators': 496, 'min_child_weight': 5, 'gamma': 0.1943988980184952, 'subsample': 0.03692296592839838, 'colsample_bytree': 0.04496019556229756, 'reg_alpha': 2.3876082495012896e-05, 'reg_lambda': 3.388810994454564e-07}. Best is trial 1 with value: -0.05346689452294014.
[I 2023-07-23 03:34:43,403] Trial 4 finished with value: -0.04797727503876782 and parameters: {'max_depth': 4, 'learning_rate': 0.021220255586405393, 'n_estimators': 188, 'min_child_weight': 6, 'gamma': 0.3541975752358833, 'subsample': 0.2618530280841486, 'colsample_bytree': 0.22470661813642104, 'reg_alpha': 1.3679710849778585e-06, 'reg_lambda': 0.10133882461353408}. Best is trial 4 with value: -0.04797727503876782.
[I 2023-07-23 03:35:08,467] Trial 5 finished with value: -0.05092414477376874 and parameters: {'max_depth': 5, 'learning_rate': 0.31759731873045133, 'n_estimators': 433, 'min_child_weight': 5, 'gamma': 0.25905264473801703, 'subsample': 0.1596639688763561, 'colsample_bytree': 0.23392372014615279, 'reg_alpha': 0.0005583508822125726, 'reg_lambda': 0.026453202704867528}. Best is trial 4 with value: -0.04797727503876782.
[I 2023-07-23 03:35:11,536] Trial 6 finished with value: -0.053402153579308206 and parameters: {'max_depth': 2, 'learning_rate': 0.09316618372520825, 'n_estimators': 80, 'min_child_weight': 9, 'gamma': 0.23110849248067386, 'subsample': 0.010076598305020012, 'colsample_bytree': 0.1298630343887729, 'reg_alpha': 0.005180008690546704, 'reg_lambda': 0.0005687955279944748}. Best is trial 4 with value: -0.04797727503876782.
[I 2023-07-23 03:35:18,173] Trial 7 finished with value: -0.0507722403383993 and parameters: {'max_depth': 2, 'learning_rate': 0.07644093355736678, 'n_estimators': 203, 'min_child_weight': 5, 'gamma': 0.1332058344953268, 'subsample': 0.02167934855741664, 'colsample_bytree': 0.4077085370025441, 'reg_alpha': 4.267052089088983e-05, 'reg_lambda': 0.6658178763071252}. Best is trial 4 with value: -0.04797727503876782.
[I 2023-07-23 03:35:42,453] Trial 8 finished with value: -0.04550019879456945 and parameters: {'max_depth': 5, 'learning_rate': 0.2386271309153272, 'n_estimators': 427, 'min_child_weight': 9, 'gamma': 0.13280125612919363, 'subsample': 0.20254388599787979, 'colsample_bytree': 0.09978204602496786, 'reg_alpha': 0.1650267191966936, 'reg_lambda': 5.300439851497914e-06}. Best is trial 8 with value: -0.04550019879456945.
[I 2023-07-23 03:35:53,309] Trial 9 finished with value: -0.050181439980087915 and parameters: {'max_depth': 2, 'learning_rate': 0.01815230975988956, 'n_estimators': 325, 'min_child_weight': 6, 'gamma': 0.7116222655323049, 'subsample': 0.3818928999522334, 'colsample_bytree': 0.33309000382303217, 'reg_alpha': 0.0004988664785733774, 'reg_lambda': 0.004151115512606402}. Best is trial 8 with value: -0.04550019879456945.
[I 2023-07-23 03:36:10,639] Trial 10 finished with value: -0.063187915495132 and parameters: {'max_depth': 5, 'learning_rate': 0.49770738636637885, 'n_estimators': 323, 'min_child_weight': 10, 'gamma': 0.11422492597269895, 'subsample': 0.09576551219645815, 'colsample_bytree': 0.010107507371377453, 'reg_alpha': 0.13975596445452523, 'reg_lambda': 9.375981140380017e-06}. Best is trial 8 with value: -0.04550019879456945.
[I 2023-07-23 03:36:20,247] Trial 11 finished with value: -0.04783038109467473 and parameters: {'max_depth': 4, 'learning_rate': 0.02604307501237861, 'n_estimators': 184, 'min_child_weight': 7, 'gamma': 0.10257333770696567, 'subsample': 0.47338725374173146, 'colsample_bytree': 0.16774263745694384, 'reg_alpha': 0.6715747265122318, 'reg_lambda': 2.8178872494446547e-05}. Best is trial 8 with value: -0.04550019879456945.
[I 2023-07-23 03:36:27,450] Trial 12 finished with value: -0.046523053612844575 and parameters: {'max_depth': 4, 'learning_rate': 0.21048292106085756, 'n_estimators': 141, 'min_child_weight': 8, 'gamma': 0.10530077483073781, 'subsample': 0.36976081756949913, 'colsample_bytree': 0.0975175463299172, 'reg_alpha': 0.4816716525682727, 'reg_lambda': 1.9169844166169552e-05}. Best is trial 8 with value: -0.04550019879456945.
[I 2023-07-23 03:36:34,041] Trial 13 finished with value: -0.04887447624605713 and parameters: {'max_depth': 4, 'learning_rate': 0.19381524855409035, 'n_estimators': 112, 'min_child_weight': 8, 'gamma': 0.15550589328315315, 'subsample': 0.24999147667919422, 'colsample_bytree': 0.07885035309880295, 'reg_alpha': 0.08424917544490436, 'reg_lambda': 3.6892169860286943e-06}. Best is trial 8 with value: -0.04550019879456945.
[I 2023-07-23 03:36:49,941] Trial 14 finished with value: -0.04969756882263987 and parameters: {'max_depth': 5, 'learning_rate': 0.2110250041185722, 'n_estimators': 269, 'min_child_weight': 9, 'gamma': 0.1605173487430684, 'subsample': 0.099123621642308, 'colsample_bytree': 0.07957091137871415, 'reg_alpha': 0.9769109852546208, 'reg_lambda': 0.00018834916478403509}. Best is trial 8 with value: -0.04550019879456945.
[I 2023-07-23 03:36:54,933] Trial 15 finished with value: -0.05147472503493568 and parameters: {'max_depth': 3, 'learning_rate': 0.1664601039565049, 'n_estimators': 109, 'min_child_weight': 9, 'gamma': 0.10009086846454225, 'subsample': 0.4669857644063193, 'colsample_bytree': 0.05115179572282095, 'reg_alpha': 2.0944224036005558e-08, 'reg_lambda': 1.271104041191087e-06}. Best is trial 8 with value: -0.04550019879456945.
[I 2023-07-23 03:37:13,407] Trial 16 finished with value: -0.045056027861275175 and parameters: {'max_depth': 4, 'learning_rate': 0.28545623924013325, 'n_estimators': 407, 'min_child_weight': 7, 'gamma': 0.136653937095544, 'subsample': 0.2519794647655342, 'colsample_bytree': 0.11848279523926732, 'reg_alpha': 0.023925435945138372, 'reg_lambda': 5.2434410140333615e-05}. Best is trial 16 with value: -0.045056027861275175.
[I 2023-07-23 03:37:29,167] Trial 17 finished with value: -0.048823402637207504 and parameters: {'max_depth': 3, 'learning_rate': 0.36181059812885347, 'n_estimators': 396, 'min_child_weight': 7, 'gamma': 0.19103401612448906, 'subsample': 0.16608477688859713, 'colsample_bytree': 0.1459148446489478, 'reg_alpha': 0.022461054341208465, 'reg_lambda': 0.0005483677342700929}. Best is trial 16 with value: -0.045056027861275175.
[I 2023-07-23 03:37:58,551] Trial 18 finished with value: -0.04595531171063531 and parameters: {'max_depth': 5, 'learning_rate': 0.12208277711094283, 'n_estimators': 498, 'min_child_weight': 7, 'gamma': 0.13959774496524568, 'subsample': 0.24651941938393473, 'colsample_bytree': 0.0621828902378028, 'reg_alpha': 0.02821090847246882, 'reg_lambda': 5.9508708231235824e-05}. Best is trial 16 with value: -0.045056027861275175.
[I 2023-07-23 03:38:16,332] Trial 19 finished with value: -0.053295664291501135 and parameters: {'max_depth': 4, 'learning_rate': 0.2926199424513781, 'n_estimators': 387, 'min_child_weight': 6, 'gamma': 0.18868990428001045, 'subsample': 0.08618635583646682, 'colsample_bytree': 0.2039812735980401, 'reg_alpha': 0.005332782224534921, 'reg_lambda': 6.063108704291929e-07}. Best is trial 16 with value: -0.045056027861275175.
[I 2023-07-23 03:38:31,492] Trial 20 finished with value: -0.06199300186668035 and parameters: {'max_depth': 5, 'learning_rate': 0.45733976679280486, 'n_estimators': 287, 'min_child_weight': 9, 'gamma': 0.13898557989923446, 'subsample': 0.12516732813492737, 'colsample_bytree': 0.1056755903426281, 'reg_alpha': 0.10240775631847526, 'reg_lambda': 9.4179404726967e-05}. Best is trial 16 with value: -0.045056027861275175.
[I 2023-07-23 03:38:56,949] Trial 21 finished with value: -0.04585988231236774 and parameters: {'max_depth': 5, 'learning_rate': 0.1188484012773042, 'n_estimators': 499, 'min_child_weight': 7, 'gamma': 0.13516154956304968, 'subsample': 0.25487194938005175, 'colsample_bytree': 0.0634726857953022, 'reg_alpha': 0.030582723172899184, 'reg_lambda': 4.384221742727984e-05}. Best is trial 16 with value: -0.045056027861275175.
[I 2023-07-23 03:39:23,114] Trial 22 finished with value: -0.04603031613674759 and parameters: {'max_depth': 5, 'learning_rate': 0.2522306146924582, 'n_estimators': 447, 'min_child_weight': 7, 'gamma': 0.12867442934988726, 'subsample': 0.22640577523786845, 'colsample_bytree': 0.06771359226514827, 'reg_alpha': 0.022246689505113514, 'reg_lambda': 6.220642527582269e-06}. Best is trial 16 with value: -0.045056027861275175.
[I 2023-07-23 03:39:41,536] Trial 23 finished with value: -0.0522333858944309 and parameters: {'max_depth': 4, 'learning_rate': 0.16049975811594544, 'n_estimators': 382, 'min_child_weight': 8, 'gamma': 0.16495049531422132, 'subsample': 0.30746152731272, 'colsample_bytree': 0.032447454305188625, 'reg_alpha': 0.19039488368482022, 'reg_lambda': 0.0003723253208076968}. Best is trial 16 with value: -0.045056027861275175.
[I 2023-07-23 03:40:09,875] Trial 24 finished with value: -0.04653804153675904 and parameters: {'max_depth': 5, 'learning_rate': 0.26682928946848705, 'n_estimators': 473, 'min_child_weight': 6, 'gamma': 0.12242254720616381, 'subsample': 0.2064976845477435, 'colsample_bytree': 0.09820170940067972, 'reg_alpha': 0.0008247209530939462, 'reg_lambda': 3.675328721532231e-05}. Best is trial 16 with value: -0.045056027861275175.
[I 2023-07-23 03:40:26,915] Trial 25 finished with value: -0.04301464573035209 and parameters: {'max_depth': 4, 'learning_rate': 0.12865861105932144, 'n_estimators': 366, 'min_child_weight': 7, 'gamma': 0.12160833962085638, 'subsample': 0.3199301645598656, 'colsample_bytree': 0.1561461332646975, 'reg_alpha': 0.07009891381270666, 'reg_lambda': 0.0030282164163103666}. Best is trial 25 with value: -0.04301464573035209.
[I 2023-07-23 03:40:40,391] Trial 26 finished with value: -0.045040650359333134 and parameters: {'max_depth': 3, 'learning_rate': 0.15588741362519482, 'n_estimators': 355, 'min_child_weight': 8, 'gamma': 0.11742810111869295, 'subsample': 0.3422400259470228, 'colsample_bytree': 0.15345535979284872, 'reg_alpha': 0.31385852463073705, 'reg_lambda': 0.0025154307438906534}. Best is trial 25 with value: -0.04301464573035209.
[I 2023-07-23 03:40:54,597] Trial 27 finished with value: -0.045363021256629874 and parameters: {'max_depth': 3, 'learning_rate': 0.09422840356817716, 'n_estimators': 357, 'min_child_weight': 8, 'gamma': 0.10044144484901464, 'subsample': 0.33044595135286514, 'colsample_bytree': 0.17068017831576152, 'reg_alpha': 0.8776942790007091, 'reg_lambda': 0.0014377062223378332}. Best is trial 25 with value: -0.04301464573035209.
[I 2023-07-23 03:41:04,337] Trial 28 finished with value: -0.04468165200409129 and parameters: {'max_depth': 3, 'learning_rate': 0.16210324614962396, 'n_estimators': 232, 'min_child_weight': 7, 'gamma': 0.11711253715241242, 'subsample': 0.4516454634898821, 'colsample_bytree': 0.29232009645453094, 'reg_alpha': 0.0074596471937971994, 'reg_lambda': 0.006245292655950898}. Best is trial 25 with value: -0.04301464573035209.
