[I 2023-07-23 02:27:42,795] Trial 29 finished with value: -0.05449663717671259 and parameters: {'max_depth': 4, 'learning_rate': 0.08236813648970202, 'n_estimators': 392, 'min_child_weight': 5, 'gamma': 0.38935960572415534, 'subsample': 0.14416839315795543, 'colsample_bytree': 0.14128483569476855, 'reg_alpha': 1.8109761659512927e-06, 'reg_lambda': 4.393188824275322e-05}. Best is trial 28 with value: -0.04885170852623498.
Number of finished trials: 30
Best trial:
  Value: -0.04885170852623498
  Params: 
    max_depth: 5
    learning_rate: 0.060561684718502345
    n_estimators: 309
    min_child_weight: 6
    gamma: 0.41196131655188944
    subsample: 0.14857902467446082
    colsample_bytree: 0.29455284419364497
    reg_alpha: 3.6863721592362505e-08
    reg_lambda: 1.1355565080479114e-05
mean_squared_error:236.53
mean_absolute_error:11.24
percentage_error:6.15%
feature_importance: [('RealPower_-1d_0h', 377.0), ('dayofmonth', 368.0), ('RealPower_-7d_0h', 295.0), ('RealPower_-7d_-1h', 294.0), ('month', 286.0), ('RealPower_-1d_-1h', 280.0), ('RealPower_-2d_0h', 276.0), ('RealPower_-7d_1h', 264.0), ('dayofweek', 247.0), ('RealPower_-1d_1h', 245.0), ('RealPower_-3d_0h', 242.0), ('RealPower_-6d_0h', 242.0), ('RealPower_-2d_-1h', 237.0), ('RealPower_-4d_0h', 234.0), ('RealPower_-4d_-1h', 231.0), ('RealPower_-5d_0h', 228.0), ('RealPower_-6d_-1h', 225.0), ('RealPower_-3d_1h', 224.0), ('RealPower_-2d_1h', 213.0), ('RealPower_-5d_1h', 197.0), ('hour', 192.0), ('RealPower_-3d_-1h', 185.0), ('RealPower_-4d_1h', 183.0), ('RealPower_-6d_1h', 177.0), ('RealPower_-5d_-1h', 172.0), ('temp_min_-6h', 138.0), ('temp_-1h', 132.0), ('temp_min_-1h', 126.0), ('quarter', 117.0), ('temp_max_-1h', 114.0), ('temp_-4h', 114.0), ('temp_min_-4h', 114.0), ('temp_max_-4h', 113.0), ('temp_-2h', 113.0), ('temp_-6h', 113.0), ('temp_max_-6h', 112.0), ('temp_-5h', 111.0), ('temp_max_-2h', 102.0), ('temp_-3h', 97.0), ('temp_max_-3h', 94.0), ('temp_min_-2h', 92.0), ('temp_min_-5h', 92.0), ('temp_max_-5h', 90.0), ('is_holiday', 89.0), ('temp_min_-3h', 83.0)]
**************************************************
Fitting model for: Hopkins
**************************************************
[I 2023-07-23 02:27:58,958] A new study created in memory with name: no-name-34704804-7d77-48c4-8897-9b3b076bf142
[I 2023-07-23 02:28:01,878] Trial 0 finished with value: -0.058211804689003596 and parameters: {'max_depth': 1, 'learning_rate': 0.21822966257325468, 'n_estimators': 98, 'min_child_weight': 9, 'gamma': 0.4426751908231238, 'subsample': 0.1850432408201739, 'colsample_bytree': 0.03448032616910253, 'reg_alpha': 0.34123346634622365, 'reg_lambda': 1.3019054908517495e-08}. Best is trial 0 with value: -0.058211804689003596.
[I 2023-07-23 02:28:20,179] Trial 1 finished with value: -0.05252659362820561 and parameters: {'max_depth': 4, 'learning_rate': 0.18490294368402438, 'n_estimators': 410, 'min_child_weight': 7, 'gamma': 0.16758432343585952, 'subsample': 0.21584989587753053, 'colsample_bytree': 0.022322377670072523, 'reg_alpha': 0.002119323456403761, 'reg_lambda': 0.0019093754557592843}. Best is trial 1 with value: -0.05252659362820561.
[I 2023-07-23 02:28:27,647] Trial 2 finished with value: -0.08919913527523757 and parameters: {'max_depth': 4, 'learning_rate': 0.01566556970479643, 'n_estimators': 154, 'min_child_weight': 9, 'gamma': 0.1313732093442352, 'subsample': 0.027966109508316624, 'colsample_bytree': 0.03582756864276178, 'reg_alpha': 0.0009771967490319578, 'reg_lambda': 1.8607428869496426e-08}. Best is trial 1 with value: -0.05252659362820561.
[I 2023-07-23 02:28:39,502] Trial 3 finished with value: -0.05347241338956258 and parameters: {'max_depth': 4, 'learning_rate': 0.1343636532434169, 'n_estimators': 235, 'min_child_weight': 7, 'gamma': 0.5853945260231234, 'subsample': 0.2015731599144777, 'colsample_bytree': 0.026355079346636237, 'reg_alpha': 0.00020473580638283946, 'reg_lambda': 2.62088289221062e-06}. Best is trial 1 with value: -0.05252659362820561.
[I 2023-07-23 02:28:48,472] Trial 4 finished with value: -0.06062167664987715 and parameters: {'max_depth': 5, 'learning_rate': 0.028438146926895634, 'n_estimators': 132, 'min_child_weight': 6, 'gamma': 0.11009946773364314, 'subsample': 0.4700917636381522, 'colsample_bytree': 0.03225741690510936, 'reg_alpha': 7.256805736658268e-05, 'reg_lambda': 0.14829588659040982}. Best is trial 1 with value: -0.05252659362820561.
[I 2023-07-23 02:28:54,204] Trial 5 finished with value: -0.05464189854898828 and parameters: {'max_depth': 3, 'learning_rate': 0.2327222190678753, 'n_estimators': 136, 'min_child_weight': 10, 'gamma': 0.5137436289474423, 'subsample': 0.2506781767757474, 'colsample_bytree': 0.012007333591276386, 'reg_alpha': 0.0009530783306899615, 'reg_lambda': 0.00013749192984885986}. Best is trial 1 with value: -0.05252659362820561.
[I 2023-07-23 02:29:01,809] Trial 6 finished with value: -0.05164726014004454 and parameters: {'max_depth': 3, 'learning_rate': 0.44664803288113153, 'n_estimators': 198, 'min_child_weight': 8, 'gamma': 0.21196904330972985, 'subsample': 0.1296445254069968, 'colsample_bytree': 0.11989425524836152, 'reg_alpha': 0.03348372512346941, 'reg_lambda': 1.128386708954283e-06}. Best is trial 6 with value: -0.05164726014004454.
[I 2023-07-23 02:29:18,927] Trial 7 finished with value: -0.05551849651332619 and parameters: {'max_depth': 4, 'learning_rate': 0.1081356915294262, 'n_estimators': 437, 'min_child_weight': 8, 'gamma': 0.13857376178376668, 'subsample': 0.018285307377752084, 'colsample_bytree': 0.041472999682543414, 'reg_alpha': 0.3863642349597317, 'reg_lambda': 3.051876771774446e-07}. Best is trial 6 with value: -0.05164726014004454.
[I 2023-07-23 02:29:37,502] Trial 8 finished with value: -0.05306070344363316 and parameters: {'max_depth': 5, 'learning_rate': 0.18914266536900992, 'n_estimators': 332, 'min_child_weight': 9, 'gamma': 0.3237665380250942, 'subsample': 0.05321787391699688, 'colsample_bytree': 0.08454485965599516, 'reg_alpha': 0.003058842730741918, 'reg_lambda': 2.8133328013515105e-08}. Best is trial 6 with value: -0.05164726014004454.
[I 2023-07-23 02:29:47,151] Trial 9 finished with value: -0.0546067080119963 and parameters: {'max_depth': 4, 'learning_rate': 0.1109712715272391, 'n_estimators': 198, 'min_child_weight': 8, 'gamma': 0.48996565670237974, 'subsample': 0.24333648312149173, 'colsample_bytree': 0.014957243200323761, 'reg_alpha': 1.3902512241065155e-08, 'reg_lambda': 0.005876109778644689}. Best is trial 6 with value: -0.05164726014004454.
[I 2023-07-23 02:29:48,556] Trial 10 finished with value: -0.057933850715584566 and parameters: {'max_depth': 2, 'learning_rate': 0.49803432705845696, 'n_estimators': 7, 'min_child_weight': 5, 'gamma': 0.8013340149872535, 'subsample': 0.07805849063567404, 'colsample_bytree': 0.1922186435584406, 'reg_alpha': 0.0314371789206878, 'reg_lambda': 1.6412135930773102e-05}. Best is trial 6 with value: -0.05164726014004454.
[I 2023-07-23 02:30:01,627] Trial 11 finished with value: -0.056016512236547356 and parameters: {'max_depth': 3, 'learning_rate': 0.44402350435638227, 'n_estimators': 345, 'min_child_weight': 7, 'gamma': 0.20089223829461708, 'subsample': 0.1006363946969089, 'colsample_bytree': 0.41391986437693873, 'reg_alpha': 0.02032577097586349, 'reg_lambda': 0.00035847578190505153}. Best is trial 6 with value: -0.05164726014004454.
[I 2023-07-23 02:30:16,644] Trial 12 finished with value: -0.05089952957020004 and parameters: {'max_depth': 2, 'learning_rate': 0.34304682133483183, 'n_estimators': 495, 'min_child_weight': 6, 'gamma': 0.21988812062917606, 'subsample': 0.12390554956823421, 'colsample_bytree': 0.08843131252663317, 'reg_alpha': 1.4746819233789143e-05, 'reg_lambda': 0.0016574057186924417}. Best is trial 12 with value: -0.05089952957020004.
[I 2023-07-23 02:30:32,301] Trial 13 finished with value: -0.05131137900283393 and parameters: {'max_depth': 2, 'learning_rate': 0.35856965743482, 'n_estimators': 494, 'min_child_weight': 5, 'gamma': 0.2318301109282241, 'subsample': 0.10296706954353628, 'colsample_bytree': 0.10064954121827233, 'reg_alpha': 1.4143784758684881e-05, 'reg_lambda': 6.349599378361113e-06}. Best is trial 12 with value: -0.05089952957020004.
[I 2023-07-23 02:30:44,892] Trial 14 finished with value: -0.05324064290321766 and parameters: {'max_depth': 1, 'learning_rate': 0.06698122903750839, 'n_estimators': 497, 'min_child_weight': 5, 'gamma': 0.25518242386632806, 'subsample': 0.056958618084776716, 'colsample_bytree': 0.061649223368982826, 'reg_alpha': 7.315948196641457e-06, 'reg_lambda': 2.3977628521708564e-05}. Best is trial 12 with value: -0.05089952957020004.
[I 2023-07-23 02:31:00,808] Trial 15 finished with value: -0.05322963814038095 and parameters: {'max_depth': 2, 'learning_rate': 0.28854075081987207, 'n_estimators': 496, 'min_child_weight': 6, 'gamma': 0.3124596060612259, 'subsample': 0.04087243888311591, 'colsample_bytree': 0.16019464527787255, 'reg_alpha': 3.5283652827558672e-06, 'reg_lambda': 0.05097954758770387}. Best is trial 12 with value: -0.05089952957020004.
[I 2023-07-23 02:31:11,328] Trial 16 finished with value: -0.06819207749594165 and parameters: {'max_depth': 2, 'learning_rate': 0.35138310413304913, 'n_estimators': 317, 'min_child_weight': 6, 'gamma': 0.18153434050762146, 'subsample': 0.011427374461390692, 'colsample_bytree': 0.05940910463423601, 'reg_alpha': 1.7119458393103739e-06, 'reg_lambda': 0.0017378689707631205}. Best is trial 12 with value: -0.05089952957020004.
[I 2023-07-23 02:31:23,732] Trial 17 finished with value: -0.05107904553998889 and parameters: {'max_depth': 2, 'learning_rate': 0.3090081054498571, 'n_estimators': 416, 'min_child_weight': 5, 'gamma': 0.2620833968621936, 'subsample': 0.08768938619163014, 'colsample_bytree': 0.09114979117007224, 'reg_alpha': 1.8718112043979474e-05, 'reg_lambda': 3.3699534465670604e-05}. Best is trial 12 with value: -0.05089952957020004.
[I 2023-07-23 02:31:34,614] Trial 18 finished with value: -0.05338022361265673 and parameters: {'max_depth': 1, 'learning_rate': 0.06653098927930194, 'n_estimators': 406, 'min_child_weight': 6, 'gamma': 0.3047402442343997, 'subsample': 0.07186736818714465, 'colsample_bytree': 0.05833979327560729, 'reg_alpha': 4.565898404850534e-07, 'reg_lambda': 0.9093227597838385}. Best is trial 12 with value: -0.05089952957020004.
[I 2023-07-23 02:31:44,506] Trial 19 finished with value: -0.05509488709290187 and parameters: {'max_depth': 2, 'learning_rate': 0.2956497804097604, 'n_estimators': 435, 'min_child_weight': 5, 'gamma': 0.2842069790629049, 'subsample': 0.03574420087898465, 'colsample_bytree': 0.21637544100863104, 'reg_alpha': 3.518506615064359e-05, 'reg_lambda': 6.920818947284814e-05}. Best is trial 12 with value: -0.05089952957020004.
[I 2023-07-23 02:31:58,284] Trial 20 finished with value: -0.04686119326040765 and parameters: {'max_depth': 3, 'learning_rate': 0.15058481591080455, 'n_estimators': 372, 'min_child_weight': 6, 'gamma': 0.1611915797036524, 'subsample': 0.13449070302113653, 'colsample_bytree': 0.12140770686793506, 'reg_alpha': 4.934660987118445e-07, 'reg_lambda': 0.0003079039436097051}. Best is trial 20 with value: -0.04686119326040765.
[I 2023-07-23 02:32:10,994] Trial 21 finished with value: -0.047172043597004054 and parameters: {'max_depth': 3, 'learning_rate': 0.14912092037906927, 'n_estimators': 367, 'min_child_weight': 6, 'gamma': 0.1641150902499082, 'subsample': 0.13076860689303155, 'colsample_bytree': 0.12416173245757438, 'reg_alpha': 3.059587417507802e-07, 'reg_lambda': 0.00032657710955683484}. Best is trial 20 with value: -0.04686119326040765.
[I 2023-07-23 02:32:21,318] Trial 22 finished with value: -0.046755118870189225 and parameters: {'max_depth': 3, 'learning_rate': 0.16300814507732686, 'n_estimators': 278, 'min_child_weight': 6, 'gamma': 0.15940199593343846, 'subsample': 0.14141585594472536, 'colsample_bytree': 0.1414965435695983, 'reg_alpha': 2.1466292996223374e-07, 'reg_lambda': 0.0004003230509927879}. Best is trial 22 with value: -0.046755118870189225.
[I 2023-07-23 02:32:31,966] Trial 23 finished with value: -0.046705264331926274 and parameters: {'max_depth': 3, 'learning_rate': 0.12991688137290436, 'n_estimators': 287, 'min_child_weight': 7, 'gamma': 0.1578036963513141, 'subsample': 0.1293167835766091, 'colsample_bytree': 0.134570563799624, 'reg_alpha': 1.8806773046058416e-07, 'reg_lambda': 0.00021053699960419344}. Best is trial 23 with value: -0.046705264331926274.
[I 2023-07-23 02:32:42,873] Trial 24 finished with value: -0.046240997802086715 and parameters: {'max_depth': 3, 'learning_rate': 0.0856100795689544, 'n_estimators': 279, 'min_child_weight': 7, 'gamma': 0.10277872727956938, 'subsample': 0.15831116211985347, 'colsample_bytree': 0.2519302777930774, 'reg_alpha': 5.101527957295382e-08, 'reg_lambda': 0.00016646512639854864}. Best is trial 24 with value: -0.046240997802086715.
[I 2023-07-23 02:32:53,813] Trial 25 finished with value: -0.04551004740930681 and parameters: {'max_depth': 3, 'learning_rate': 0.08426920034237922, 'n_estimators': 284, 'min_child_weight': 7, 'gamma': 0.10331556621929354, 'subsample': 0.33971677002169465, 'colsample_bytree': 0.2751703346471505, 'reg_alpha': 3.2484069620213175e-08, 'reg_lambda': 7.616758356844028e-05}. Best is trial 25 with value: -0.04551004740930681.
[I 2023-07-23 02:33:04,307] Trial 26 finished with value: -0.045451952587309566 and parameters: {'max_depth': 3, 'learning_rate': 0.09109604655254104, 'n_estimators': 285, 'min_child_weight': 7, 'gamma': 0.10136083077364459, 'subsample': 0.29751326216396473, 'colsample_bytree': 0.2722320340066605, 'reg_alpha': 1.0457381335061888e-08, 'reg_lambda': 5.696272315672341e-05}. Best is trial 26 with value: -0.045451952587309566.
[I 2023-07-23 02:33:16,404] Trial 27 finished with value: -0.04393917972607876 and parameters: {'max_depth': 4, 'learning_rate': 0.07855865288942447, 'n_estimators': 245, 'min_child_weight': 7, 'gamma': 0.1003973709277608, 'subsample': 0.30471227556999547, 'colsample_bytree': 0.31085298278995255, 'reg_alpha': 1.3897646288695715e-08, 'reg_lambda': 6.243717448793139e-05}. Best is trial 27 with value: -0.04393917972607876.
[I 2023-07-23 02:33:31,601] Trial 28 finished with value: -0.04314053236054064 and parameters: {'max_depth': 5, 'learning_rate': 0.04698508202765069, 'n_estimators': 223, 'min_child_weight': 8, 'gamma': 0.10093980465570411, 'subsample': 0.3575705103067713, 'colsample_bytree': 0.35618219361758185, 'reg_alpha': 1.0098686087198162e-08, 'reg_lambda': 1.9764131200424334e-05}. Best is trial 28 with value: -0.04314053236054064.
[I 2023-07-23 02:33:47,617] Trial 29 finished with value: -0.042372583346569445 and parameters: {'max_depth': 5, 'learning_rate': 0.05000990724135098, 'n_estimators': 230, 'min_child_weight': 8, 'gamma': 0.12311056261150088, 'subsample': 0.4848248924261998, 'colsample_bytree': 0.4853157076255529, 'reg_alpha': 1.6174003771701987e-08, 'reg_lambda': 8.297361142541326e-06}. Best is trial 29 with value: -0.042372583346569445.
Number of finished trials: 30
Best trial:
  Value: -0.042372583346569445
  Params: 
    max_depth: 5
    learning_rate: 0.05000990724135098
    n_estimators: 230
    min_child_weight: 8
    gamma: 0.12311056261150088
    subsample: 0.4848248924261998
    colsample_bytree: 0.4853157076255529
    reg_alpha: 1.6174003771701987e-08
    reg_lambda: 8.297361142541326e-06
mean_squared_error:41.44
mean_absolute_error:4.42
percentage_error:7.50%
feature_importance: [('dayofmonth', 290.0), ('RealPower_-1d_0h', 271.0), ('RealPower_-7d_-1h', 245.0), ('RealPower_-7d_0h', 237.0), ('hour', 222.0), ('RealPower_-2d_0h', 222.0), ('RealPower_-6d_0h', 217.0), ('RealPower_-7d_1h', 208.0), ('RealPower_-4d_0h', 204.0), ('RealPower_-5d_0h', 203.0), ('RealPower_-4d_-1h', 194.0), ('RealPower_-6d_-1h', 193.0), ('month', 186.0), ('RealPower_-3d_0h', 179.0), ('dayofweek', 177.0), ('RealPower_-1d_-1h', 173.0), ('RealPower_-4d_1h', 167.0), ('RealPower_-3d_1h', 165.0), ('RealPower_-2d_1h', 163.0), ('RealPower_-1d_1h', 162.0), ('RealPower_-6d_1h', 157.0), ('RealPower_-2d_-1h', 157.0), ('RealPower_-3d_-1h', 150.0), ('RealPower_-5d_1h', 148.0), ('RealPower_-5d_-1h', 143.0), ('is_holiday', 107.0), ('temp_-1h', 103.0), ('temp_max_-1h', 94.0), ('temp_min_-6h', 94.0), ('temp_min_-1h', 87.0), ('temp_-6h', 81.0), ('temp_max_-5h', 79.0), ('temp_-2h', 79.0), ('temp_min_-4h', 77.0), ('temp_max_-6h', 74.0), ('temp_-5h', 74.0), ('temp_min_-2h', 73.0), ('temp_-3h', 71.0), ('temp_-4h', 67.0), ('temp_max_-2h', 64.0), ('temp_min_-3h', 63.0), ('temp_max_-3h', 59.0), ('temp_max_-4h', 58.0), ('temp_min_-5h', 47.0), ('quarter', 41.0)]
**************************************************
Fitting model for: Mandeville
**************************************************
[I 2023-07-23 02:34:02,658] A new study created in memory with name: no-name-698cc319-c120-4457-84a9-1e03fa1f49ba
[I 2023-07-23 02:34:18,123] Trial 0 finished with value: -0.11525577399439764 and parameters: {'max_depth': 5, 'learning_rate': 0.4923548760062051, 'n_estimators': 248, 'min_child_weight': 8, 'gamma': 0.2807344983991347, 'subsample': 0.13330716735772885, 'colsample_bytree': 0.47379125129000804, 'reg_alpha': 0.059891086154992106, 'reg_lambda': 0.18791178151303894}. Best is trial 0 with value: -0.11525577399439764.
[I 2023-07-23 02:34:28,314] Trial 1 finished with value: -0.12518732850517894 and parameters: {'max_depth': 1, 'learning_rate': 0.13890289608876485, 'n_estimators': 417, 'min_child_weight': 8, 'gamma': 0.2742974946965711, 'subsample': 0.03816699542125343, 'colsample_bytree': 0.06886254289594408, 'reg_alpha': 0.025198089021009343, 'reg_lambda': 1.2386385735768122e-05}. Best is trial 0 with value: -0.11525577399439764.
[I 2023-07-23 02:34:30,766] Trial 2 finished with value: -0.18921020492608326 and parameters: {'max_depth': 1, 'learning_rate': 0.06637993233267647, 'n_estimators': 62, 'min_child_weight': 8, 'gamma': 0.16949191386479665, 'subsample': 0.3405847656406733, 'colsample_bytree': 0.03001091376477527, 'reg_alpha': 0.37494910205456633, 'reg_lambda': 0.002196330015562738}. Best is trial 0 with value: -0.11525577399439764.
[I 2023-07-23 02:34:51,490] Trial 3 finished with value: -0.11711305143859348 and parameters: {'max_depth': 5, 'learning_rate': 0.044143554392768514, 'n_estimators': 333, 'min_child_weight': 6, 'gamma': 0.32939133589116437, 'subsample': 0.07251342645995577, 'colsample_bytree': 0.054891469103812644, 'reg_alpha': 7.897674498390086e-05, 'reg_lambda': 1.1558450728477054e-05}. Best is trial 0 with value: -0.11525577399439764.
[I 2023-07-23 02:34:53,337] Trial 4 finished with value: -0.18362832550899796 and parameters: {'max_depth': 5, 'learning_rate': 0.25196199000106545, 'n_estimators': 12, 'min_child_weight': 9, 'gamma': 0.6662283182886602, 'subsample': 0.026817871294623426, 'colsample_bytree': 0.017884000649117406, 'reg_alpha': 2.906642062968542e-06, 'reg_lambda': 1.1537901344637573e-08}. Best is trial 0 with value: -0.11525577399439764.
[I 2023-07-23 02:35:07,248] Trial 5 finished with value: -0.14844632702775343 and parameters: {'max_depth': 4, 'learning_rate': 0.2750574848945627, 'n_estimators': 315, 'min_child_weight': 5, 'gamma': 0.10350904573894067, 'subsample': 0.02748589231729209, 'colsample_bytree': 0.01942791017793613, 'reg_alpha': 0.0006623014629628685, 'reg_lambda': 0.020161066221260317}. Best is trial 0 with value: -0.11525577399439764.
[I 2023-07-23 02:35:17,466] Trial 6 finished with value: -0.15167482618074254 and parameters: {'max_depth': 4, 'learning_rate': 0.06748888353823572, 'n_estimators': 233, 'min_child_weight': 5, 'gamma': 0.29585849811155235, 'subsample': 0.012569207925924914, 'colsample_bytree': 0.037921895587078196, 'reg_alpha': 9.543805295138365e-06, 'reg_lambda': 7.758950756849766e-07}. Best is trial 0 with value: -0.11525577399439764.
[I 2023-07-23 02:35:31,729] Trial 7 finished with value: -0.1439918051448455 and parameters: {'max_depth': 2, 'learning_rate': 0.28060104839436567, 'n_estimators': 446, 'min_child_weight': 6, 'gamma': 0.8436946214975591, 'subsample': 0.010756296727574274, 'colsample_bytree': 0.0642097496928303, 'reg_alpha': 0.16623692038854693, 'reg_lambda': 8.475474177624386e-05}. Best is trial 0 with value: -0.11525577399439764.
[I 2023-07-23 02:35:59,270] Trial 8 finished with value: -0.09355216332251126 and parameters: {'max_depth': 5, 'learning_rate': 0.028349295253272927, 'n_estimators': 428, 'min_child_weight': 5, 'gamma': 0.2739562045438479, 'subsample': 0.21030301614617905, 'colsample_bytree': 0.16123989942186312, 'reg_alpha': 1.2345829741882705e-06, 'reg_lambda': 0.005637611579679016}. Best is trial 8 with value: -0.09355216332251126.
[I 2023-07-23 02:36:06,007] Trial 9 finished with value: -0.17973372663599635 and parameters: {'max_depth': 1, 'learning_rate': 0.027900589817359836, 'n_estimators': 263, 'min_child_weight': 10, 'gamma': 0.15518617172111412, 'subsample': 0.3031959242518886, 'colsample_bytree': 0.033730204165387204, 'reg_alpha': 0.20089757883904893, 'reg_lambda': 0.0002489661247050055}. Best is trial 8 with value: -0.09355216332251126.
[I 2023-07-23 02:36:24,783] Trial 10 finished with value: -0.1108328963115087 and parameters: {'max_depth': 3, 'learning_rate': 0.015425152980066702, 'n_estimators': 490, 'min_child_weight': 6, 'gamma': 0.49917468948488103, 'subsample': 0.17548195065934527, 'colsample_bytree': 0.20177848963666073, 'reg_alpha': 2.1007149289481956e-08, 'reg_lambda': 0.18630781863181634}. Best is trial 8 with value: -0.09355216332251126.
[I 2023-07-23 02:36:43,410] Trial 11 finished with value: -0.11847645566554954 and parameters: {'max_depth': 3, 'learning_rate': 0.010326751977131572, 'n_estimators': 482, 'min_child_weight': 6, 'gamma': 0.5104706006132396, 'subsample': 0.18492284130108386, 'colsample_bytree': 0.17757947308295433, 'reg_alpha': 2.415919458738786e-08, 'reg_lambda': 0.6177274305838927}. Best is trial 8 with value: -0.09355216332251126.
