[I 2023-07-23 01:06:37,354] Trial 16 finished with value: -0.06023737128359975 and parameters: {'max_depth': 5, 'learning_rate': 0.08495610683384029, 'n_estimators': 307, 'min_child_weight': 5, 'gamma': 0.7255740169249357, 'subsample': 0.060958131041909315, 'colsample_bytree': 0.09250920497150292, 'reg_alpha': 1.03538392268974e-06, 'reg_lambda': 0.0101624967786195}. Best is trial 16 with value: -0.06023737128359975.
[I 2023-07-23 01:06:55,747] Trial 17 finished with value: -0.09664832257055969 and parameters: {'max_depth': 5, 'learning_rate': 0.07301528601837591, 'n_estimators': 304, 'min_child_weight': 5, 'gamma': 0.5375588355600799, 'subsample': 0.07403358324305405, 'colsample_bytree': 0.04178846364620629, 'reg_alpha': 5.946458201893683e-07, 'reg_lambda': 0.0006436807506916896}. Best is trial 16 with value: -0.06023737128359975.
[I 2023-07-23 01:07:14,823] Trial 18 finished with value: -0.058184967518217334 and parameters: {'max_depth': 5, 'learning_rate': 0.0903646873613225, 'n_estimators': 283, 'min_child_weight': 9, 'gamma': 0.7435508810464403, 'subsample': 0.10594461614550227, 'colsample_bytree': 0.10422465298565843, 'reg_alpha': 1.019699812151178e-06, 'reg_lambda': 0.02712523848496978}. Best is trial 18 with value: -0.058184967518217334.
[I 2023-07-23 01:07:17,676] Trial 19 finished with value: -0.09742279887498244 and parameters: {'max_depth': 5, 'learning_rate': 0.1399057699294655, 'n_estimators': 19, 'min_child_weight': 10, 'gamma': 0.7493979688142997, 'subsample': 0.10684303767686047, 'colsample_bytree': 0.11592979804144796, 'reg_alpha': 1.581282065250434e-06, 'reg_lambda': 0.012348255311833681}. Best is trial 18 with value: -0.058184967518217334.
[I 2023-07-23 01:07:45,231] Trial 20 finished with value: -0.04803696111347015 and parameters: {'max_depth': 5, 'learning_rate': 0.07084827491995806, 'n_estimators': 398, 'min_child_weight': 9, 'gamma': 0.47342826475173055, 'subsample': 0.12478392083191985, 'colsample_bytree': 0.2668474738775441, 'reg_alpha': 2.8682395395187487e-06, 'reg_lambda': 0.0009136107202912237}. Best is trial 20 with value: -0.04803696111347015.
[I 2023-07-23 01:08:03,645] Trial 21 finished with value: -0.05124620626516727 and parameters: {'max_depth': 5, 'learning_rate': 0.06634896968794791, 'n_estimators': 269, 'min_child_weight': 9, 'gamma': 0.4464578644851292, 'subsample': 0.12613967953003719, 'colsample_bytree': 0.23604515241229923, 'reg_alpha': 8.066290200248452e-07, 'reg_lambda': 0.0007304811264522876}. Best is trial 20 with value: -0.04803696111347015.
[I 2023-07-23 01:08:21,922] Trial 22 finished with value: -0.05104132201786882 and parameters: {'max_depth': 5, 'learning_rate': 0.06277053432292269, 'n_estimators': 265, 'min_child_weight': 9, 'gamma': 0.48571823369251443, 'subsample': 0.14234847684059806, 'colsample_bytree': 0.23373123885913002, 'reg_alpha': 4.889560818254085e-06, 'reg_lambda': 0.0004297711042588223}. Best is trial 20 with value: -0.04803696111347015.
[I 2023-07-23 01:08:51,692] Trial 23 finished with value: -0.05207964773784581 and parameters: {'max_depth': 5, 'learning_rate': 0.02786270309265592, 'n_estimators': 409, 'min_child_weight': 9, 'gamma': 0.45209380990192066, 'subsample': 0.1630445360220536, 'colsample_bytree': 0.2808586577028742, 'reg_alpha': 4.845966023284114e-06, 'reg_lambda': 0.0003186734411389785}. Best is trial 20 with value: -0.04803696111347015.
[I 2023-07-23 01:09:17,049] Trial 24 finished with value: -0.04753847796961698 and parameters: {'max_depth': 5, 'learning_rate': 0.0641891231375058, 'n_estimators': 357, 'min_child_weight': 9, 'gamma': 0.26082435576027896, 'subsample': 0.13844421266679036, 'colsample_bytree': 0.46226296652985127, 'reg_alpha': 5.092676219136809e-06, 'reg_lambda': 0.001642364059612194}. Best is trial 24 with value: -0.04753847796961698.
[I 2023-07-23 01:09:37,277] Trial 25 finished with value: -0.05095730501165975 and parameters: {'max_depth': 4, 'learning_rate': 0.058725784116232894, 'n_estimators': 370, 'min_child_weight': 10, 'gamma': 0.2883591078900379, 'subsample': 0.24485204567880553, 'colsample_bytree': 0.41461504078700284, 'reg_alpha': 0.00016243363271585846, 'reg_lambda': 4.866063984619275e-05}. Best is trial 24 with value: -0.04753847796961698.
[I 2023-07-23 01:09:56,747] Trial 26 finished with value: -0.05425537886835178 and parameters: {'max_depth': 4, 'learning_rate': 0.03443087499140908, 'n_estimators': 361, 'min_child_weight': 10, 'gamma': 0.23927299582174993, 'subsample': 0.22566174181065432, 'colsample_bytree': 0.4714824985705804, 'reg_alpha': 0.0001651308401727022, 'reg_lambda': 4.048682935708806e-05}. Best is trial 24 with value: -0.04753847796961698.
[I 2023-07-23 01:10:15,188] Trial 27 finished with value: -0.05749276712048097 and parameters: {'max_depth': 3, 'learning_rate': 0.05640488095707598, 'n_estimators': 427, 'min_child_weight': 10, 'gamma': 0.24963200347252662, 'subsample': 0.27460356474739717, 'colsample_bytree': 0.3537363863663259, 'reg_alpha': 0.00010337902358797637, 'reg_lambda': 0.00011289987933033807}. Best is trial 24 with value: -0.04753847796961698.
[I 2023-07-23 01:10:30,452] Trial 28 finished with value: -0.0609462068035867 and parameters: {'max_depth': 3, 'learning_rate': 0.03559432662155015, 'n_estimators': 364, 'min_child_weight': 10, 'gamma': 0.2753838843610334, 'subsample': 0.3762784411267099, 'colsample_bytree': 0.4940089020680048, 'reg_alpha': 0.0003199398080065844, 'reg_lambda': 0.002179179570480506}. Best is trial 24 with value: -0.04753847796961698.
[I 2023-07-23 01:10:52,833] Trial 29 finished with value: -0.05080184699762158 and parameters: {'max_depth': 4, 'learning_rate': 0.060847501126297866, 'n_estimators': 446, 'min_child_weight': 9, 'gamma': 0.1808569667991033, 'subsample': 0.17324371789510776, 'colsample_bytree': 0.35487825000653506, 'reg_alpha': 6.803250821709306e-05, 'reg_lambda': 0.0032095352686269834}. Best is trial 24 with value: -0.04753847796961698.
Number of finished trials: 30
Best trial:
  Value: -0.04753847796961698
  Params: 
    max_depth: 5
    learning_rate: 0.0641891231375058
    n_estimators: 357
    min_child_weight: 9
    gamma: 0.26082435576027896
    subsample: 0.13844421266679036
    colsample_bytree: 0.46226296652985127
    reg_alpha: 5.092676219136809e-06
    reg_lambda: 0.001642364059612194
mean_squared_error:233.18
mean_absolute_error:11.14
percentage_error:6.10%
feature_importance: [('RealPower_-1d_0h', 387.0), ('dayofmonth', 384.0), ('RealPower_-7d_0h', 342.0), ('RealPower_-7d_1h', 339.0), ('dayofweek', 333.0), ('month', 332.0), ('RealPower_-1d_1h', 289.0), ('RealPower_-7d_-1h', 274.0), ('RealPower_-1d_-1h', 266.0), ('RealPower_-2d_0h', 255.0), ('RealPower_-6d_1h', 244.0), ('RealPower_-5d_0h', 244.0), ('RealPower_-2d_1h', 240.0), ('RealPower_-3d_0h', 237.0), ('RealPower_-5d_1h', 236.0), ('RealPower_-6d_0h', 235.0), ('RealPower_-4d_0h', 229.0), ('RealPower_-5d_-1h', 229.0), ('RealPower_-2d_-1h', 218.0), ('hour', 216.0), ('RealPower_-6d_-1h', 215.0), ('RealPower_-4d_-1h', 213.0), ('RealPower_-3d_1h', 212.0), ('RealPower_-4d_1h', 204.0), ('RealPower_-3d_-1h', 197.0), ('temp_-1h', 156.0), ('temp_-6h', 150.0), ('temp_max_-1h', 131.0), ('temp_max_-6h', 127.0), ('temp_max_-3h', 121.0), ('temp_min_-6h', 119.0), ('temp_-5h', 118.0), ('temp_-3h', 117.0), ('quarter', 116.0), ('temp_min_-4h', 114.0), ('temp_min_-1h', 112.0), ('temp_-4h', 111.0), ('is_holiday', 106.0), ('temp_max_-2h', 103.0), ('temp_min_-2h', 102.0), ('temp_-2h', 99.0), ('temp_max_-4h', 98.0), ('temp_min_-5h', 97.0), ('temp_max_-5h', 93.0), ('temp_min_-3h', 82.0)]
**************************************************
Fitting model for: Hopkins
**************************************************
[I 2023-07-23 01:11:15,590] A new study created in memory with name: no-name-174022fd-ab55-4fbc-85d2-07370418c6a4
[I 2023-07-23 01:11:27,040] Trial 0 finished with value: -0.06049969237449495 and parameters: {'max_depth': 5, 'learning_rate': 0.29143580794476565, 'n_estimators': 220, 'min_child_weight': 10, 'gamma': 0.7893904303629116, 'subsample': 0.038882316574089755, 'colsample_bytree': 0.015412815272926081, 'reg_alpha': 0.00198142937354046, 'reg_lambda': 6.788790014033883e-08}. Best is trial 0 with value: -0.06049969237449495.
[I 2023-07-23 01:11:42,556] Trial 1 finished with value: -0.06094904586681173 and parameters: {'max_depth': 3, 'learning_rate': 0.013770716537093391, 'n_estimators': 462, 'min_child_weight': 8, 'gamma': 0.45302437838418663, 'subsample': 0.018871127381981476, 'colsample_bytree': 0.029221570200209764, 'reg_alpha': 0.34173451903653795, 'reg_lambda': 4.865437036213496e-05}. Best is trial 0 with value: -0.06049969237449495.
[I 2023-07-23 01:11:59,693] Trial 2 finished with value: -0.05463681507537116 and parameters: {'max_depth': 5, 'learning_rate': 0.36068669967178346, 'n_estimators': 307, 'min_child_weight': 10, 'gamma': 0.21547680717402634, 'subsample': 0.23645683698322645, 'colsample_bytree': 0.03506303442957064, 'reg_alpha': 0.002991681591271992, 'reg_lambda': 3.097414643768873e-05}. Best is trial 2 with value: -0.05463681507537116.
[I 2023-07-23 01:12:15,866] Trial 3 finished with value: -0.04872648353149654 and parameters: {'max_depth': 3, 'learning_rate': 0.3523585669600997, 'n_estimators': 439, 'min_child_weight': 6, 'gamma': 0.9310586752760077, 'subsample': 0.1577397131119388, 'colsample_bytree': 0.32634849144462597, 'reg_alpha': 0.027628753053552436, 'reg_lambda': 7.701787689769184e-06}. Best is trial 3 with value: -0.04872648353149654.
[I 2023-07-23 01:12:18,951] Trial 4 finished with value: -0.06485770950320513 and parameters: {'max_depth': 2, 'learning_rate': 0.04417417360352748, 'n_estimators': 65, 'min_child_weight': 5, 'gamma': 0.12037809959712212, 'subsample': 0.024693286591095102, 'colsample_bytree': 0.40666064320867035, 'reg_alpha': 0.007827366227800359, 'reg_lambda': 0.0004457602811990248}. Best is trial 3 with value: -0.04872648353149654.
[I 2023-07-23 01:12:37,986] Trial 5 finished with value: -0.04814413402020924 and parameters: {'max_depth': 4, 'learning_rate': 0.017007718326055764, 'n_estimators': 396, 'min_child_weight': 10, 'gamma': 0.9674677998227824, 'subsample': 0.04227516850651434, 'colsample_bytree': 0.19473515209708442, 'reg_alpha': 4.638501449669708e-06, 'reg_lambda': 0.3551876607152971}. Best is trial 5 with value: -0.04814413402020924.
[I 2023-07-23 01:12:54,366] Trial 6 finished with value: -0.05977557065311288 and parameters: {'max_depth': 3, 'learning_rate': 0.018102656847932334, 'n_estimators': 416, 'min_child_weight': 6, 'gamma': 0.34802959461680755, 'subsample': 0.03646345547668976, 'colsample_bytree': 0.04000489333941937, 'reg_alpha': 3.369767237039822e-07, 'reg_lambda': 1.8606510861720701e-06}. Best is trial 5 with value: -0.04814413402020924.
[I 2023-07-23 01:13:00,411] Trial 7 finished with value: -0.06782479457927869 and parameters: {'max_depth': 1, 'learning_rate': 0.01418582916372897, 'n_estimators': 228, 'min_child_weight': 9, 'gamma': 0.9879422222039106, 'subsample': 0.10760084205887384, 'colsample_bytree': 0.010605255628451793, 'reg_alpha': 0.00725213199633702, 'reg_lambda': 4.5336347294450894e-07}. Best is trial 5 with value: -0.04814413402020924.
[I 2023-07-23 01:13:07,844] Trial 8 finished with value: -0.05455559453910415 and parameters: {'max_depth': 4, 'learning_rate': 0.485491738386791, 'n_estimators': 147, 'min_child_weight': 5, 'gamma': 0.215603705889015, 'subsample': 0.4627539614740638, 'colsample_bytree': 0.022475299240167775, 'reg_alpha': 5.035009157758681e-08, 'reg_lambda': 0.004372306071882487}. Best is trial 5 with value: -0.04814413402020924.
[I 2023-07-23 01:13:17,793] Trial 9 finished with value: -0.051192369428394016 and parameters: {'max_depth': 4, 'learning_rate': 0.025855912193392252, 'n_estimators': 207, 'min_child_weight': 9, 'gamma': 0.6631487792022679, 'subsample': 0.03110100685876989, 'colsample_bytree': 0.11082534344513494, 'reg_alpha': 0.004729530742638158, 'reg_lambda': 1.2689378408013225e-08}. Best is trial 5 with value: -0.04814413402020924.
[I 2023-07-23 01:13:32,919] Trial 10 finished with value: -0.053053437183735994 and parameters: {'max_depth': 4, 'learning_rate': 0.01016653638912312, 'n_estimators': 353, 'min_child_weight': 8, 'gamma': 0.5303388428715968, 'subsample': 0.011031113850668421, 'colsample_bytree': 0.1339784977566651, 'reg_alpha': 1.1700161188339152e-05, 'reg_lambda': 0.9163796369385308}. Best is trial 5 with value: -0.04814413402020924.
[I 2023-07-23 01:13:48,233] Trial 11 finished with value: -0.04873327780307835 and parameters: {'max_depth': 2, 'learning_rate': 0.10121755472222112, 'n_estimators': 491, 'min_child_weight': 7, 'gamma': 0.9393724856350677, 'subsample': 0.07886979457871751, 'colsample_bytree': 0.34582753037858344, 'reg_alpha': 1.6741630026392592e-05, 'reg_lambda': 0.7414641931503668}. Best is trial 5 with value: -0.04814413402020924.
[I 2023-07-23 01:14:02,224] Trial 12 finished with value: -0.04617135791907669 and parameters: {'max_depth': 3, 'learning_rate': 0.13159443706998153, 'n_estimators': 377, 'min_child_weight': 6, 'gamma': 0.631771108935077, 'subsample': 0.12670204582059283, 'colsample_bytree': 0.21210461398947436, 'reg_alpha': 1.3875893936309659e-06, 'reg_lambda': 0.026400168489361355}. Best is trial 12 with value: -0.04617135791907669.
[I 2023-07-23 01:14:13,534] Trial 13 finished with value: -0.04948975260791287 and parameters: {'max_depth': 2, 'learning_rate': 0.10045300574091538, 'n_estimators': 352, 'min_child_weight': 7, 'gamma': 0.6270893677015154, 'subsample': 0.06851752440391146, 'colsample_bytree': 0.18352443282822917, 'reg_alpha': 2.184037853729644e-06, 'reg_lambda': 0.030609423699311664}. Best is trial 12 with value: -0.04617135791907669.
[I 2023-07-23 01:14:31,081] Trial 14 finished with value: -0.04911571106852182 and parameters: {'max_depth': 4, 'learning_rate': 0.04036784699893954, 'n_estimators': 379, 'min_child_weight': 6, 'gamma': 0.6690315125241987, 'subsample': 0.060611861049341596, 'colsample_bytree': 0.07449488108806443, 'reg_alpha': 1.3172064661737486e-08, 'reg_lambda': 0.027052350259810013}. Best is trial 12 with value: -0.04617135791907669.
[I 2023-07-23 01:14:49,837] Trial 15 finished with value: -0.044253386012794174 and parameters: {'max_depth': 5, 'learning_rate': 0.17892583614415514, 'n_estimators': 301, 'min_child_weight': 9, 'gamma': 0.46274720353064286, 'subsample': 0.14514615974964187, 'colsample_bytree': 0.20596594816977287, 'reg_alpha': 4.898272500845928e-05, 'reg_lambda': 0.0008421904092340736}. Best is trial 15 with value: -0.044253386012794174.
[I 2023-07-23 01:15:07,694] Trial 16 finished with value: -0.04446229854624093 and parameters: {'max_depth': 5, 'learning_rate': 0.1836254218462706, 'n_estimators': 278, 'min_child_weight': 9, 'gamma': 0.44275422312881973, 'subsample': 0.13915625342929078, 'colsample_bytree': 0.24263043895554168, 'reg_alpha': 0.00011686598572848174, 'reg_lambda': 0.00045633472264983626}. Best is trial 15 with value: -0.044253386012794174.
[I 2023-07-23 01:15:28,174] Trial 17 finished with value: -0.04167081446953731 and parameters: {'max_depth': 5, 'learning_rate': 0.17359595350614093, 'n_estimators': 288, 'min_child_weight': 9, 'gamma': 0.4089460268173111, 'subsample': 0.23573322568057298, 'colsample_bytree': 0.49383155363177145, 'reg_alpha': 0.00018015355407042158, 'reg_lambda': 0.0006454427415176258}. Best is trial 17 with value: -0.04167081446953731.
[I 2023-07-23 01:15:35,380] Trial 18 finished with value: -0.043971087988293814 and parameters: {'max_depth': 5, 'learning_rate': 0.23377749752177898, 'n_estimators': 97, 'min_child_weight': 9, 'gamma': 0.3204108782924389, 'subsample': 0.2372116822618102, 'colsample_bytree': 0.4838678988696602, 'reg_alpha': 0.00019128265817089474, 'reg_lambda': 0.0003723956826564567}. Best is trial 17 with value: -0.04167081446953731.
[I 2023-07-23 01:15:37,571] Trial 19 finished with value: -0.048137504828172736 and parameters: {'max_depth': 5, 'learning_rate': 0.22096050779850573, 'n_estimators': 15, 'min_child_weight': 8, 'gamma': 0.31139885925115035, 'subsample': 0.3086603978573282, 'colsample_bytree': 0.4814831966715675, 'reg_alpha': 0.00031082968682072946, 'reg_lambda': 0.00012340722193858006}. Best is trial 17 with value: -0.04167081446953731.
[I 2023-07-23 01:15:48,244] Trial 20 finished with value: -0.042503187480942006 and parameters: {'max_depth': 5, 'learning_rate': 0.07651452335518888, 'n_estimators': 142, 'min_child_weight': 9, 'gamma': 0.30003111485842254, 'subsample': 0.4986486184336281, 'colsample_bytree': 0.4956931605239378, 'reg_alpha': 0.00035835178273561355, 'reg_lambda': 1.0467525131882257e-05}. Best is trial 17 with value: -0.04167081446953731.
[I 2023-07-23 01:15:58,842] Trial 21 finished with value: -0.04226192724580537 and parameters: {'max_depth': 5, 'learning_rate': 0.08445379343553831, 'n_estimators': 143, 'min_child_weight': 9, 'gamma': 0.3242394726676443, 'subsample': 0.4902005725500637, 'colsample_bytree': 0.4994567216726675, 'reg_alpha': 0.0003715706046576464, 'reg_lambda': 1.8564754755646837e-05}. Best is trial 17 with value: -0.04167081446953731.
[I 2023-07-23 01:16:10,494] Trial 22 finished with value: -0.04313629705876691 and parameters: {'max_depth': 5, 'learning_rate': 0.0683689515070187, 'n_estimators': 164, 'min_child_weight': 10, 'gamma': 0.26006680153065015, 'subsample': 0.47341003102078033, 'colsample_bytree': 0.30744862966770303, 'reg_alpha': 0.0005518200334297912, 'reg_lambda': 1.0610689719708245e-05}. Best is trial 17 with value: -0.04167081446953731.
[I 2023-07-23 01:16:19,359] Trial 23 finished with value: -0.04425252483802921 and parameters: {'max_depth': 4, 'learning_rate': 0.07109103683730095, 'n_estimators': 153, 'min_child_weight': 8, 'gamma': 0.38042268868453233, 'subsample': 0.4971280809936206, 'colsample_bytree': 0.49131802413853637, 'reg_alpha': 4.1101785014107895e-05, 'reg_lambda': 1.5312267217711959e-06}. Best is trial 17 with value: -0.04167081446953731.
[I 2023-07-23 01:16:27,293] Trial 24 finished with value: -0.043333484523703086 and parameters: {'max_depth': 5, 'learning_rate': 0.14893568220814954, 'n_estimators': 108, 'min_child_weight': 9, 'gamma': 0.28241416573438927, 'subsample': 0.3237336037406135, 'colsample_bytree': 0.3094158527968696, 'reg_alpha': 0.0005309283295817194, 'reg_lambda': 2.1829754544438697e-05}. Best is trial 17 with value: -0.04167081446953731.
[I 2023-07-23 01:16:36,441] Trial 25 finished with value: -0.04414578440941864 and parameters: {'max_depth': 4, 'learning_rate': 0.11518202745244867, 'n_estimators': 174, 'min_child_weight': 10, 'gamma': 0.38942429158294367, 'subsample': 0.34660525496216427, 'colsample_bytree': 0.29009136452562106, 'reg_alpha': 6.414393962905941e-05, 'reg_lambda': 9.268629753692336e-05}. Best is trial 17 with value: -0.04167081446953731.
[I 2023-07-23 01:16:54,987] Trial 26 finished with value: -0.04201787998757936 and parameters: {'max_depth': 5, 'learning_rate': 0.07917075619031834, 'n_estimators': 264, 'min_child_weight': 8, 'gamma': 0.24709135064088514, 'subsample': 0.2582360143746414, 'colsample_bytree': 0.38906280830157275, 'reg_alpha': 0.0009068259863463162, 'reg_lambda': 3.7187583499351907e-06}. Best is trial 17 with value: -0.04167081446953731.
[I 2023-07-23 01:17:13,345] Trial 27 finished with value: -0.0418238417781279 and parameters: {'max_depth': 5, 'learning_rate': 0.15076587087171214, 'n_estimators': 258, 'min_child_weight': 7, 'gamma': 0.23050995045909756, 'subsample': 0.24049417318408037, 'colsample_bytree': 0.36410405335000107, 'reg_alpha': 0.0012850442541475372, 'reg_lambda': 2.300832935238807e-06}. Best is trial 17 with value: -0.04167081446953731.
[I 2023-07-23 01:17:25,935] Trial 28 finished with value: -0.04484759773154083 and parameters: {'max_depth': 4, 'learning_rate': 0.11859157924680191, 'n_estimators': 261, 'min_child_weight': 7, 'gamma': 0.23425057731027715, 'subsample': 0.2081440314692249, 'colsample_bytree': 0.14527408378899406, 'reg_alpha': 0.0011931209210603142, 'reg_lambda': 3.093121303408966e-06}. Best is trial 17 with value: -0.04167081446953731.
