[I 2023-07-23 02:15:35,560] Trial 12 finished with value: -0.050094287269021 and parameters: {'max_depth': 4, 'learning_rate': 0.2082877121863244, 'n_estimators': 389, 'min_child_weight': 7, 'gamma': 0.4518711164271579, 'subsample': 0.23349991514160034, 'colsample_bytree': 0.38985658998711126, 'reg_alpha': 3.3220890629988363e-07, 'reg_lambda': 0.015581607204014424}. Best is trial 12 with value: -0.050094287269021.
[I 2023-07-23 02:15:56,584] Trial 13 finished with value: -0.04813658299405029 and parameters: {'max_depth': 4, 'learning_rate': 0.17138037720450405, 'n_estimators': 418, 'min_child_weight': 7, 'gamma': 0.368009819332429, 'subsample': 0.314412694887689, 'colsample_bytree': 0.47946798878074537, 'reg_alpha': 6.757294622169739e-07, 'reg_lambda': 0.0035692464976331694}. Best is trial 13 with value: -0.04813658299405029.
[I 2023-07-23 02:16:11,657] Trial 14 finished with value: -0.07785702143466747 and parameters: {'max_depth': 3, 'learning_rate': 0.18358521323193847, 'n_estimators': 390, 'min_child_weight': 7, 'gamma': 0.3198370892378202, 'subsample': 0.4964850599051058, 'colsample_bytree': 0.04618771591412919, 'reg_alpha': 1.0989449151225332e-06, 'reg_lambda': 0.0003286228533865548}. Best is trial 13 with value: -0.04813658299405029.
[I 2023-07-23 02:16:23,290] Trial 15 finished with value: -0.07147914896898375 and parameters: {'max_depth': 2, 'learning_rate': 0.18512996623626193, 'n_estimators': 324, 'min_child_weight': 6, 'gamma': 0.3570402758269297, 'subsample': 0.2956719136886852, 'colsample_bytree': 0.4789788471332172, 'reg_alpha': 7.665693572406846e-07, 'reg_lambda': 0.02704938232757574}. Best is trial 13 with value: -0.04813658299405029.
[I 2023-07-23 02:16:43,498] Trial 16 finished with value: -0.051066380113418644 and parameters: {'max_depth': 4, 'learning_rate': 0.17459049266573393, 'n_estimators': 396, 'min_child_weight': 7, 'gamma': 0.6483627533917756, 'subsample': 0.2924958824298215, 'colsample_bytree': 0.29170644064981055, 'reg_alpha': 4.2754488082731174e-07, 'reg_lambda': 0.001467626042885474}. Best is trial 13 with value: -0.04813658299405029.
[I 2023-07-23 02:16:54,159] Trial 17 finished with value: -0.08176442837861961 and parameters: {'max_depth': 2, 'learning_rate': 0.09334182665095343, 'n_estimators': 307, 'min_child_weight': 6, 'gamma': 0.940604676044996, 'subsample': 0.09375618923217643, 'colsample_bytree': 0.1931207764823103, 'reg_alpha': 4.43159836000269e-06, 'reg_lambda': 3.941866910805883e-05}. Best is trial 13 with value: -0.04813658299405029.
[I 2023-07-23 02:17:14,120] Trial 18 finished with value: -0.056099054237743626 and parameters: {'max_depth': 3, 'learning_rate': 0.2163414779837468, 'n_estimators': 495, 'min_child_weight': 9, 'gamma': 0.3646111063038913, 'subsample': 0.27436308108976293, 'colsample_bytree': 0.3624229189066243, 'reg_alpha': 3.0882498418711133e-07, 'reg_lambda': 0.024411062274606373}. Best is trial 13 with value: -0.04813658299405029.
[I 2023-07-23 02:17:24,896] Trial 19 finished with value: -0.061735250884549855 and parameters: {'max_depth': 5, 'learning_rate': 0.12506680699693587, 'n_estimators': 154, 'min_child_weight': 7, 'gamma': 0.6427939011168227, 'subsample': 0.10937230278792379, 'colsample_bytree': 0.17733011839040275, 'reg_alpha': 1.2233822605015297e-05, 'reg_lambda': 0.0007312526733616664}. Best is trial 13 with value: -0.04813658299405029.
[I 2023-07-23 02:17:32,451] Trial 20 finished with value: -0.060252055617567135 and parameters: {'max_depth': 4, 'learning_rate': 0.2734666014074121, 'n_estimators': 128, 'min_child_weight': 10, 'gamma': 0.1819963453315753, 'subsample': 0.23141368186202532, 'colsample_bytree': 0.3297070554991459, 'reg_alpha': 1.2240021912798214e-07, 'reg_lambda': 0.007605553251809462}. Best is trial 13 with value: -0.04813658299405029.
[I 2023-07-23 02:17:52,914] Trial 21 finished with value: -0.04996095952464026 and parameters: {'max_depth': 4, 'learning_rate': 0.17682760758128782, 'n_estimators': 381, 'min_child_weight': 7, 'gamma': 0.6653695700197336, 'subsample': 0.3504210311690816, 'colsample_bytree': 0.3583173861618866, 'reg_alpha': 6.947364098308622e-07, 'reg_lambda': 0.0015974810532366462}. Best is trial 13 with value: -0.04813658299405029.
[I 2023-07-23 02:18:15,481] Trial 22 finished with value: -0.047590520113274866 and parameters: {'max_depth': 4, 'learning_rate': 0.23595120178704765, 'n_estimators': 430, 'min_child_weight': 7, 'gamma': 0.3916613454272321, 'subsample': 0.34440999398589234, 'colsample_bytree': 0.38600809678588877, 'reg_alpha': 1.1824090952160844e-08, 'reg_lambda': 0.0006419256448713508}. Best is trial 22 with value: -0.047590520113274866.
[I 2023-07-23 02:18:33,647] Trial 23 finished with value: -0.05768930348612651 and parameters: {'max_depth': 3, 'learning_rate': 0.14015333615516903, 'n_estimators': 437, 'min_child_weight': 6, 'gamma': 0.3830378337569276, 'subsample': 0.38469526132790155, 'colsample_bytree': 0.3560560901210312, 'reg_alpha': 1.035450154941354e-08, 'reg_lambda': 0.00030914479755065846}. Best is trial 22 with value: -0.047590520113274866.
[I 2023-07-23 02:18:57,002] Trial 24 finished with value: -0.0476878360817864 and parameters: {'max_depth': 5, 'learning_rate': 0.2646147981513329, 'n_estimators': 346, 'min_child_weight': 7, 'gamma': 0.5467410104970986, 'subsample': 0.3760368762335761, 'colsample_bytree': 0.21304914438339517, 'reg_alpha': 9.718515296731844e-08, 'reg_lambda': 7.614441076793446e-05}. Best is trial 22 with value: -0.047590520113274866.
[I 2023-07-23 02:19:19,955] Trial 25 finished with value: -0.047049787285129936 and parameters: {'max_depth': 5, 'learning_rate': 0.26861725694869143, 'n_estimators': 346, 'min_child_weight': 8, 'gamma': 0.5118940779106054, 'subsample': 0.47009314151670206, 'colsample_bytree': 0.17957719343174897, 'reg_alpha': 7.197694495506401e-08, 'reg_lambda': 4.501838686456563e-05}. Best is trial 25 with value: -0.047049787285129936.
[I 2023-07-23 02:19:39,358] Trial 26 finished with value: -0.05426676144275615 and parameters: {'max_depth': 5, 'learning_rate': 0.4670808337150991, 'n_estimators': 276, 'min_child_weight': 8, 'gamma': 0.527045046690466, 'subsample': 0.48846198155573306, 'colsample_bytree': 0.16542147183055902, 'reg_alpha': 5.8709088721064684e-08, 'reg_lambda': 2.8760675563222577e-05}. Best is trial 25 with value: -0.047049787285129936.
[I 2023-07-23 02:20:03,521] Trial 27 finished with value: -0.04803131659865326 and parameters: {'max_depth': 5, 'learning_rate': 0.2747674618453986, 'n_estimators': 349, 'min_child_weight': 9, 'gamma': 0.5279904320531704, 'subsample': 0.36370040283199007, 'colsample_bytree': 0.20674537448920757, 'reg_alpha': 1.4025027777796995e-08, 'reg_lambda': 1.8715323238376423e-05}. Best is trial 25 with value: -0.047049787285129936.
[I 2023-07-23 02:20:28,025] Trial 28 finished with value: -0.049070960287202404 and parameters: {'max_depth': 5, 'learning_rate': 0.26386225532397506, 'n_estimators': 354, 'min_child_weight': 8, 'gamma': 0.7541033301590635, 'subsample': 0.47320909572236475, 'colsample_bytree': 0.15386222625479146, 'reg_alpha': 1.0807961576524342e-07, 'reg_lambda': 0.00017051667211484314}. Best is trial 25 with value: -0.047049787285129936.
[I 2023-07-23 02:20:49,303] Trial 29 finished with value: -0.0634686149675143 and parameters: {'max_depth': 5, 'learning_rate': 0.49286546255300656, 'n_estimators': 307, 'min_child_weight': 9, 'gamma': 0.5624877917056573, 'subsample': 0.223085141110586, 'colsample_bytree': 0.2423934248523019, 'reg_alpha': 6.41683251479531e-08, 'reg_lambda': 7.162799805243124e-05}. Best is trial 25 with value: -0.047049787285129936.
Number of finished trials: 30
Best trial:
  Value: -0.047049787285129936
  Params: 
    max_depth: 5
    learning_rate: 0.26861725694869143
    n_estimators: 346
    min_child_weight: 8
    gamma: 0.5118940779106054
    subsample: 0.47009314151670206
    colsample_bytree: 0.17957719343174897
    reg_alpha: 7.197694495506401e-08
    reg_lambda: 4.501838686456563e-05
mean_squared_error:214.71
mean_absolute_error:10.55
percentage_error:11.59%
feature_importance: [('RealPower_-1d_0h', 405.0), ('dayofmonth', 351.0), ('RealPower_-7d_-1h', 335.0), ('RealPower_-3d_0h', 295.0), ('RealPower_-1d_1h', 290.0), ('RealPower_-1d_-1h', 284.0), ('RealPower_-2d_-1h', 276.0), ('RealPower_-5d_1h', 272.0), ('RealPower_-2d_0h', 268.0), ('RealPower_-7d_1h', 263.0), ('RealPower_-7d_0h', 263.0), ('RealPower_-2d_1h', 261.0), ('RealPower_-6d_-1h', 250.0), ('RealPower_-3d_1h', 248.0), ('RealPower_-4d_0h', 246.0), ('RealPower_-6d_0h', 241.0), ('RealPower_-3d_-1h', 236.0), ('RealPower_-6d_1h', 234.0), ('RealPower_-5d_-1h', 210.0), ('temp_max_-5h', 210.0), ('RealPower_-4d_-1h', 209.0), ('month', 205.0), ('temp_-5h', 196.0), ('temp_-6h', 196.0), ('temp_min_-2h', 195.0), ('temp_max_-2h', 193.0), ('RealPower_-4d_1h', 192.0), ('temp_-4h', 191.0), ('RealPower_-5d_0h', 189.0), ('temp_-1h', 187.0), ('temp_min_-5h', 182.0), ('temp_max_-6h', 180.0), ('temp_min_-1h', 178.0), ('temp_min_-6h', 177.0), ('hour', 175.0), ('temp_-2h', 174.0), ('temp_max_-3h', 173.0), ('temp_min_-3h', 170.0), ('temp_min_-4h', 170.0), ('temp_max_-1h', 169.0), ('temp_-3h', 156.0), ('temp_max_-4h', 151.0), ('dayofweek', 150.0), ('quarter', 103.0), ('is_holiday', 28.0)]
**************************************************
Fitting model for: GalbraithHall
**************************************************
[I 2023-07-23 02:21:06,594] A new study created in memory with name: no-name-a79cb258-1d0c-445e-85f1-7f673d85639e
[I 2023-07-23 02:21:07,900] Trial 0 finished with value: -0.11773790616283342 and parameters: {'max_depth': 4, 'learning_rate': 0.32802340969248717, 'n_estimators': 7, 'min_child_weight': 8, 'gamma': 0.7442006325107854, 'subsample': 0.040058455859761116, 'colsample_bytree': 0.0750521728585957, 'reg_alpha': 0.0004599655589086718, 'reg_lambda': 4.553035910125209e-05}. Best is trial 0 with value: -0.11773790616283342.
[I 2023-07-23 02:21:12,411] Trial 1 finished with value: -0.12568641892794213 and parameters: {'max_depth': 5, 'learning_rate': 0.05021696133739702, 'n_estimators': 72, 'min_child_weight': 9, 'gamma': 0.22660161545180182, 'subsample': 0.012395635106421056, 'colsample_bytree': 0.010106847432892484, 'reg_alpha': 0.002001571371108499, 'reg_lambda': 0.5844683438430609}. Best is trial 0 with value: -0.11773790616283342.
[I 2023-07-23 02:21:19,235] Trial 2 finished with value: -0.12709041001511293 and parameters: {'max_depth': 1, 'learning_rate': 0.03293109708993641, 'n_estimators': 239, 'min_child_weight': 5, 'gamma': 0.4808672094981377, 'subsample': 0.08642717532535954, 'colsample_bytree': 0.026753904613805335, 'reg_alpha': 3.5102348965123104e-07, 'reg_lambda': 0.014879440133694974}. Best is trial 0 with value: -0.11773790616283342.
[I 2023-07-23 02:21:28,982] Trial 3 finished with value: -0.09285352361032875 and parameters: {'max_depth': 1, 'learning_rate': 0.025932840750993887, 'n_estimators': 396, 'min_child_weight': 10, 'gamma': 0.684367800724977, 'subsample': 0.15868810305532904, 'colsample_bytree': 0.11338438306536702, 'reg_alpha': 0.315563917131591, 'reg_lambda': 1.72449731504933e-05}. Best is trial 3 with value: -0.09285352361032875.
[I 2023-07-23 02:21:40,493] Trial 4 finished with value: -0.08179389770742138 and parameters: {'max_depth': 1, 'learning_rate': 0.21310201056563005, 'n_estimators': 457, 'min_child_weight': 8, 'gamma': 0.7714646661366783, 'subsample': 0.021399900819166488, 'colsample_bytree': 0.36295601194517907, 'reg_alpha': 0.00014952695390735545, 'reg_lambda': 3.599018229782367e-05}. Best is trial 4 with value: -0.08179389770742138.
[I 2023-07-23 02:21:47,022] Trial 5 finished with value: -0.10497460244115522 and parameters: {'max_depth': 2, 'learning_rate': 0.0889308923559114, 'n_estimators': 181, 'min_child_weight': 7, 'gamma': 0.13317558385218425, 'subsample': 0.2512724921510424, 'colsample_bytree': 0.01163788281781634, 'reg_alpha': 1.772984816278524e-08, 'reg_lambda': 0.0015257361156946962}. Best is trial 4 with value: -0.08179389770742138.
[I 2023-07-23 02:21:49,319] Trial 6 finished with value: -0.0922661131753018 and parameters: {'max_depth': 1, 'learning_rate': 0.21087841950837674, 'n_estimators': 52, 'min_child_weight': 9, 'gamma': 0.1298299076649873, 'subsample': 0.17781098695798242, 'colsample_bytree': 0.14850036494879698, 'reg_alpha': 0.0041006689008600645, 'reg_lambda': 0.0021260713580774555}. Best is trial 4 with value: -0.08179389770742138.
[I 2023-07-23 02:21:51,522] Trial 7 finished with value: -0.09187972275191955 and parameters: {'max_depth': 1, 'learning_rate': 0.2703569145267671, 'n_estimators': 48, 'min_child_weight': 10, 'gamma': 0.3620990212186197, 'subsample': 0.05525455126811838, 'colsample_bytree': 0.22459997585866998, 'reg_alpha': 7.519638213091031e-06, 'reg_lambda': 0.0029062922073945733}. Best is trial 4 with value: -0.08179389770742138.
[I 2023-07-23 02:21:53,888] Trial 8 finished with value: -0.09629200617187683 and parameters: {'max_depth': 2, 'learning_rate': 0.14325290267684232, 'n_estimators': 35, 'min_child_weight': 7, 'gamma': 0.1012958776849549, 'subsample': 0.131066654310209, 'colsample_bytree': 0.08005730633888544, 'reg_alpha': 0.3004087443140348, 'reg_lambda': 1.2207683545582438e-05}. Best is trial 4 with value: -0.08179389770742138.
[I 2023-07-23 02:21:59,208] Trial 9 finished with value: -0.10344088725529417 and parameters: {'max_depth': 2, 'learning_rate': 0.24025764254683876, 'n_estimators': 135, 'min_child_weight': 8, 'gamma': 0.13496290883046652, 'subsample': 0.0795896235753948, 'colsample_bytree': 0.035959970829952316, 'reg_alpha': 3.1062588254759075e-08, 'reg_lambda': 3.144432930106296e-07}. Best is trial 4 with value: -0.08179389770742138.
[I 2023-07-23 02:22:19,818] Trial 10 finished with value: -0.06506565153227478 and parameters: {'max_depth': 3, 'learning_rate': 0.015930146044227277, 'n_estimators': 494, 'min_child_weight': 6, 'gamma': 0.9963803026821612, 'subsample': 0.3911496268379472, 'colsample_bytree': 0.4969277481280469, 'reg_alpha': 3.023175250614665e-05, 'reg_lambda': 2.0236615365896923e-08}. Best is trial 10 with value: -0.06506565153227478.
[I 2023-07-23 02:22:39,945] Trial 11 finished with value: -0.06727583048993434 and parameters: {'max_depth': 3, 'learning_rate': 0.013464797347214223, 'n_estimators': 495, 'min_child_weight': 5, 'gamma': 0.9746003003874534, 'subsample': 0.4981093963763018, 'colsample_bytree': 0.45087443776553976, 'reg_alpha': 2.326133317051065e-05, 'reg_lambda': 1.1971743798240264e-07}. Best is trial 10 with value: -0.06506565153227478.
[I 2023-07-23 02:23:01,279] Trial 12 finished with value: -0.07000896869514572 and parameters: {'max_depth': 3, 'learning_rate': 0.010925871728579381, 'n_estimators': 494, 'min_child_weight': 5, 'gamma': 0.9271710974588648, 'subsample': 0.4766613434987981, 'colsample_bytree': 0.4226042786978302, 'reg_alpha': 8.653753554546287e-06, 'reg_lambda': 1.2649710292257253e-08}. Best is trial 10 with value: -0.06506565153227478.
[I 2023-07-23 02:23:13,610] Trial 13 finished with value: -0.07608892620787479 and parameters: {'max_depth': 3, 'learning_rate': 0.010887051920388054, 'n_estimators': 354, 'min_child_weight': 6, 'gamma': 0.9651585782097724, 'subsample': 0.4231145502163646, 'colsample_bytree': 0.3924075689077935, 'reg_alpha': 1.045862103488757e-05, 'reg_lambda': 2.4620677440535204e-08}. Best is trial 10 with value: -0.06506565153227478.
[I 2023-07-23 02:23:31,202] Trial 14 finished with value: -0.05863922068155768 and parameters: {'max_depth': 4, 'learning_rate': 0.019374410006635596, 'n_estimators': 348, 'min_child_weight': 6, 'gamma': 0.5164122511524061, 'subsample': 0.2989883740408123, 'colsample_bytree': 0.49550005783240003, 'reg_alpha': 8.56226444100498e-07, 'reg_lambda': 4.468199007758585e-07}. Best is trial 14 with value: -0.05863922068155768.
[I 2023-07-23 02:23:48,965] Trial 15 finished with value: -0.06256857060370129 and parameters: {'max_depth': 4, 'learning_rate': 0.02042051224792054, 'n_estimators': 351, 'min_child_weight': 6, 'gamma': 0.5485845074158047, 'subsample': 0.2800125758987853, 'colsample_bytree': 0.2476355771457849, 'reg_alpha': 9.390788652367461e-07, 'reg_lambda': 1.0400375773582844e-06}. Best is trial 14 with value: -0.05863922068155768.
[I 2023-07-23 02:24:11,550] Trial 16 finished with value: -0.05667222275811634 and parameters: {'max_depth': 5, 'learning_rate': 0.0221394407674316, 'n_estimators': 313, 'min_child_weight': 6, 'gamma': 0.49704290050287236, 'subsample': 0.2854979301561122, 'colsample_bytree': 0.25206193984543984, 'reg_alpha': 5.901079679846296e-07, 'reg_lambda': 9.9429801322254e-07}. Best is trial 16 with value: -0.05667222275811634.
[I 2023-07-23 02:24:30,643] Trial 17 finished with value: -0.05327937785005885 and parameters: {'max_depth': 5, 'learning_rate': 0.03721252468495554, 'n_estimators': 281, 'min_child_weight': 6, 'gamma': 0.3886922912279415, 'subsample': 0.23873284360555674, 'colsample_bytree': 0.23413970898501296, 'reg_alpha': 3.603009149332028e-07, 'reg_lambda': 2.84869567614489e-06}. Best is trial 17 with value: -0.05327937785005885.
[I 2023-07-23 02:24:50,109] Trial 18 finished with value: -0.054777418964915114 and parameters: {'max_depth': 5, 'learning_rate': 0.0396275338234922, 'n_estimators': 276, 'min_child_weight': 7, 'gamma': 0.3344803502347364, 'subsample': 0.22577237476783285, 'colsample_bytree': 0.19782826202781956, 'reg_alpha': 1.4819503489586967e-07, 'reg_lambda': 2.578293976430335e-06}. Best is trial 17 with value: -0.05327937785005885.
[I 2023-07-23 02:25:08,617] Trial 19 finished with value: -0.05705355001794308 and parameters: {'max_depth': 5, 'learning_rate': 0.04439054974521607, 'n_estimators': 262, 'min_child_weight': 7, 'gamma': 0.29112235935278274, 'subsample': 0.11908078807503387, 'colsample_bytree': 0.16401975887564285, 'reg_alpha': 7.586483496250881e-08, 'reg_lambda': 2.1503320912397104e-06}. Best is trial 17 with value: -0.05327937785005885.
[I 2023-07-23 02:25:24,939] Trial 20 finished with value: -0.05699287626528976 and parameters: {'max_depth': 5, 'learning_rate': 0.06996668532502788, 'n_estimators': 238, 'min_child_weight': 7, 'gamma': 0.35976463549617144, 'subsample': 0.18022067260922076, 'colsample_bytree': 0.11525722103595137, 'reg_alpha': 1.0696090424441809e-07, 'reg_lambda': 4.38985379286152e-06}. Best is trial 17 with value: -0.05327937785005885.
[I 2023-07-23 02:25:46,616] Trial 21 finished with value: -0.053912115107593875 and parameters: {'max_depth': 5, 'learning_rate': 0.02934672976914219, 'n_estimators': 293, 'min_child_weight': 6, 'gamma': 0.44342359705682516, 'subsample': 0.22906454898758294, 'colsample_bytree': 0.28472246271479845, 'reg_alpha': 1.3042891062786747e-08, 'reg_lambda': 2.7518824350320392e-06}. Best is trial 17 with value: -0.05327937785005885.
[I 2023-07-23 02:26:02,002] Trial 22 finished with value: -0.0579653128579918 and parameters: {'max_depth': 4, 'learning_rate': 0.034092102333699956, 'n_estimators': 284, 'min_child_weight': 6, 'gamma': 0.2797658992432531, 'subsample': 0.2130058315725518, 'colsample_bytree': 0.2907913050322776, 'reg_alpha': 1.303658693639152e-08, 'reg_lambda': 8.477573604070097e-06}. Best is trial 17 with value: -0.05327937785005885.
[I 2023-07-23 02:26:15,050] Trial 23 finished with value: -0.06489391452359575 and parameters: {'max_depth': 5, 'learning_rate': 0.030113532466619995, 'n_estimators': 178, 'min_child_weight': 7, 'gamma': 0.40479429799169525, 'subsample': 0.1178915095517573, 'colsample_bytree': 0.18934952654542633, 'reg_alpha': 1.4503723347806422e-08, 'reg_lambda': 3.070475220326772e-06}. Best is trial 17 with value: -0.05327937785005885.
[I 2023-07-23 02:26:30,022] Trial 24 finished with value: -0.053529886490000976 and parameters: {'max_depth': 5, 'learning_rate': 0.0432300390025945, 'n_estimators': 201, 'min_child_weight': 5, 'gamma': 0.26026481898750514, 'subsample': 0.20002049572297786, 'colsample_bytree': 0.2972853881384369, 'reg_alpha': 1.3807307905128373e-07, 'reg_lambda': 0.00014926769126578866}. Best is trial 17 with value: -0.05327937785005885.
[I 2023-07-23 02:26:40,791] Trial 25 finished with value: -0.05595936163524647 and parameters: {'max_depth': 4, 'learning_rate': 0.056955446493118636, 'n_estimators': 198, 'min_child_weight': 5, 'gamma': 0.23832403352628345, 'subsample': 0.33678400518212925, 'colsample_bytree': 0.3118036115250736, 'reg_alpha': 7.008796059267006e-08, 'reg_lambda': 0.0002421831813598148}. Best is trial 17 with value: -0.05327937785005885.
[I 2023-07-23 02:26:56,215] Trial 26 finished with value: -0.05815335700890952 and parameters: {'max_depth': 5, 'learning_rate': 0.027500486284856438, 'n_estimators': 208, 'min_child_weight': 5, 'gamma': 0.43040564685655736, 'subsample': 0.20783442380522038, 'colsample_bytree': 0.3094890136259248, 'reg_alpha': 2.269812355347417e-06, 'reg_lambda': 7.901621152350892e-05}. Best is trial 17 with value: -0.05327937785005885.
[I 2023-07-23 02:27:03,402] Trial 27 finished with value: -0.06911212974134133 and parameters: {'max_depth': 4, 'learning_rate': 0.04129787014794745, 'n_estimators': 122, 'min_child_weight': 5, 'gamma': 0.5799426565494381, 'subsample': 0.3423025450010928, 'colsample_bytree': 0.24155518540104173, 'reg_alpha': 2.3035119591357153e-07, 'reg_lambda': 0.00018480031803488306}. Best is trial 17 with value: -0.05327937785005885.
[I 2023-07-23 02:27:24,210] Trial 28 finished with value: -0.04885170852623498 and parameters: {'max_depth': 5, 'learning_rate': 0.060561684718502345, 'n_estimators': 309, 'min_child_weight': 6, 'gamma': 0.41196131655188944, 'subsample': 0.14857902467446082, 'colsample_bytree': 0.29455284419364497, 'reg_alpha': 3.6863721592362505e-08, 'reg_lambda': 1.1355565080479114e-05}. Best is trial 28 with value: -0.04885170852623498.
