[I 2023-07-23 03:01:39,433] Trial 12 finished with value: -0.0635721445082011 and parameters: {'max_depth': 5, 'learning_rate': 0.04129115771348586, 'n_estimators': 396, 'min_child_weight': 8, 'gamma': 0.1078092230193201, 'subsample': 0.15602491964961215, 'colsample_bytree': 0.4605636187027364, 'reg_alpha': 4.091420612434336e-08, 'reg_lambda': 0.09539806524724137}. Best is trial 11 with value: -0.060151583921448204.
[I 2023-07-23 03:01:51,895] Trial 13 finished with value: -0.07166059700138212 and parameters: {'max_depth': 5, 'learning_rate': 0.05628752362245464, 'n_estimators': 173, 'min_child_weight': 7, 'gamma': 0.10189369847383545, 'subsample': 0.2954599238193812, 'colsample_bytree': 0.21891407714020883, 'reg_alpha': 1.9174969345101632e-06, 'reg_lambda': 0.04102483732296282}. Best is trial 11 with value: -0.060151583921448204.
[I 2023-07-23 03:02:26,077] Trial 14 finished with value: -0.06570801700574748 and parameters: {'max_depth': 5, 'learning_rate': 0.027243956213523518, 'n_estimators': 500, 'min_child_weight': 9, 'gamma': 0.14948642786066477, 'subsample': 0.10747564490429372, 'colsample_bytree': 0.4578529193246595, 'reg_alpha': 2.680348273341625e-07, 'reg_lambda': 0.5659156542635727}. Best is trial 11 with value: -0.060151583921448204.
[I 2023-07-23 03:02:47,085] Trial 15 finished with value: -0.0697237806887456 and parameters: {'max_depth': 4, 'learning_rate': 0.0823671863726658, 'n_estimators': 434, 'min_child_weight': 8, 'gamma': 0.13939688682248053, 'subsample': 0.1168781530906376, 'colsample_bytree': 0.17344813819223084, 'reg_alpha': 1.1715898076333271e-05, 'reg_lambda': 0.003285890590148528}. Best is trial 11 with value: -0.060151583921448204.
[I 2023-07-23 03:03:10,019] Trial 16 finished with value: -0.07053374140404836 and parameters: {'max_depth': 5, 'learning_rate': 0.023350020244084082, 'n_estimators': 327, 'min_child_weight': 7, 'gamma': 0.10038976530230347, 'subsample': 0.28593928790944495, 'colsample_bytree': 0.30188294421893386, 'reg_alpha': 1.9686446031868911e-07, 'reg_lambda': 0.09796458695387837}. Best is trial 11 with value: -0.060151583921448204.
[I 2023-07-23 03:03:20,546] Trial 17 finished with value: -0.09534482182224828 and parameters: {'max_depth': 4, 'learning_rate': 0.04748648081160525, 'n_estimators': 192, 'min_child_weight': 6, 'gamma': 0.13755672453245205, 'subsample': 0.052310515465868984, 'colsample_bytree': 0.07707672025723554, 'reg_alpha': 1.1243208960543583e-08, 'reg_lambda': 0.003131003518706245}. Best is trial 11 with value: -0.060151583921448204.
[I 2023-07-23 03:03:37,142] Trial 18 finished with value: -0.07369879780933133 and parameters: {'max_depth': 3, 'learning_rate': 0.08395186481748772, 'n_estimators': 437, 'min_child_weight': 9, 'gamma': 0.1978222976147163, 'subsample': 0.119165728406924, 'colsample_bytree': 0.20603214583709092, 'reg_alpha': 3.819560919747541e-06, 'reg_lambda': 0.12359731228757155}. Best is trial 11 with value: -0.060151583921448204.
[I 2023-07-23 03:03:59,622] Trial 19 finished with value: -0.06364144517227174 and parameters: {'max_depth': 5, 'learning_rate': 0.05205083692165485, 'n_estimators': 322, 'min_child_weight': 10, 'gamma': 0.12687719894749216, 'subsample': 0.22071237824916734, 'colsample_bytree': 0.3665320221067948, 'reg_alpha': 3.3249663620159136e-05, 'reg_lambda': 2.736670097765359e-05}. Best is trial 11 with value: -0.060151583921448204.
[I 2023-07-23 03:04:22,358] Trial 20 finished with value: -0.07035572327525506 and parameters: {'max_depth': 4, 'learning_rate': 0.030527579520261073, 'n_estimators': 458, 'min_child_weight': 8, 'gamma': 0.15546106685343866, 'subsample': 0.4893686473725014, 'colsample_bytree': 0.29869381935593897, 'reg_alpha': 0.00030219288061280827, 'reg_lambda': 0.9938736922136922}. Best is trial 11 with value: -0.060151583921448204.
[I 2023-07-23 03:04:45,313] Trial 21 finished with value: -0.06346493700524092 and parameters: {'max_depth': 5, 'learning_rate': 0.04320627367697492, 'n_estimators': 392, 'min_child_weight': 8, 'gamma': 0.10856318524537495, 'subsample': 0.15815180675934673, 'colsample_bytree': 0.4455159105058093, 'reg_alpha': 5.8307099107090523e-08, 'reg_lambda': 0.10109149064387074}. Best is trial 11 with value: -0.060151583921448204.
[I 2023-07-23 03:05:14,246] Trial 22 finished with value: -0.06274563251044099 and parameters: {'max_depth': 5, 'learning_rate': 0.0423089513183391, 'n_estimators': 416, 'min_child_weight': 7, 'gamma': 0.12790347505566158, 'subsample': 0.17170155283126312, 'colsample_bytree': 0.48836766162798684, 'reg_alpha': 6.369324331481312e-08, 'reg_lambda': 0.015084490450115942}. Best is trial 11 with value: -0.060151583921448204.
[I 2023-07-23 03:05:45,989] Trial 23 finished with value: -0.06320381672634662 and parameters: {'max_depth': 5, 'learning_rate': 0.06361970676372751, 'n_estimators': 480, 'min_child_weight': 7, 'gamma': 0.13143914398279968, 'subsample': 0.09317649229032578, 'colsample_bytree': 0.31415844053401115, 'reg_alpha': 1.005592506504781e-08, 'reg_lambda': 0.020482616734575812}. Best is trial 11 with value: -0.060151583921448204.
[I 2023-07-23 03:06:07,618] Trial 24 finished with value: -0.07314084142571678 and parameters: {'max_depth': 4, 'learning_rate': 0.021094599452741284, 'n_estimators': 421, 'min_child_weight': 6, 'gamma': 0.19237443203899257, 'subsample': 0.1338584967174971, 'colsample_bytree': 0.49854705077341915, 'reg_alpha': 2.984176366703678e-07, 'reg_lambda': 0.00850279730943442}. Best is trial 11 with value: -0.060151583921448204.
[I 2023-07-23 03:06:30,756] Trial 25 finished with value: -0.07064456428923986 and parameters: {'max_depth': 5, 'learning_rate': 0.037130497817180586, 'n_estimators': 345, 'min_child_weight': 7, 'gamma': 0.12105302517762341, 'subsample': 0.2338608794701058, 'colsample_bytree': 0.17426938091893707, 'reg_alpha': 7.718493722456098e-08, 'reg_lambda': 0.2030554487666369}. Best is trial 11 with value: -0.060151583921448204.
[I 2023-07-23 03:06:40,321] Trial 26 finished with value: -0.08387083900998558 and parameters: {'max_depth': 2, 'learning_rate': 0.08663340014128784, 'n_estimators': 289, 'min_child_weight': 6, 'gamma': 0.1566359476173536, 'subsample': 0.07069508131886003, 'colsample_bytree': 0.3532344915692254, 'reg_alpha': 1.103723661964891e-06, 'reg_lambda': 0.025141530096237624}. Best is trial 11 with value: -0.060151583921448204.
[I 2023-07-23 03:07:02,476] Trial 27 finished with value: -0.06871815233280422 and parameters: {'max_depth': 4, 'learning_rate': 0.05289473057927284, 'n_estimators': 451, 'min_child_weight': 7, 'gamma': 0.12312082123632241, 'subsample': 0.18477515405259543, 'colsample_bytree': 0.2381738919127424, 'reg_alpha': 1.0045907089680421e-07, 'reg_lambda': 0.20868832000797455}. Best is trial 11 with value: -0.060151583921448204.
[I 2023-07-23 03:07:30,993] Trial 28 finished with value: -0.06278461027877437 and parameters: {'max_depth': 5, 'learning_rate': 0.035417401150369204, 'n_estimators': 408, 'min_child_weight': 9, 'gamma': 0.2212610158418929, 'subsample': 0.32628155228396033, 'colsample_bytree': 0.4964311399143682, 'reg_alpha': 5.553064968054126e-07, 'reg_lambda': 0.000794949879735937}. Best is trial 11 with value: -0.060151583921448204.
[I 2023-07-23 03:07:46,536] Trial 29 finished with value: -0.072831562261879 and parameters: {'max_depth': 4, 'learning_rate': 0.03324573854225008, 'n_estimators': 292, 'min_child_weight': 8, 'gamma': 0.2355768472016856, 'subsample': 0.3556385930475281, 'colsample_bytree': 0.3669536055833464, 'reg_alpha': 6.225094996319692e-07, 'reg_lambda': 0.0006948297097042418}. Best is trial 11 with value: -0.060151583921448204.
Number of finished trials: 30
Best trial:
  Value: -0.060151583921448204
  Params: 
    max_depth: 5
    learning_rate: 0.051295234865809856
    n_estimators: 496
    min_child_weight: 7
    gamma: 0.10548630603517038
    subsample: 0.18852713308489877
    colsample_bytree: 0.46199685399415863
    reg_alpha: 1.8398474832223955e-08
    reg_lambda: 0.032821257048401976
mean_squared_error:43.98
mean_absolute_error:4.90
percentage_error:9.22%
feature_importance: [('dayofmonth', 666.0), ('RealPower_-1d_0h', 552.0), ('RealPower_-7d_0h', 498.0), ('month', 450.0), ('RealPower_-2d_0h', 437.0), ('RealPower_-7d_-1h', 418.0), ('RealPower_-1d_-1h', 398.0), ('RealPower_-3d_1h', 382.0), ('RealPower_-5d_0h', 382.0), ('RealPower_-6d_0h', 378.0), ('RealPower_-7d_1h', 372.0), ('RealPower_-3d_0h', 363.0), ('RealPower_-1d_1h', 360.0), ('RealPower_-5d_1h', 359.0), ('dayofweek', 357.0), ('RealPower_-5d_-1h', 345.0), ('RealPower_-4d_1h', 336.0), ('RealPower_-4d_0h', 336.0), ('RealPower_-2d_1h', 332.0), ('RealPower_-2d_-1h', 324.0), ('RealPower_-6d_-1h', 321.0), ('RealPower_-4d_-1h', 317.0), ('RealPower_-3d_-1h', 309.0), ('hour', 305.0), ('RealPower_-6d_1h', 278.0), ('temp_max_-1h', 244.0), ('temp_-6h', 234.0), ('temp_-1h', 230.0), ('temp_min_-6h', 223.0), ('temp_min_-1h', 217.0), ('temp_min_-5h', 197.0), ('temp_max_-5h', 196.0), ('temp_max_-6h', 188.0), ('temp_min_-4h', 186.0), ('temp_-2h', 177.0), ('temp_max_-4h', 170.0), ('temp_min_-2h', 169.0), ('temp_-5h', 166.0), ('quarter', 164.0), ('temp_-3h', 164.0), ('temp_max_-2h', 163.0), ('temp_-4h', 137.0), ('temp_min_-3h', 136.0), ('temp_max_-3h', 133.0), ('is_holiday', 110.0)]
**************************************************
Fitting model for: SocialScience
**************************************************
[I 2023-07-23 03:08:05,613] A new study created in memory with name: no-name-74bb918e-4655-4bac-bb10-5685a7b9ec67
[I 2023-07-23 03:08:21,520] Trial 0 finished with value: -0.03391766341116164 and parameters: {'max_depth': 4, 'learning_rate': 0.07830807506846703, 'n_estimators': 342, 'min_child_weight': 5, 'gamma': 0.13344956014941264, 'subsample': 0.2574034182969363, 'colsample_bytree': 0.10015550886072282, 'reg_alpha': 0.017369761134874, 'reg_lambda': 0.16078754494821854}. Best is trial 0 with value: -0.03391766341116164.
[I 2023-07-23 03:08:25,925] Trial 1 finished with value: -0.06147506341819502 and parameters: {'max_depth': 1, 'learning_rate': 0.030840154537467634, 'n_estimators': 155, 'min_child_weight': 9, 'gamma': 0.44463831768902207, 'subsample': 0.44139194677799737, 'colsample_bytree': 0.06045571914931441, 'reg_alpha': 7.292576684958982e-06, 'reg_lambda': 0.00035870199137866976}. Best is trial 0 with value: -0.03391766341116164.
[I 2023-07-23 03:08:48,811] Trial 2 finished with value: -0.039661224888114945 and parameters: {'max_depth': 5, 'learning_rate': 0.12029249619277768, 'n_estimators': 435, 'min_child_weight': 10, 'gamma': 0.14418764081609028, 'subsample': 0.02340471848407495, 'colsample_bytree': 0.08011436440944575, 'reg_alpha': 0.0001502058742207665, 'reg_lambda': 0.004946376245699672}. Best is trial 0 with value: -0.03391766341116164.
[I 2023-07-23 03:09:09,247] Trial 3 finished with value: -0.03940556968963384 and parameters: {'max_depth': 5, 'learning_rate': 0.08711500518517748, 'n_estimators': 389, 'min_child_weight': 10, 'gamma': 0.13875130826542148, 'subsample': 0.015387880962859113, 'colsample_bytree': 0.10322582867728354, 'reg_alpha': 0.06274371666983379, 'reg_lambda': 0.004776713766995512}. Best is trial 0 with value: -0.03391766341116164.
[I 2023-07-23 03:09:27,673] Trial 4 finished with value: -0.0632463567866961 and parameters: {'max_depth': 5, 'learning_rate': 0.016421548440581756, 'n_estimators': 374, 'min_child_weight': 7, 'gamma': 0.266852391039619, 'subsample': 0.01710680581612186, 'colsample_bytree': 0.017259981794764456, 'reg_alpha': 0.021953472253972803, 'reg_lambda': 0.0002457773488595621}. Best is trial 0 with value: -0.03391766341116164.
[I 2023-07-23 03:09:31,131] Trial 5 finished with value: -0.03966799961995857 and parameters: {'max_depth': 3, 'learning_rate': 0.08455971933409674, 'n_estimators': 65, 'min_child_weight': 5, 'gamma': 0.7641711554574497, 'subsample': 0.23878771356055414, 'colsample_bytree': 0.2773661513808617, 'reg_alpha': 1.6111479384854682e-07, 'reg_lambda': 0.04496154268801676}. Best is trial 0 with value: -0.03391766341116164.
[I 2023-07-23 03:09:49,791] Trial 6 finished with value: -0.03245499041122961 and parameters: {'max_depth': 5, 'learning_rate': 0.09336715052608145, 'n_estimators': 296, 'min_child_weight': 6, 'gamma': 0.6659932843882066, 'subsample': 0.07032224704573369, 'colsample_bytree': 0.14481093939382544, 'reg_alpha': 0.024704137967419215, 'reg_lambda': 0.0009225483376655933}. Best is trial 6 with value: -0.03245499041122961.
[I 2023-07-23 03:10:07,486] Trial 7 finished with value: -0.04787109756778816 and parameters: {'max_depth': 4, 'learning_rate': 0.07642362541931984, 'n_estimators': 411, 'min_child_weight': 10, 'gamma': 0.8335866245168835, 'subsample': 0.03962054837070775, 'colsample_bytree': 0.017507810599991767, 'reg_alpha': 0.00018603055280180241, 'reg_lambda': 0.0003665641573290852}. Best is trial 6 with value: -0.03245499041122961.
[I 2023-07-23 03:10:23,522] Trial 8 finished with value: -0.04095016926449951 and parameters: {'max_depth': 3, 'learning_rate': 0.06096503419734848, 'n_estimators': 436, 'min_child_weight': 5, 'gamma': 0.7089575453739977, 'subsample': 0.05828949314548476, 'colsample_bytree': 0.062169852863353935, 'reg_alpha': 0.7332581493095922, 'reg_lambda': 0.018352498735715914}. Best is trial 6 with value: -0.03245499041122961.
[I 2023-07-23 03:10:35,046] Trial 9 finished with value: -0.04023195535026666 and parameters: {'max_depth': 2, 'learning_rate': 0.038362583283705655, 'n_estimators': 373, 'min_child_weight': 7, 'gamma': 0.10466958732325693, 'subsample': 0.03711111314053335, 'colsample_bytree': 0.2371179783125615, 'reg_alpha': 0.00026687162436728396, 'reg_lambda': 2.252983037006922e-05}. Best is trial 6 with value: -0.03245499041122961.
[I 2023-07-23 03:10:46,867] Trial 10 finished with value: -0.032880330293868366 and parameters: {'max_depth': 4, 'learning_rate': 0.27000291780051133, 'n_estimators': 227, 'min_child_weight': 8, 'gamma': 0.4651134264738683, 'subsample': 0.09983930493676464, 'colsample_bytree': 0.4998994771734014, 'reg_alpha': 1.3158099018033238e-08, 'reg_lambda': 4.774901076588899e-07}. Best is trial 6 with value: -0.03245499041122961.
[I 2023-07-23 03:10:59,190] Trial 11 finished with value: -0.03468837017431875 and parameters: {'max_depth': 4, 'learning_rate': 0.3213913660998657, 'n_estimators': 250, 'min_child_weight': 8, 'gamma': 0.46736944017449955, 'subsample': 0.0981705463460819, 'colsample_bytree': 0.3416343568357872, 'reg_alpha': 3.312789215147319e-08, 'reg_lambda': 2.3028657135643706e-07}. Best is trial 6 with value: -0.03245499041122961.
[I 2023-07-23 03:11:11,144] Trial 12 finished with value: -0.03258364028236202 and parameters: {'max_depth': 4, 'learning_rate': 0.24266041920932466, 'n_estimators': 238, 'min_child_weight': 8, 'gamma': 0.5444474699848885, 'subsample': 0.09954549264867264, 'colsample_bytree': 0.4428465964318334, 'reg_alpha': 1.0473064765785827e-06, 'reg_lambda': 1.470661763106845e-08}. Best is trial 6 with value: -0.03245499041122961.
[I 2023-07-23 03:11:21,745] Trial 13 finished with value: -0.03276057418760738 and parameters: {'max_depth': 5, 'learning_rate': 0.1831505191394882, 'n_estimators': 163, 'min_child_weight': 6, 'gamma': 0.9935244785823012, 'subsample': 0.09993881504267568, 'colsample_bytree': 0.18600247370435188, 'reg_alpha': 2.448538755471626e-06, 'reg_lambda': 5.7818202708549254e-08}. Best is trial 6 with value: -0.03245499041122961.
[I 2023-07-23 03:11:34,992] Trial 14 finished with value: -0.03272094855847173 and parameters: {'max_depth': 4, 'learning_rate': 0.17735809767850777, 'n_estimators': 316, 'min_child_weight': 6, 'gamma': 0.6134987291181359, 'subsample': 0.06485279214042777, 'colsample_bytree': 0.4978387710958168, 'reg_alpha': 0.0018233999816637317, 'reg_lambda': 1.0650498614773376e-08}. Best is trial 6 with value: -0.03245499041122961.
[I 2023-07-23 03:11:48,998] Trial 15 finished with value: -0.036675246315086625 and parameters: {'max_depth': 2, 'learning_rate': 0.49344028207073903, 'n_estimators': 496, 'min_child_weight': 6, 'gamma': 0.3199800230524566, 'subsample': 0.15178498254350564, 'colsample_bytree': 0.1573469560684128, 'reg_alpha': 8.957334280293805e-06, 'reg_lambda': 1.2209488672475933e-05}. Best is trial 6 with value: -0.03245499041122961.
[I 2023-07-23 03:12:04,965] Trial 16 finished with value: -0.04740994814169935 and parameters: {'max_depth': 5, 'learning_rate': 0.16896542850539947, 'n_estimators': 299, 'min_child_weight': 8, 'gamma': 0.6200744257633859, 'subsample': 0.011214968903928873, 'colsample_bytree': 0.15471151248999018, 'reg_alpha': 4.308903483244547e-07, 'reg_lambda': 1.7598885242914676e-06}. Best is trial 6 with value: -0.03245499041122961.
[I 2023-07-23 03:12:12,603] Trial 17 finished with value: -0.0361386274186669 and parameters: {'max_depth': 3, 'learning_rate': 0.13617017382052662, 'n_estimators': 188, 'min_child_weight': 9, 'gamma': 0.9130256252578434, 'subsample': 0.0424927737244016, 'colsample_bytree': 0.3374943704768586, 'reg_alpha': 0.0030777829624197583, 'reg_lambda': 2.9027137540104544e-06}. Best is trial 6 with value: -0.03245499041122961.
[I 2023-07-23 03:12:16,923] Trial 18 finished with value: -0.05106821297823022 and parameters: {'max_depth': 3, 'learning_rate': 0.31121240572646697, 'n_estimators': 86, 'min_child_weight': 7, 'gamma': 0.5969310452385205, 'subsample': 0.14761603901810771, 'colsample_bytree': 0.04135221785926302, 'reg_alpha': 2.0486056434799613e-05, 'reg_lambda': 0.9656272667315675}. Best is trial 6 with value: -0.03245499041122961.
[I 2023-07-23 03:12:18,600] Trial 19 finished with value: -0.04854802592128971 and parameters: {'max_depth': 4, 'learning_rate': 0.4846595850149704, 'n_estimators': 7, 'min_child_weight': 9, 'gamma': 0.9940149072935712, 'subsample': 0.06537571351153343, 'colsample_bytree': 0.22422820824365064, 'reg_alpha': 7.691418228573161e-07, 'reg_lambda': 2.6258918137113553e-05}. Best is trial 6 with value: -0.03245499041122961.
[I 2023-07-23 03:12:27,482] Trial 20 finished with value: -0.03988973619303113 and parameters: {'max_depth': 2, 'learning_rate': 0.21810286881569146, 'n_estimators': 274, 'min_child_weight': 6, 'gamma': 0.35955185298759784, 'subsample': 0.030551827759905295, 'colsample_bytree': 0.1508009479753172, 'reg_alpha': 0.5479735577292542, 'reg_lambda': 4.010051929964984e-08}. Best is trial 6 with value: -0.03245499041122961.
[I 2023-07-23 03:12:43,298] Trial 21 finished with value: -0.032645437202650694 and parameters: {'max_depth': 4, 'learning_rate': 0.14924630428961347, 'n_estimators': 325, 'min_child_weight': 6, 'gamma': 0.6221313357779087, 'subsample': 0.05873488549305222, 'colsample_bytree': 0.49197901095116936, 'reg_alpha': 0.0024412271918642205, 'reg_lambda': 1.4422703291984722e-08}. Best is trial 6 with value: -0.03245499041122961.
[I 2023-07-23 03:12:54,822] Trial 22 finished with value: -0.03351683450201456 and parameters: {'max_depth': 4, 'learning_rate': 0.11066748423189342, 'n_estimators': 222, 'min_child_weight': 7, 'gamma': 0.5478753589015789, 'subsample': 0.05152901812009381, 'colsample_bytree': 0.36308751985526, 'reg_alpha': 0.001274674836226566, 'reg_lambda': 1.070531330234659e-08}. Best is trial 6 with value: -0.03245499041122961.
[I 2023-07-23 03:13:14,401] Trial 23 finished with value: -0.030113792765566978 and parameters: {'max_depth': 5, 'learning_rate': 0.13469270512220619, 'n_estimators': 292, 'min_child_weight': 6, 'gamma': 0.747813629473939, 'subsample': 0.08608115286734017, 'colsample_bytree': 0.4855455382748958, 'reg_alpha': 3.339375232049595e-05, 'reg_lambda': 1.3798720974504443e-07}. Best is trial 23 with value: -0.030113792765566978.
[I 2023-07-23 03:13:31,881] Trial 24 finished with value: -0.03287075484696596 and parameters: {'max_depth': 5, 'learning_rate': 0.23071444894656776, 'n_estimators': 275, 'min_child_weight': 8, 'gamma': 0.7885469248944905, 'subsample': 0.09510944571361377, 'colsample_bytree': 0.26082841921029865, 'reg_alpha': 2.3177660312935764e-05, 'reg_lambda': 2.0692426659031832e-07}. Best is trial 23 with value: -0.030113792765566978.
[I 2023-07-23 03:13:44,509] Trial 25 finished with value: -0.03150632781404528 and parameters: {'max_depth': 5, 'learning_rate': 0.115935309128394, 'n_estimators': 192, 'min_child_weight': 7, 'gamma': 0.7159222725360846, 'subsample': 0.07499185541761355, 'colsample_bytree': 0.37319462526275604, 'reg_alpha': 4.593060294273991e-05, 'reg_lambda': 9.778277143662473e-08}. Best is trial 23 with value: -0.030113792765566978.
[I 2023-07-23 03:13:53,753] Trial 26 finished with value: -0.03331246535921952 and parameters: {'max_depth': 5, 'learning_rate': 0.05455262199207036, 'n_estimators': 132, 'min_child_weight': 6, 'gamma': 0.7211587184036733, 'subsample': 0.07823837612751106, 'colsample_bytree': 0.3488645644215252, 'reg_alpha': 5.027445656030816e-05, 'reg_lambda': 2.9120887976930906e-06}. Best is trial 23 with value: -0.030113792765566978.
[I 2023-07-23 03:14:05,460] Trial 27 finished with value: -0.03564396238450835 and parameters: {'max_depth': 5, 'learning_rate': 0.11212954069902617, 'n_estimators': 184, 'min_child_weight': 7, 'gamma': 0.841330797575531, 'subsample': 0.030285621811057574, 'colsample_bytree': 0.19802792558916718, 'reg_alpha': 0.0004936725364220264, 'reg_lambda': 7.0082491250716e-07}. Best is trial 23 with value: -0.030113792765566978.
[I 2023-07-23 03:14:20,089] Trial 28 finished with value: -0.03140794501794015 and parameters: {'max_depth': 5, 'learning_rate': 0.11765426893755067, 'n_estimators': 211, 'min_child_weight': 5, 'gamma': 0.7064172129591072, 'subsample': 0.08041568512176005, 'colsample_bytree': 0.2802758030723489, 'reg_alpha': 8.07928590599482e-05, 'reg_lambda': 8.535663453165096e-08}. Best is trial 23 with value: -0.030113792765566978.
