[I 2023-07-23 01:17:39,911] Trial 29 finished with value: -0.04550428548517851 and parameters: {'max_depth': 5, 'learning_rate': 0.15360473714534362, 'n_estimators': 222, 'min_child_weight': 7, 'gamma': 0.18311527501306704, 'subsample': 0.09967995457835886, 'colsample_bytree': 0.35318223130878246, 'reg_alpha': 0.0015148283826618312, 'reg_lambda': 4.7452258526942625e-07}. Best is trial 17 with value: -0.04167081446953731.
Number of finished trials: 30
Best trial:
  Value: -0.04167081446953731
  Params: 
    max_depth: 5
    learning_rate: 0.17359595350614093
    n_estimators: 288
    min_child_weight: 9
    gamma: 0.4089460268173111
    subsample: 0.23573322568057298
    colsample_bytree: 0.49383155363177145
    reg_alpha: 0.00018015355407042158
    reg_lambda: 0.0006454427415176258
mean_squared_error:52.94
mean_absolute_error:5.02
percentage_error:8.55%
feature_importance: [('RealPower_-1d_0h', 305.0), ('RealPower_-7d_1h', 298.0), ('RealPower_-7d_-1h', 274.0), ('RealPower_-2d_0h', 260.0), ('RealPower_-7d_0h', 247.0), ('RealPower_-3d_0h', 244.0), ('RealPower_-6d_0h', 244.0), ('dayofmonth', 242.0), ('RealPower_-5d_0h', 234.0), ('RealPower_-3d_1h', 232.0), ('RealPower_-4d_-1h', 228.0), ('RealPower_-2d_1h', 226.0), ('RealPower_-1d_1h', 217.0), ('RealPower_-4d_0h', 214.0), ('RealPower_-6d_1h', 209.0), ('RealPower_-6d_-1h', 209.0), ('RealPower_-1d_-1h', 208.0), ('RealPower_-4d_1h', 206.0), ('RealPower_-5d_1h', 204.0), ('RealPower_-5d_-1h', 202.0), ('RealPower_-3d_-1h', 194.0), ('RealPower_-2d_-1h', 177.0), ('hour', 155.0), ('month', 123.0), ('temp_-1h', 122.0), ('dayofweek', 116.0), ('temp_min_-1h', 109.0), ('temp_max_-1h', 104.0), ('temp_-4h', 98.0), ('temp_-6h', 94.0), ('temp_-2h', 90.0), ('temp_min_-2h', 87.0), ('temp_-5h', 86.0), ('temp_max_-6h', 85.0), ('temp_-3h', 84.0), ('temp_min_-6h', 83.0), ('temp_max_-2h', 78.0), ('temp_max_-5h', 76.0), ('temp_max_-4h', 75.0), ('temp_max_-3h', 70.0), ('temp_min_-3h', 69.0), ('temp_min_-4h', 69.0), ('temp_min_-5h', 52.0), ('quarter', 36.0), ('is_holiday', 30.0)]
**************************************************
Fitting model for: Mandeville
**************************************************
[I 2023-07-23 01:17:57,585] A new study created in memory with name: no-name-e6cb104b-1ca9-4f78-902e-12264fcca4eb
[I 2023-07-23 01:18:09,632] Trial 0 finished with value: -0.26864136116758275 and parameters: {'max_depth': 4, 'learning_rate': 0.45421977456529533, 'n_estimators': 276, 'min_child_weight': 7, 'gamma': 0.3006743045392257, 'subsample': 0.019474976724445994, 'colsample_bytree': 0.1045971666920878, 'reg_alpha': 0.016321687557681472, 'reg_lambda': 0.0008204245581957516}. Best is trial 0 with value: -0.26864136116758275.
[I 2023-07-23 01:18:22,975] Trial 1 finished with value: -0.08089954386257033 and parameters: {'max_depth': 5, 'learning_rate': 0.1687171707047849, 'n_estimators': 194, 'min_child_weight': 10, 'gamma': 0.5961167423766214, 'subsample': 0.3760846721604776, 'colsample_bytree': 0.21000987452388206, 'reg_alpha': 0.019391627566602017, 'reg_lambda': 0.011838895681906816}. Best is trial 1 with value: -0.08089954386257033.
[I 2023-07-23 01:18:33,645] Trial 2 finished with value: -0.17696914761357058 and parameters: {'max_depth': 2, 'learning_rate': 0.01747424504621297, 'n_estimators': 331, 'min_child_weight': 7, 'gamma': 0.8139964482927684, 'subsample': 0.12512617561158274, 'colsample_bytree': 0.04072003911402279, 'reg_alpha': 0.03653176913585802, 'reg_lambda': 4.757670579157841e-06}. Best is trial 1 with value: -0.08089954386257033.
[I 2023-07-23 01:18:47,479] Trial 3 finished with value: -0.11221478799357212 and parameters: {'max_depth': 2, 'learning_rate': 0.1509294423344627, 'n_estimators': 451, 'min_child_weight': 5, 'gamma': 0.3147879905698299, 'subsample': 0.040399675771289424, 'colsample_bytree': 0.10919868275389907, 'reg_alpha': 0.0013454848173379851, 'reg_lambda': 1.281343381535832e-07}. Best is trial 1 with value: -0.08089954386257033.
[I 2023-07-23 01:19:10,695] Trial 4 finished with value: -0.16329366150831834 and parameters: {'max_depth': 4, 'learning_rate': 0.016690783994705263, 'n_estimators': 497, 'min_child_weight': 10, 'gamma': 0.1350183028159625, 'subsample': 0.0721010244440678, 'colsample_bytree': 0.01970682618601766, 'reg_alpha': 0.0838852361437595, 'reg_lambda': 6.948779056771551e-07}. Best is trial 1 with value: -0.08089954386257033.
[I 2023-07-23 01:19:31,088] Trial 5 finished with value: -0.0906497783307828 and parameters: {'max_depth': 5, 'learning_rate': 0.03245025858225554, 'n_estimators': 293, 'min_child_weight': 9, 'gamma': 0.918805821514719, 'subsample': 0.1369356505721789, 'colsample_bytree': 0.4558392780297695, 'reg_alpha': 8.716731157009778e-08, 'reg_lambda': 2.3290671130318468e-08}. Best is trial 1 with value: -0.08089954386257033.
[I 2023-07-23 01:19:34,366] Trial 6 finished with value: -0.16579511934946964 and parameters: {'max_depth': 1, 'learning_rate': 0.10017135791090138, 'n_estimators': 96, 'min_child_weight': 7, 'gamma': 0.21625561596873402, 'subsample': 0.01727898484188354, 'colsample_bytree': 0.017664749725928068, 'reg_alpha': 1.840752288476861e-07, 'reg_lambda': 3.610052688368736e-07}. Best is trial 1 with value: -0.08089954386257033.
[I 2023-07-23 01:19:50,075] Trial 7 finished with value: -0.17248458229721483 and parameters: {'max_depth': 3, 'learning_rate': 0.015254534388624813, 'n_estimators': 420, 'min_child_weight': 7, 'gamma': 0.7978096790014076, 'subsample': 0.013076677460614094, 'colsample_bytree': 0.04298380061381602, 'reg_alpha': 9.911635130522322e-05, 'reg_lambda': 0.0033262396695671005}. Best is trial 1 with value: -0.08089954386257033.
[I 2023-07-23 01:19:55,080] Trial 8 finished with value: -0.1363548600372716 and parameters: {'max_depth': 3, 'learning_rate': 0.48692520065986944, 'n_estimators': 95, 'min_child_weight': 6, 'gamma': 0.8632416423688787, 'subsample': 0.028548748460216447, 'colsample_bytree': 0.3080594260410039, 'reg_alpha': 3.522428970656621e-05, 'reg_lambda': 3.445673800186279e-07}. Best is trial 1 with value: -0.08089954386257033.
[I 2023-07-23 01:20:10,968] Trial 9 finished with value: -0.13495481048235067 and parameters: {'max_depth': 5, 'learning_rate': 0.010455136126120907, 'n_estimators': 202, 'min_child_weight': 10, 'gamma': 0.16891697693835614, 'subsample': 0.09138625138008197, 'colsample_bytree': 0.3963590093321371, 'reg_alpha': 0.00417250264074274, 'reg_lambda': 3.297157637703291e-05}. Best is trial 1 with value: -0.08089954386257033.
[I 2023-07-23 01:20:13,624] Trial 10 finished with value: -0.10856061006163586 and parameters: {'max_depth': 4, 'learning_rate': 0.19555732603830958, 'n_estimators': 30, 'min_child_weight': 9, 'gamma': 0.5165006318649562, 'subsample': 0.4821141061963993, 'colsample_bytree': 0.20707444976986394, 'reg_alpha': 0.8460421562797742, 'reg_lambda': 0.4742100498657462}. Best is trial 1 with value: -0.08089954386257033.
[I 2023-07-23 01:20:23,967] Trial 11 finished with value: -0.08923795889290839 and parameters: {'max_depth': 5, 'learning_rate': 0.04604649259862148, 'n_estimators': 192, 'min_child_weight': 9, 'gamma': 0.5653403259305124, 'subsample': 0.26194629592265195, 'colsample_bytree': 0.48106878606728054, 'reg_alpha': 1.014326993061627e-08, 'reg_lambda': 1.5579061227017297e-08}. Best is trial 1 with value: -0.08089954386257033.
[I 2023-07-23 01:20:37,914] Trial 12 finished with value: -0.09207005282094827 and parameters: {'max_depth': 5, 'learning_rate': 0.05087795361952497, 'n_estimators': 194, 'min_child_weight': 9, 'gamma': 0.5032363339342409, 'subsample': 0.40129233902340755, 'colsample_bytree': 0.2223187589047567, 'reg_alpha': 1.2536437539938913e-08, 'reg_lambda': 1.3283657578124812e-08}. Best is trial 1 with value: -0.08089954386257033.
[I 2023-07-23 01:20:50,950] Trial 13 finished with value: -0.08896910924572361 and parameters: {'max_depth': 5, 'learning_rate': 0.05543171133720788, 'n_estimators': 176, 'min_child_weight': 10, 'gamma': 0.5122484029550168, 'subsample': 0.24387271394130994, 'colsample_bytree': 0.4640252742370496, 'reg_alpha': 5.00972529678066e-06, 'reg_lambda': 0.00010370614654455508}. Best is trial 1 with value: -0.08089954386257033.
[I 2023-07-23 01:20:58,092] Trial 14 finished with value: -0.10069979414566536 and parameters: {'max_depth': 4, 'learning_rate': 0.08620543721094698, 'n_estimators': 128, 'min_child_weight': 10, 'gamma': 0.467073013067625, 'subsample': 0.22705814775056385, 'colsample_bytree': 0.1960675587049832, 'reg_alpha': 5.080862577113767e-06, 'reg_lambda': 0.006598073265005183}. Best is trial 1 with value: -0.08089954386257033.
[I 2023-07-23 01:21:20,997] Trial 15 finished with value: -0.07619503842708171 and parameters: {'max_depth': 5, 'learning_rate': 0.17822638459623394, 'n_estimators': 354, 'min_child_weight': 8, 'gamma': 0.3823430309396707, 'subsample': 0.23990727383013719, 'colsample_bytree': 0.23303346975435205, 'reg_alpha': 0.0008033332856990591, 'reg_lambda': 0.00013193203181828273}. Best is trial 15 with value: -0.07619503842708171.
[I 2023-07-23 01:21:38,154] Trial 16 finished with value: -0.08180578210384873 and parameters: {'max_depth': 4, 'learning_rate': 0.2422453407306544, 'n_estimators': 361, 'min_child_weight': 8, 'gamma': 0.10163620542597147, 'subsample': 0.4833046043147305, 'colsample_bytree': 0.13360391420592158, 'reg_alpha': 0.0007367134925958382, 'reg_lambda': 0.06378098860793947}. Best is trial 15 with value: -0.07619503842708171.
[I 2023-07-23 01:21:51,802] Trial 17 finished with value: -0.09467350064286308 and parameters: {'max_depth': 3, 'learning_rate': 0.1367925348958664, 'n_estimators': 352, 'min_child_weight': 8, 'gamma': 0.3854487330686865, 'subsample': 0.17634546649476585, 'colsample_bytree': 0.2767492888249389, 'reg_alpha': 0.0005704920680460314, 'reg_lambda': 0.0002347071604453792}. Best is trial 15 with value: -0.07619503842708171.
[I 2023-07-23 01:21:59,826] Trial 18 finished with value: -0.10589584532166815 and parameters: {'max_depth': 2, 'learning_rate': 0.278481859390454, 'n_estimators': 237, 'min_child_weight': 5, 'gamma': 0.695241597874442, 'subsample': 0.31745616832680557, 'colsample_bytree': 0.14802261696117758, 'reg_alpha': 0.0053844551977061, 'reg_lambda': 1.671544706072785e-05}. Best is trial 15 with value: -0.07619503842708171.
[I 2023-07-23 01:22:24,834] Trial 19 finished with value: -0.09029546349850198 and parameters: {'max_depth': 5, 'learning_rate': 0.1074869796707288, 'n_estimators': 376, 'min_child_weight': 8, 'gamma': 0.35200107099454736, 'subsample': 0.32112060624865757, 'colsample_bytree': 0.0828344632364362, 'reg_alpha': 0.15503589106766788, 'reg_lambda': 0.017704776687977784}. Best is trial 15 with value: -0.07619503842708171.
[I 2023-07-23 01:22:33,154] Trial 20 finished with value: -0.12439339173671285 and parameters: {'max_depth': 1, 'learning_rate': 0.16486957231545243, 'n_estimators': 289, 'min_child_weight': 6, 'gamma': 0.6229638717209007, 'subsample': 0.1766590566863807, 'colsample_bytree': 0.16138834980726816, 'reg_alpha': 0.011825028272891645, 'reg_lambda': 0.0008154447409626053}. Best is trial 15 with value: -0.07619503842708171.
[I 2023-07-23 01:22:52,283] Trial 21 finished with value: -0.08172830208321352 and parameters: {'max_depth': 4, 'learning_rate': 0.27744512223951406, 'n_estimators': 402, 'min_child_weight': 8, 'gamma': 0.10090772602184556, 'subsample': 0.454917281603778, 'colsample_bytree': 0.13274325316797866, 'reg_alpha': 0.0006071360723660538, 'reg_lambda': 0.04721385128053145}. Best is trial 15 with value: -0.07619503842708171.
[I 2023-07-23 01:23:11,748] Trial 22 finished with value: -0.07987932826295778 and parameters: {'max_depth': 4, 'learning_rate': 0.3049515131261116, 'n_estimators': 399, 'min_child_weight': 8, 'gamma': 0.24946498749346216, 'subsample': 0.3361427808086109, 'colsample_bytree': 0.2862159896842531, 'reg_alpha': 0.0018485421713615962, 'reg_lambda': 0.10278257107271548}. Best is trial 15 with value: -0.07619503842708171.
[I 2023-07-23 01:23:32,881] Trial 23 finished with value: -0.07678892475530706 and parameters: {'max_depth': 5, 'learning_rate': 0.34016800530601915, 'n_estimators': 322, 'min_child_weight': 9, 'gamma': 0.27130161501784605, 'subsample': 0.3009623035577202, 'colsample_bytree': 0.2886564557227195, 'reg_alpha': 0.003280850613162617, 'reg_lambda': 0.6599476182687773}. Best is trial 15 with value: -0.07619503842708171.
[I 2023-07-23 01:23:49,267] Trial 24 finished with value: -0.08303739426551524 and parameters: {'max_depth': 4, 'learning_rate': 0.332802473822956, 'n_estimators': 326, 'min_child_weight': 9, 'gamma': 0.27242180433418617, 'subsample': 0.29818938663288913, 'colsample_bytree': 0.277141478564896, 'reg_alpha': 0.0018751756616609742, 'reg_lambda': 0.2036292870174684}. Best is trial 15 with value: -0.07619503842708171.
[I 2023-07-23 01:24:20,123] Trial 25 finished with value: -0.08346995777392754 and parameters: {'max_depth': 5, 'learning_rate': 0.35195148480490335, 'n_estimators': 456, 'min_child_weight': 8, 'gamma': 0.24837159286806543, 'subsample': 0.19960742423403977, 'colsample_bytree': 0.3500161115800078, 'reg_alpha': 0.00014368771781974316, 'reg_lambda': 0.9975402377199633}. Best is trial 15 with value: -0.07619503842708171.
[I 2023-07-23 01:24:39,945] Trial 26 finished with value: -0.08734060216133592 and parameters: {'max_depth': 4, 'learning_rate': 0.21585762506751918, 'n_estimators': 402, 'min_child_weight': 9, 'gamma': 0.39749936559899507, 'subsample': 0.13428048618940888, 'colsample_bytree': 0.31066638664279295, 'reg_alpha': 0.004318243507730345, 'reg_lambda': 0.15782111112526573}. Best is trial 15 with value: -0.07619503842708171.
[I 2023-07-23 01:24:57,866] Trial 27 finished with value: -0.08071425533830476 and parameters: {'max_depth': 5, 'learning_rate': 0.3508837271724008, 'n_estimators': 245, 'min_child_weight': 8, 'gamma': 0.22188010392319096, 'subsample': 0.282769688959234, 'colsample_bytree': 0.2656804173995326, 'reg_alpha': 0.00023095554672847743, 'reg_lambda': 0.795084357821753}. Best is trial 15 with value: -0.07619503842708171.
[I 2023-07-23 01:25:14,009] Trial 28 finished with value: -0.08083454482398837 and parameters: {'max_depth': 4, 'learning_rate': 0.21286939856744003, 'n_estimators': 319, 'min_child_weight': 6, 'gamma': 0.3982253913165652, 'subsample': 0.3570851937546633, 'colsample_bytree': 0.3537992133307545, 'reg_alpha': 0.003290057590729286, 'reg_lambda': 0.0595438033851202}. Best is trial 15 with value: -0.07619503842708171.
[I 2023-07-23 01:25:34,119] Trial 29 finished with value: -0.09672047703787821 and parameters: {'max_depth': 4, 'learning_rate': 0.4786796022931868, 'n_estimators': 442, 'min_child_weight': 7, 'gamma': 0.2896381536297587, 'subsample': 0.21132791001459672, 'colsample_bytree': 0.16709518466503673, 'reg_alpha': 0.009961447937608647, 'reg_lambda': 0.0016898504604888173}. Best is trial 15 with value: -0.07619503842708171.
Number of finished trials: 30
Best trial:
  Value: -0.07619503842708171
  Params: 
    max_depth: 5
    learning_rate: 0.17822638459623394
    n_estimators: 354
    min_child_weight: 8
    gamma: 0.3823430309396707
    subsample: 0.23990727383013719
    colsample_bytree: 0.23303346975435205
    reg_alpha: 0.0008033332856990591
    reg_lambda: 0.00013193203181828273
mean_squared_error:34.56
mean_absolute_error:4.07
percentage_error:13.36%
feature_importance: [('RealPower_-1d_0h', 376.0), ('dayofmonth', 330.0), ('RealPower_-6d_-1h', 278.0), ('RealPower_-7d_-1h', 274.0), ('RealPower_-2d_0h', 271.0), ('RealPower_-3d_1h', 268.0), ('RealPower_-3d_0h', 264.0), ('RealPower_-5d_1h', 262.0), ('RealPower_-2d_1h', 256.0), ('RealPower_-7d_0h', 256.0), ('RealPower_-1d_-1h', 249.0), ('RealPower_-6d_0h', 246.0), ('RealPower_-1d_1h', 242.0), ('RealPower_-4d_-1h', 240.0), ('RealPower_-6d_1h', 234.0), ('RealPower_-7d_1h', 231.0), ('RealPower_-3d_-1h', 231.0), ('RealPower_-2d_-1h', 225.0), ('RealPower_-4d_1h', 217.0), ('RealPower_-4d_0h', 215.0), ('RealPower_-5d_0h', 213.0), ('temp_max_-5h', 211.0), ('RealPower_-5d_-1h', 206.0), ('month', 198.0), ('temp_max_-1h', 196.0), ('temp_min_-6h', 192.0), ('temp_min_-1h', 184.0), ('temp_-1h', 181.0), ('temp_max_-6h', 179.0), ('temp_-6h', 171.0), ('temp_min_-2h', 170.0), ('temp_max_-2h', 167.0), ('temp_min_-4h', 161.0), ('temp_-5h', 159.0), ('temp_-2h', 157.0), ('temp_max_-3h', 153.0), ('temp_max_-4h', 152.0), ('hour', 149.0), ('dayofweek', 148.0), ('temp_-4h', 143.0), ('temp_-3h', 136.0), ('temp_min_-3h', 131.0), ('temp_min_-5h', 128.0), ('quarter', 91.0), ('is_holiday', 25.0)]




['MusicBuilding', 'PepperCanyon', 'RadyHall', 'SocialScience']
**************************************************
Fitting model for: CenterHall
**************************************************
[I 2023-07-23 02:13:31,012] A new study created in memory with name: no-name-03d6862a-d194-4b9e-a49b-1e74b16c046e
[I 2023-07-23 02:13:36,010] Trial 0 finished with value: -0.17046720521045997 and parameters: {'max_depth': 1, 'learning_rate': 0.06070273238244414, 'n_estimators': 225, 'min_child_weight': 9, 'gamma': 0.22785498201296775, 'subsample': 0.029646651308998375, 'colsample_bytree': 0.010596607796535694, 'reg_alpha': 0.00017973953757041008, 'reg_lambda': 0.0001317141267910832}. Best is trial 0 with value: -0.17046720521045997.
[I 2023-07-23 02:13:45,372] Trial 1 finished with value: -0.07006041476698119 and parameters: {'max_depth': 5, 'learning_rate': 0.12341495263477278, 'n_estimators': 221, 'min_child_weight': 5, 'gamma': 0.2215779685077034, 'subsample': 0.04426787588336088, 'colsample_bytree': 0.11541978079473308, 'reg_alpha': 0.6538116203797866, 'reg_lambda': 0.06026280859907163}. Best is trial 1 with value: -0.07006041476698119.
[I 2023-07-23 02:14:04,237] Trial 2 finished with value: -0.138747624313365 and parameters: {'max_depth': 5, 'learning_rate': 0.035419751331708695, 'n_estimators': 489, 'min_child_weight': 5, 'gamma': 0.26270240359694025, 'subsample': 0.09360057314759523, 'colsample_bytree': 0.011789340838043567, 'reg_alpha': 0.8990912538856889, 'reg_lambda': 1.1979500697596231e-08}. Best is trial 1 with value: -0.07006041476698119.
[I 2023-07-23 02:14:18,744] Trial 3 finished with value: -0.05780352165002278 and parameters: {'max_depth': 4, 'learning_rate': 0.3202599607163853, 'n_estimators': 379, 'min_child_weight': 8, 'gamma': 0.5216212721245631, 'subsample': 0.16200014900757745, 'colsample_bytree': 0.23559651451173846, 'reg_alpha': 7.296958754913996e-08, 'reg_lambda': 0.2770504060920559}. Best is trial 3 with value: -0.05780352165002278.
[I 2023-07-23 02:14:22,754] Trial 4 finished with value: -0.078103988422801 and parameters: {'max_depth': 5, 'learning_rate': 0.3557905076411719, 'n_estimators': 51, 'min_child_weight': 10, 'gamma': 0.4296401772573374, 'subsample': 0.1460794393573488, 'colsample_bytree': 0.1189399408220963, 'reg_alpha': 7.215935735909603e-05, 'reg_lambda': 1.0260906746861253e-06}. Best is trial 3 with value: -0.05780352165002278.
[I 2023-07-23 02:14:29,017] Trial 5 finished with value: -0.17065500057738664 and parameters: {'max_depth': 1, 'learning_rate': 0.05135722216625067, 'n_estimators': 270, 'min_child_weight': 6, 'gamma': 0.8387177757026405, 'subsample': 0.011230769028245177, 'colsample_bytree': 0.013686080002973151, 'reg_alpha': 5.374110279093013e-08, 'reg_lambda': 3.2586716803368472e-06}. Best is trial 3 with value: -0.05780352165002278.
[I 2023-07-23 02:14:32,055] Trial 6 finished with value: -0.08555842415115422 and parameters: {'max_depth': 3, 'learning_rate': 0.31561668172692225, 'n_estimators': 45, 'min_child_weight': 8, 'gamma': 0.2753430771781932, 'subsample': 0.04288903496609249, 'colsample_bytree': 0.25861703024549004, 'reg_alpha': 0.00024997413494318643, 'reg_lambda': 0.007092545729148456}. Best is trial 3 with value: -0.05780352165002278.
[I 2023-07-23 02:14:35,453] Trial 7 finished with value: -0.4705140045237858 and parameters: {'max_depth': 3, 'learning_rate': 0.01232532060132279, 'n_estimators': 55, 'min_child_weight': 6, 'gamma': 0.1310647088418834, 'subsample': 0.01820339554570829, 'colsample_bytree': 0.10688875793545863, 'reg_alpha': 0.001686244075852232, 'reg_lambda': 4.685727176069533e-08}. Best is trial 3 with value: -0.05780352165002278.
[I 2023-07-23 02:14:42,685] Trial 8 finished with value: -0.1389532315853465 and parameters: {'max_depth': 4, 'learning_rate': 0.09832558777380196, 'n_estimators': 228, 'min_child_weight': 9, 'gamma': 0.7990848405188932, 'subsample': 0.013707368183765672, 'colsample_bytree': 0.01841502425012191, 'reg_alpha': 0.06922112166338058, 'reg_lambda': 0.19307348232708924}. Best is trial 3 with value: -0.05780352165002278.
[I 2023-07-23 02:14:50,315] Trial 9 finished with value: -0.08989848469984242 and parameters: {'max_depth': 2, 'learning_rate': 0.028303964269852388, 'n_estimators': 330, 'min_child_weight': 7, 'gamma': 0.6036061941628111, 'subsample': 0.433415670805346, 'colsample_bytree': 0.263878635667708, 'reg_alpha': 7.490623614596193e-06, 'reg_lambda': 0.9791853020043088}. Best is trial 3 with value: -0.05780352165002278.
[I 2023-07-23 02:15:05,584] Trial 10 finished with value: -0.058317395930530855 and parameters: {'max_depth': 4, 'learning_rate': 0.46297287177394997, 'n_estimators': 438, 'min_child_weight': 8, 'gamma': 0.45850555690571176, 'subsample': 0.18495863327499493, 'colsample_bytree': 0.4831319188917843, 'reg_alpha': 2.3351150139731948e-08, 'reg_lambda': 0.0019394240311723613}. Best is trial 3 with value: -0.05780352165002278.
[I 2023-07-23 02:15:21,953] Trial 11 finished with value: -0.05586708872683027 and parameters: {'max_depth': 4, 'learning_rate': 0.4068654440920201, 'n_estimators': 455, 'min_child_weight': 8, 'gamma': 0.4622327785558278, 'subsample': 0.17325343490966932, 'colsample_bytree': 0.49195436510211776, 'reg_alpha': 1.5108250119642122e-08, 'reg_lambda': 0.005234482199669544}. Best is trial 11 with value: -0.05586708872683027.
