[I 2023-07-23 03:41:13,835] Trial 29 finished with value: -0.04616196180575348 and parameters: {'max_depth': 3, 'learning_rate': 0.05751160618401609, 'n_estimators': 225, 'min_child_weight': 8, 'gamma': 0.11797175116097268, 'subsample': 0.4509418904703038, 'colsample_bytree': 0.28911657214901143, 'reg_alpha': 0.0017266145905251253, 'reg_lambda': 0.00814613820294221}. Best is trial 25 with value: -0.04301464573035209.
Number of finished trials: 30
Best trial:
  Value: -0.04301464573035209
  Params: 
    max_depth: 4
    learning_rate: 0.12865861105932144
    n_estimators: 366
    min_child_weight: 7
    gamma: 0.12160833962085638
    subsample: 0.3199301645598656
    colsample_bytree: 0.1561461332646975
    reg_alpha: 0.07009891381270666
    reg_lambda: 0.0030282164163103666
mean_squared_error:49.74
mean_absolute_error:4.87
percentage_error:8.29%
feature_importance: [('RealPower_-1d_0h', 212.0), ('RealPower_-6d_-1h', 184.0), ('RealPower_-7d_-1h', 167.0), ('RealPower_-3d_1h', 163.0), ('RealPower_-7d_0h', 160.0), ('RealPower_-1d_-1h', 159.0), ('RealPower_-1d_1h', 153.0), ('RealPower_-2d_0h', 153.0), ('RealPower_-2d_-1h', 153.0), ('RealPower_-3d_0h', 152.0), ('RealPower_-5d_1h', 151.0), ('RealPower_-4d_0h', 147.0), ('RealPower_-7d_1h', 142.0), ('RealPower_-3d_-1h', 139.0), ('dayofmonth', 132.0), ('RealPower_-4d_1h', 131.0), ('RealPower_-6d_0h', 126.0), ('RealPower_-5d_0h', 123.0), ('RealPower_-2d_1h', 121.0), ('RealPower_-6d_1h', 119.0), ('RealPower_-4d_-1h', 119.0), ('temp_-5h', 105.0), ('temp_min_-2h', 105.0), ('hour', 104.0), ('month', 103.0), ('temp_-1h', 99.0), ('temp_min_-4h', 99.0), ('temp_-2h', 98.0), ('temp_max_-5h', 95.0), ('temp_-4h', 94.0), ('temp_min_-6h', 91.0), ('RealPower_-5d_-1h', 90.0), ('temp_max_-2h', 88.0), ('temp_min_-1h', 88.0), ('dayofweek', 86.0), ('temp_-3h', 86.0), ('temp_max_-6h', 85.0), ('temp_min_-5h', 83.0), ('temp_min_-3h', 80.0), ('temp_max_-4h', 78.0), ('temp_max_-1h', 77.0), ('temp_-6h', 77.0), ('temp_max_-3h', 70.0), ('is_holiday', 38.0), ('quarter', 25.0)]
**************************************************
Fitting model for: Mandeville
**************************************************
[I 2023-07-23 03:41:28,701] A new study created in memory with name: no-name-374677cf-26e9-4169-8233-2116d6100e6f
[I 2023-07-23 03:41:50,340] Trial 0 finished with value: -0.1005102954167719 and parameters: {'max_depth': 4, 'learning_rate': 0.04754805267942474, 'n_estimators': 461, 'min_child_weight': 8, 'gamma': 0.5168589927343968, 'subsample': 0.038129462585645715, 'colsample_bytree': 0.1761842972319545, 'reg_alpha': 0.067434393223641, 'reg_lambda': 8.221963923323686e-07}. Best is trial 0 with value: -0.1005102954167719.
[I 2023-07-23 03:41:58,999] Trial 1 finished with value: -0.09058391658268565 and parameters: {'max_depth': 4, 'learning_rate': 0.3690789127273665, 'n_estimators': 159, 'min_child_weight': 5, 'gamma': 0.15348098001837715, 'subsample': 0.26620286003140914, 'colsample_bytree': 0.2568659995590017, 'reg_alpha': 0.009321706177844237, 'reg_lambda': 1.8369416056305544e-06}. Best is trial 1 with value: -0.09058391658268565.
[I 2023-07-23 03:42:00,847] Trial 2 finished with value: -0.14059683460172986 and parameters: {'max_depth': 1, 'learning_rate': 0.48972813895550227, 'n_estimators': 31, 'min_child_weight': 9, 'gamma': 0.629774253925101, 'subsample': 0.014430937633443731, 'colsample_bytree': 0.14683818710169402, 'reg_alpha': 0.7536375169216526, 'reg_lambda': 8.954098494041019e-06}. Best is trial 1 with value: -0.09058391658268565.
[I 2023-07-23 03:42:11,642] Trial 3 finished with value: -0.14662650386431553 and parameters: {'max_depth': 1, 'learning_rate': 0.020227202618845495, 'n_estimators': 446, 'min_child_weight': 8, 'gamma': 0.9108933063719223, 'subsample': 0.18646715512900988, 'colsample_bytree': 0.06321832273594177, 'reg_alpha': 9.072302626214926e-08, 'reg_lambda': 0.003813435086929001}. Best is trial 1 with value: -0.09058391658268565.
[I 2023-07-23 03:42:24,310] Trial 4 finished with value: -0.10281724892702297 and parameters: {'max_depth': 3, 'learning_rate': 0.03949054669823622, 'n_estimators': 321, 'min_child_weight': 9, 'gamma': 0.8431137948075023, 'subsample': 0.40414602161295965, 'colsample_bytree': 0.25319085265885144, 'reg_alpha': 0.011829049049313319, 'reg_lambda': 0.23421565277611522}. Best is trial 1 with value: -0.09058391658268565.
[I 2023-07-23 03:42:29,125] Trial 5 finished with value: -0.13587671436734203 and parameters: {'max_depth': 3, 'learning_rate': 0.28821265135446983, 'n_estimators': 110, 'min_child_weight': 7, 'gamma': 0.11307416712787588, 'subsample': 0.012365678590712154, 'colsample_bytree': 0.10397432428565395, 'reg_alpha': 0.0034964746113258153, 'reg_lambda': 8.92962561707173e-06}. Best is trial 1 with value: -0.09058391658268565.
[I 2023-07-23 03:42:41,564] Trial 6 finished with value: -0.11180557456703041 and parameters: {'max_depth': 3, 'learning_rate': 0.05613320909314154, 'n_estimators': 322, 'min_child_weight': 7, 'gamma': 0.23331903891126862, 'subsample': 0.010838613900249441, 'colsample_bytree': 0.28814847960762874, 'reg_alpha': 4.80956054590245e-07, 'reg_lambda': 1.6649757148170784e-07}. Best is trial 1 with value: -0.09058391658268565.
[I 2023-07-23 03:43:00,431] Trial 7 finished with value: -0.1199960279173525 and parameters: {'max_depth': 4, 'learning_rate': 0.015723928278939106, 'n_estimators': 395, 'min_child_weight': 10, 'gamma': 0.40810805620592444, 'subsample': 0.014542047075105648, 'colsample_bytree': 0.12346670537056752, 'reg_alpha': 0.010985230732991305, 'reg_lambda': 1.73308630274201e-07}. Best is trial 1 with value: -0.09058391658268565.
[I 2023-07-23 03:43:25,015] Trial 8 finished with value: -0.10840480573124771 and parameters: {'max_depth': 5, 'learning_rate': 0.010201510154326165, 'n_estimators': 382, 'min_child_weight': 8, 'gamma': 0.12678331448216917, 'subsample': 0.02598319717243717, 'colsample_bytree': 0.22490415981108566, 'reg_alpha': 3.45581787343799e-08, 'reg_lambda': 1.5582489675208376e-07}. Best is trial 1 with value: -0.09058391658268565.
[I 2023-07-23 03:43:31,159] Trial 9 finished with value: -0.1695249572504108 and parameters: {'max_depth': 1, 'learning_rate': 0.01722466565821781, 'n_estimators': 224, 'min_child_weight': 9, 'gamma': 0.8249264413735404, 'subsample': 0.01949377469180037, 'colsample_bytree': 0.0657635615697398, 'reg_alpha': 1.5565711184228753e-07, 'reg_lambda': 0.4097369739851531}. Best is trial 1 with value: -0.09058391658268565.
[I 2023-07-23 03:43:44,076] Trial 10 finished with value: -0.08574182874338902 and parameters: {'max_depth': 5, 'learning_rate': 0.14958296137055882, 'n_estimators': 169, 'min_child_weight': 5, 'gamma': 0.2261805233065452, 'subsample': 0.1268987487687409, 'colsample_bytree': 0.49696271198820624, 'reg_alpha': 9.663718613903523e-05, 'reg_lambda': 1.2925533622173663e-08}. Best is trial 10 with value: -0.08574182874338902.
[I 2023-07-23 03:43:57,312] Trial 11 finished with value: -0.08733386007739476 and parameters: {'max_depth': 5, 'learning_rate': 0.1646793416382486, 'n_estimators': 179, 'min_child_weight': 5, 'gamma': 0.21518485989972932, 'subsample': 0.11329997488934443, 'colsample_bytree': 0.4778583816437217, 'reg_alpha': 0.0001358402290300095, 'reg_lambda': 1.435756637843977e-08}. Best is trial 10 with value: -0.08574182874338902.
[I 2023-07-23 03:44:11,338] Trial 12 finished with value: -0.08692257719975476 and parameters: {'max_depth': 5, 'learning_rate': 0.16688137074189918, 'n_estimators': 196, 'min_child_weight': 5, 'gamma': 0.2599927098241784, 'subsample': 0.11156232923724903, 'colsample_bytree': 0.4972083847818997, 'reg_alpha': 6.055481867224083e-05, 'reg_lambda': 1.2828680277449241e-08}. Best is trial 10 with value: -0.08574182874338902.
[I 2023-07-23 03:44:16,425] Trial 13 finished with value: -0.16040585086762704 and parameters: {'max_depth': 5, 'learning_rate': 0.1312337848186035, 'n_estimators': 65, 'min_child_weight': 6, 'gamma': 0.30461571638157803, 'subsample': 0.06908215733579384, 'colsample_bytree': 0.023886673462800708, 'reg_alpha': 3.444164819330148e-05, 'reg_lambda': 1.3428169234909072e-08}. Best is trial 10 with value: -0.08574182874338902.
[I 2023-07-23 03:44:34,880] Trial 14 finished with value: -0.08621153221882165 and parameters: {'max_depth': 5, 'learning_rate': 0.11258459107158408, 'n_estimators': 259, 'min_child_weight': 6, 'gamma': 0.20531395764287388, 'subsample': 0.09076744396015263, 'colsample_bytree': 0.473830791214888, 'reg_alpha': 1.6404348332175662e-05, 'reg_lambda': 1.014509268762093e-08}. Best is trial 10 with value: -0.08574182874338902.
[I 2023-07-23 03:44:44,360] Trial 15 finished with value: -0.10985116619451993 and parameters: {'max_depth': 2, 'learning_rate': 0.10003006856959556, 'n_estimators': 273, 'min_child_weight': 6, 'gamma': 0.1792263445979353, 'subsample': 0.05339872266729253, 'colsample_bytree': 0.4688144352406584, 'reg_alpha': 3.8029883220617297e-06, 'reg_lambda': 0.00026838766630582093}. Best is trial 10 with value: -0.08574182874338902.
[I 2023-07-23 03:44:51,279] Trial 16 finished with value: -0.09931934479330513 and parameters: {'max_depth': 4, 'learning_rate': 0.08228498043315562, 'n_estimators': 116, 'min_child_weight': 6, 'gamma': 0.18595958054543424, 'subsample': 0.10901688110115573, 'colsample_bytree': 0.33350488138772916, 'reg_alpha': 1.048255383385936e-08, 'reg_lambda': 8.546946217789487e-08}. Best is trial 10 with value: -0.08574182874338902.
[I 2023-07-23 03:45:09,979] Trial 17 finished with value: -0.08087645988507723 and parameters: {'max_depth': 5, 'learning_rate': 0.23134718087996667, 'n_estimators': 274, 'min_child_weight': 6, 'gamma': 0.324206001019105, 'subsample': 0.18885753258599394, 'colsample_bytree': 0.33904812063719686, 'reg_alpha': 0.0003381195478304543, 'reg_lambda': 1.979408484469566e-06}. Best is trial 17 with value: -0.08087645988507723.
[I 2023-07-23 03:45:20,441] Trial 18 finished with value: -0.10459498263132576 and parameters: {'max_depth': 2, 'learning_rate': 0.2927682589295772, 'n_estimators': 316, 'min_child_weight': 5, 'gamma': 0.29906732141811404, 'subsample': 0.17903990528033073, 'colsample_bytree': 0.17067163105649227, 'reg_alpha': 0.0004741529754888457, 'reg_lambda': 1.9619103771196943e-06}. Best is trial 17 with value: -0.08087645988507723.
[I 2023-07-23 03:45:28,499] Trial 19 finished with value: -0.08833864747313314 and parameters: {'max_depth': 4, 'learning_rate': 0.20622387143598758, 'n_estimators': 139, 'min_child_weight': 7, 'gamma': 0.39617051170869744, 'subsample': 0.4632217205476333, 'colsample_bytree': 0.34085597754041314, 'reg_alpha': 0.0007231228378911993, 'reg_lambda': 5.780072462246648e-05}. Best is trial 17 with value: -0.08087645988507723.
[I 2023-07-23 03:45:43,658] Trial 20 finished with value: -0.09114480948629015 and parameters: {'max_depth': 5, 'learning_rate': 0.21823601122774852, 'n_estimators': 226, 'min_child_weight': 6, 'gamma': 0.2594403698011799, 'subsample': 0.18255604435145, 'colsample_bytree': 0.09586540498267107, 'reg_alpha': 4.285226529633707e-06, 'reg_lambda': 3.6923384052443726e-07}. Best is trial 17 with value: -0.08087645988507723.
[I 2023-07-23 03:46:01,203] Trial 21 finished with value: -0.08802573753180824 and parameters: {'max_depth': 5, 'learning_rate': 0.11509700032223132, 'n_estimators': 264, 'min_child_weight': 6, 'gamma': 0.20377994953599815, 'subsample': 0.08398797470694518, 'colsample_bytree': 0.3616678372069137, 'reg_alpha': 1.5782434368500572e-05, 'reg_lambda': 4.638498234279361e-08}. Best is trial 17 with value: -0.08087645988507723.
[I 2023-07-23 03:46:21,896] Trial 22 finished with value: -0.07947686999648196 and parameters: {'max_depth': 5, 'learning_rate': 0.12727358385353071, 'n_estimators': 289, 'min_child_weight': 5, 'gamma': 0.1605494397291807, 'subsample': 0.1534490545674407, 'colsample_bytree': 0.493157688378291, 'reg_alpha': 0.00022167822210596023, 'reg_lambda': 1.0807700163749707e-08}. Best is trial 22 with value: -0.07947686999648196.
[I 2023-07-23 03:46:40,158] Trial 23 finished with value: -0.09119672551684321 and parameters: {'max_depth': 4, 'learning_rate': 0.081640544103498, 'n_estimators': 369, 'min_child_weight': 5, 'gamma': 0.15098170584233475, 'subsample': 0.1457754196718784, 'colsample_bytree': 0.19395948664197762, 'reg_alpha': 0.00029681381330379995, 'reg_lambda': 5.85316950732086e-08}. Best is trial 22 with value: -0.07947686999648196.
[I 2023-07-23 03:46:57,679] Trial 24 finished with value: -0.07609998518330566 and parameters: {'max_depth': 5, 'learning_rate': 0.14601464616266963, 'n_estimators': 296, 'min_child_weight': 5, 'gamma': 0.36133158402943194, 'subsample': 0.268246432447286, 'colsample_bytree': 0.3376566605837507, 'reg_alpha': 0.0008057539221708391, 'reg_lambda': 8.272888564381062e-07}. Best is trial 24 with value: -0.07609998518330566.
[I 2023-07-23 03:47:10,886] Trial 25 finished with value: -0.0832509267828994 and parameters: {'max_depth': 4, 'learning_rate': 0.19005354803225163, 'n_estimators': 294, 'min_child_weight': 5, 'gamma': 0.10109892715227169, 'subsample': 0.2727128702605662, 'colsample_bytree': 0.3333934814580257, 'reg_alpha': 0.0012860273926847807, 'reg_lambda': 1.0032563829552718e-06}. Best is trial 24 with value: -0.07609998518330566.
[I 2023-07-23 03:47:34,703] Trial 26 finished with value: -0.07505288249183825 and parameters: {'max_depth': 5, 'learning_rate': 0.2655992087445147, 'n_estimators': 350, 'min_child_weight': 6, 'gamma': 0.38261009132080176, 'subsample': 0.2888325354059644, 'colsample_bytree': 0.2407957585912723, 'reg_alpha': 0.0010373486696508962, 'reg_lambda': 4.754441139580012e-07}. Best is trial 26 with value: -0.07505288249183825.
[I 2023-07-23 03:47:50,472] Trial 27 finished with value: -0.10184664544857436 and parameters: {'max_depth': 2, 'learning_rate': 0.13385189263459268, 'n_estimators': 500, 'min_child_weight': 7, 'gamma': 0.40052701868934437, 'subsample': 0.31605871959915216, 'colsample_bytree': 0.22840719397416562, 'reg_alpha': 0.0018065695137997257, 'reg_lambda': 5.960534063710662e-08}. Best is trial 26 with value: -0.07505288249183825.
[I 2023-07-23 03:48:07,545] Trial 28 finished with value: -0.08095203437087999 and parameters: {'max_depth': 4, 'learning_rate': 0.2867934824593786, 'n_estimators': 350, 'min_child_weight': 5, 'gamma': 0.36196889873918464, 'subsample': 0.3578815179946068, 'colsample_bytree': 0.20977745411621174, 'reg_alpha': 0.00016252446656833902, 'reg_lambda': 3.298016464017212e-07}. Best is trial 26 with value: -0.07505288249183825.
[I 2023-07-23 03:48:27,396] Trial 29 finished with value: -0.08739011050117226 and parameters: {'max_depth': 4, 'learning_rate': 0.09184382933184367, 'n_estimators': 426, 'min_child_weight': 6, 'gamma': 0.4839819407833569, 'subsample': 0.24924279002399274, 'colsample_bytree': 0.1724666801498741, 'reg_alpha': 0.10761613690887573, 'reg_lambda': 9.001729393855988e-07}. Best is trial 26 with value: -0.07505288249183825.
Number of finished trials: 30
Best trial:
  Value: -0.07505288249183825
  Params: 
    max_depth: 5
    learning_rate: 0.2655992087445147
    n_estimators: 350
    min_child_weight: 6
    gamma: 0.38261009132080176
    subsample: 0.2888325354059644
    colsample_bytree: 0.2407957585912723
    reg_alpha: 0.0010373486696508962
    reg_lambda: 4.754441139580012e-07
mean_squared_error:38.98
mean_absolute_error:4.29
percentage_error:14.04%
feature_importance: [('RealPower_-1d_0h', 363.0), ('dayofmonth', 311.0), ('RealPower_-2d_0h', 307.0), ('RealPower_-3d_1h', 286.0), ('RealPower_-6d_-1h', 285.0), ('RealPower_-7d_-1h', 283.0), ('RealPower_-1d_-1h', 281.0), ('RealPower_-3d_0h', 280.0), ('RealPower_-2d_1h', 268.0), ('RealPower_-5d_1h', 267.0), ('RealPower_-7d_0h', 262.0), ('RealPower_-3d_-1h', 259.0), ('RealPower_-4d_0h', 254.0), ('RealPower_-7d_1h', 248.0), ('RealPower_-4d_-1h', 248.0), ('RealPower_-1d_1h', 242.0), ('RealPower_-6d_1h', 231.0), ('RealPower_-2d_-1h', 231.0), ('RealPower_-4d_1h', 230.0), ('RealPower_-6d_0h', 228.0), ('RealPower_-5d_-1h', 213.0), ('RealPower_-5d_0h', 203.0), ('temp_max_-1h', 202.0), ('temp_-5h', 196.0), ('temp_-1h', 194.0), ('month', 188.0), ('temp_min_-6h', 187.0), ('temp_max_-6h', 178.0), ('temp_min_-2h', 175.0), ('temp_max_-5h', 171.0), ('temp_min_-4h', 166.0), ('temp_-3h', 163.0), ('temp_-6h', 162.0), ('hour', 159.0), ('temp_min_-1h', 157.0), ('temp_max_-4h', 153.0), ('temp_max_-3h', 150.0), ('temp_-2h', 150.0), ('temp_-4h', 149.0), ('temp_max_-2h', 147.0), ('temp_min_-5h', 144.0), ('dayofweek', 141.0), ('temp_min_-3h', 129.0), ('quarter', 63.0), ('is_holiday', 17.0)]
**************************************************
Fitting model for: MusicBuilding
**************************************************
[I 2023-07-23 03:48:45,578] A new study created in memory with name: no-name-274987d9-7741-444c-aab5-06fe45282984
[I 2023-07-23 03:48:56,542] Trial 0 finished with value: -0.06687559376174079 and parameters: {'max_depth': 4, 'learning_rate': 0.02130611327755433, 'n_estimators': 214, 'min_child_weight': 10, 'gamma': 0.6743754384864311, 'subsample': 0.025047660644862316, 'colsample_bytree': 0.21254637469075688, 'reg_alpha': 5.74541848075032e-06, 'reg_lambda': 1.0878195611500195e-05}. Best is trial 0 with value: -0.06687559376174079.
[I 2023-07-23 03:49:15,585] Trial 1 finished with value: -0.06600289944010858 and parameters: {'max_depth': 3, 'learning_rate': 0.04149699805872625, 'n_estimators': 487, 'min_child_weight': 6, 'gamma': 0.26253388717231835, 'subsample': 0.35370402758668756, 'colsample_bytree': 0.07686661949732805, 'reg_alpha': 0.30263429767681266, 'reg_lambda': 1.432531142680504e-08}. Best is trial 1 with value: -0.06600289944010858.
[I 2023-07-23 03:49:37,489] Trial 2 finished with value: -0.06469936901391399 and parameters: {'max_depth': 4, 'learning_rate': 0.019837289731745176, 'n_estimators': 466, 'min_child_weight': 10, 'gamma': 0.6499824537905866, 'subsample': 0.03556101756589734, 'colsample_bytree': 0.18619914455494718, 'reg_alpha': 0.00018122042670777396, 'reg_lambda': 0.0512668663937251}. Best is trial 2 with value: -0.06469936901391399.
[I 2023-07-23 03:49:45,897] Trial 3 finished with value: -0.0835596165263898 and parameters: {'max_depth': 1, 'learning_rate': 0.0162728398487262, 'n_estimators': 342, 'min_child_weight': 8, 'gamma': 0.36596755421902144, 'subsample': 0.08287153823771642, 'colsample_bytree': 0.06630254106859364, 'reg_alpha': 0.015940170784167106, 'reg_lambda': 0.11981244819379351}. Best is trial 2 with value: -0.06469936901391399.
[I 2023-07-23 03:49:50,945] Trial 4 finished with value: -0.07129855102385543 and parameters: {'max_depth': 3, 'learning_rate': 0.301509440569083, 'n_estimators': 113, 'min_child_weight': 9, 'gamma': 0.9228255367758637, 'subsample': 0.038620805719147715, 'colsample_bytree': 0.07852373324692237, 'reg_alpha': 1.5418275535656503e-08, 'reg_lambda': 1.5484486385925348e-06}. Best is trial 2 with value: -0.06469936901391399.
[I 2023-07-23 03:49:53,848] Trial 5 finished with value: -0.4386883663909347 and parameters: {'max_depth': 1, 'learning_rate': 0.01162542303801258, 'n_estimators': 67, 'min_child_weight': 9, 'gamma': 0.27348762049253605, 'subsample': 0.01247206270888761, 'colsample_bytree': 0.040693318564287866, 'reg_alpha': 0.1945562206067242, 'reg_lambda': 3.180751733947788e-05}. Best is trial 2 with value: -0.06469936901391399.
[I 2023-07-23 03:50:02,397] Trial 6 finished with value: -0.07505995287307503 and parameters: {'max_depth': 2, 'learning_rate': 0.04263493996939956, 'n_estimators': 242, 'min_child_weight': 6, 'gamma': 0.12270089877201164, 'subsample': 0.0928405356439168, 'colsample_bytree': 0.05840747872402241, 'reg_alpha': 2.409958782914214e-07, 'reg_lambda': 2.1815994790757898e-08}. Best is trial 2 with value: -0.06469936901391399.
[I 2023-07-23 03:50:09,927] Trial 7 finished with value: -0.07322672736700614 and parameters: {'max_depth': 1, 'learning_rate': 0.03015933701456178, 'n_estimators': 287, 'min_child_weight': 6, 'gamma': 0.8892691727270141, 'subsample': 0.030322721420901907, 'colsample_bytree': 0.37594786058401075, 'reg_alpha': 1.0727067375323031e-06, 'reg_lambda': 1.3787469977043074e-06}. Best is trial 2 with value: -0.06469936901391399.
[I 2023-07-23 03:50:39,854] Trial 8 finished with value: -0.07758491289977926 and parameters: {'max_depth': 5, 'learning_rate': 0.02545872770503911, 'n_estimators': 497, 'min_child_weight': 6, 'gamma': 0.1139864224518993, 'subsample': 0.1629774710698803, 'colsample_bytree': 0.015250387780775643, 'reg_alpha': 0.000292366875222956, 'reg_lambda': 5.210335994182401e-05}. Best is trial 2 with value: -0.06469936901391399.
[I 2023-07-23 03:50:41,300] Trial 9 finished with value: -0.48268876101508545 and parameters: {'max_depth': 2, 'learning_rate': 0.0681829712687966, 'n_estimators': 10, 'min_child_weight': 7, 'gamma': 0.6427021304085835, 'subsample': 0.06237001920844247, 'colsample_bytree': 0.359030142565173, 'reg_alpha': 0.011997714331034307, 'reg_lambda': 1.456235914675808e-08}. Best is trial 2 with value: -0.06469936901391399.
[I 2023-07-23 03:51:05,315] Trial 10 finished with value: -0.06942962859110989 and parameters: {'max_depth': 5, 'learning_rate': 0.010052316290291383, 'n_estimators': 392, 'min_child_weight': 10, 'gamma': 0.43831942046620276, 'subsample': 0.01184944275344348, 'colsample_bytree': 0.1747998144395661, 'reg_alpha': 0.00010421247791963826, 'reg_lambda': 0.05831023197752811}. Best is trial 2 with value: -0.06469936901391399.
[I 2023-07-23 03:51:30,228] Trial 11 finished with value: -0.05587003725288098 and parameters: {'max_depth': 4, 'learning_rate': 0.056256054066322385, 'n_estimators': 498, 'min_child_weight': 5, 'gamma': 0.24832777183678095, 'subsample': 0.40857008843401205, 'colsample_bytree': 0.17088807837722067, 'reg_alpha': 0.7786620894039384, 'reg_lambda': 0.0029644741636982463}. Best is trial 11 with value: -0.05587003725288098.
