[I 2023-07-23 04:16:22,904] Trial 12 finished with value: -0.03210439334556976 and parameters: {'max_depth': 5, 'learning_rate': 0.08017301727435651, 'n_estimators': 414, 'min_child_weight': 5, 'gamma': 0.6670101982655396, 'subsample': 0.04847898782630016, 'colsample_bytree': 0.1814612531603322, 'reg_alpha': 5.778118022317913e-07, 'reg_lambda': 0.7133930064453256}. Best is trial 11 with value: -0.031672020235641946.
[I 2023-07-23 04:16:36,547] Trial 13 finished with value: -0.03329344557664902 and parameters: {'max_depth': 5, 'learning_rate': 0.06865564755854306, 'n_estimators': 208, 'min_child_weight': 6, 'gamma': 0.7318807751933875, 'subsample': 0.05618806105013355, 'colsample_bytree': 0.24313012291324287, 'reg_alpha': 5.821477535549957e-07, 'reg_lambda': 0.9270232395930054}. Best is trial 11 with value: -0.031672020235641946.
[I 2023-07-23 04:16:57,099] Trial 14 finished with value: -0.06553188737709689 and parameters: {'max_depth': 4, 'learning_rate': 0.48176558800682845, 'n_estimators': 417, 'min_child_weight': 6, 'gamma': 0.5989827806658683, 'subsample': 0.06438005045416854, 'colsample_bytree': 0.4957651624797847, 'reg_alpha': 4.518395986575895e-07, 'reg_lambda': 0.13924554610642226}. Best is trial 11 with value: -0.031672020235641946.
[I 2023-07-23 04:17:20,719] Trial 15 finished with value: -0.03282009790879199 and parameters: {'max_depth': 5, 'learning_rate': 0.06278186637494429, 'n_estimators': 378, 'min_child_weight': 5, 'gamma': 0.9551978951865144, 'subsample': 0.04502417832457155, 'colsample_bytree': 0.16833664695374978, 'reg_alpha': 2.8054508529289958e-06, 'reg_lambda': 0.6222416624605968}. Best is trial 11 with value: -0.031672020235641946.
[I 2023-07-23 04:17:35,952] Trial 16 finished with value: -0.0321691526329836 and parameters: {'max_depth': 4, 'learning_rate': 0.0932109600559867, 'n_estimators': 298, 'min_child_weight': 6, 'gamma': 0.3035977679834851, 'subsample': 0.07802658253179003, 'colsample_bytree': 0.3085271780380419, 'reg_alpha': 5.709620107217645e-08, 'reg_lambda': 0.003567327755534617}. Best is trial 11 with value: -0.031672020235641946.
[I 2023-07-23 04:17:50,068] Trial 17 finished with value: -0.03777272703995584 and parameters: {'max_depth': 5, 'learning_rate': 0.051802446672168594, 'n_estimators': 233, 'min_child_weight': 5, 'gamma': 0.49553831800127063, 'subsample': 0.02180203228551055, 'colsample_bytree': 0.12394368905114544, 'reg_alpha': 2.7046506425645134e-05, 'reg_lambda': 0.1279992394053718}. Best is trial 11 with value: -0.031672020235641946.
[I 2023-07-23 04:17:57,621] Trial 18 finished with value: -0.036141525814290906 and parameters: {'max_depth': 4, 'learning_rate': 0.07902813623461437, 'n_estimators': 150, 'min_child_weight': 6, 'gamma': 0.7801484045061549, 'subsample': 0.03882620358122684, 'colsample_bytree': 0.20254575600014746, 'reg_alpha': 3.3360422243963544e-06, 'reg_lambda': 0.0050861158726106396}. Best is trial 11 with value: -0.031672020235641946.
[I 2023-07-23 04:18:09,330] Trial 19 finished with value: -0.036204340299104375 and parameters: {'max_depth': 2, 'learning_rate': 0.13953492271807658, 'n_estimators': 439, 'min_child_weight': 5, 'gamma': 0.709751923458914, 'subsample': 0.0852065760161238, 'colsample_bytree': 0.3600179166325997, 'reg_alpha': 4.890785537478359e-05, 'reg_lambda': 0.07612986084096794}. Best is trial 11 with value: -0.031672020235641946.
[I 2023-07-23 04:18:25,124] Trial 20 finished with value: -0.03186938800677881 and parameters: {'max_depth': 5, 'learning_rate': 0.04671721779358362, 'n_estimators': 385, 'min_child_weight': 6, 'gamma': 0.4878022387562014, 'subsample': 0.05788936487123395, 'colsample_bytree': 0.23533165065683354, 'reg_alpha': 1.9644446230665257e-07, 'reg_lambda': 0.15746626880048648}. Best is trial 11 with value: -0.031672020235641946.
[I 2023-07-23 04:18:39,594] Trial 21 finished with value: -0.032289942847947575 and parameters: {'max_depth': 5, 'learning_rate': 0.04489742501926958, 'n_estimators': 382, 'min_child_weight': 6, 'gamma': 0.4763595902395, 'subsample': 0.05393857610833097, 'colsample_bytree': 0.2394105934796392, 'reg_alpha': 2.0513361668505274e-07, 'reg_lambda': 0.8489195834593393}. Best is trial 11 with value: -0.031672020235641946.
[I 2023-07-23 04:18:58,610] Trial 22 finished with value: -0.030836019668209 and parameters: {'max_depth': 5, 'learning_rate': 0.08013676279271909, 'n_estimators': 461, 'min_child_weight': 5, 'gamma': 0.5834495484023531, 'subsample': 0.04622317241631506, 'colsample_bytree': 0.48387351536003015, 'reg_alpha': 2.05667414135751e-06, 'reg_lambda': 0.12353955631692512}. Best is trial 22 with value: -0.030836019668209.
[I 2023-07-23 04:19:13,738] Trial 23 finished with value: -0.031206651131061323 and parameters: {'max_depth': 4, 'learning_rate': 0.05827421200893225, 'n_estimators': 465, 'min_child_weight': 6, 'gamma': 0.5651227942217653, 'subsample': 0.07693651492558985, 'colsample_bytree': 0.4833484387031689, 'reg_alpha': 2.34116035548659e-06, 'reg_lambda': 0.07640689720944764}. Best is trial 22 with value: -0.030836019668209.
[I 2023-07-23 04:19:29,020] Trial 24 finished with value: -0.03295366186899762 and parameters: {'max_depth': 4, 'learning_rate': 0.06950096549245488, 'n_estimators': 468, 'min_child_weight': 5, 'gamma': 0.5946314642552659, 'subsample': 0.030800474932224646, 'colsample_bytree': 0.47060704386549046, 'reg_alpha': 4.914169245288118e-06, 'reg_lambda': 0.026457087444979772}. Best is trial 22 with value: -0.030836019668209.
[I 2023-07-23 04:19:43,527] Trial 25 finished with value: -0.030844848687376285 and parameters: {'max_depth': 4, 'learning_rate': 0.10624323007965379, 'n_estimators': 463, 'min_child_weight': 6, 'gamma': 0.38341369947848164, 'subsample': 0.08786566655293693, 'colsample_bytree': 0.34512231499224794, 'reg_alpha': 1.7937758497152946e-06, 'reg_lambda': 0.004317348667856424}. Best is trial 22 with value: -0.030836019668209.
[I 2023-07-23 04:19:55,371] Trial 26 finished with value: -0.03298410701968381 and parameters: {'max_depth': 3, 'learning_rate': 0.11998088049254689, 'n_estimators': 463, 'min_child_weight': 7, 'gamma': 0.3676651626828179, 'subsample': 0.08000164408014353, 'colsample_bytree': 0.37604956722984256, 'reg_alpha': 1.2941773680065872e-05, 'reg_lambda': 0.004237254943104262}. Best is trial 22 with value: -0.030836019668209.
[I 2023-07-23 04:20:10,861] Trial 27 finished with value: -0.030963701776300718 and parameters: {'max_depth': 4, 'learning_rate': 0.06244477078888618, 'n_estimators': 494, 'min_child_weight': 6, 'gamma': 0.41511123114648923, 'subsample': 0.1010281765476636, 'colsample_bytree': 0.32241089823286995, 'reg_alpha': 2.3332781980827467e-06, 'reg_lambda': 0.03349988745958678}. Best is trial 22 with value: -0.030836019668209.
[I 2023-07-23 04:20:26,306] Trial 28 finished with value: -0.030641947856627567 and parameters: {'max_depth': 4, 'learning_rate': 0.14622235242272336, 'n_estimators': 500, 'min_child_weight': 7, 'gamma': 0.2935793449498799, 'subsample': 0.1031630682126524, 'colsample_bytree': 0.32195994462911615, 'reg_alpha': 9.423702072646788e-05, 'reg_lambda': 0.015121345461671125}. Best is trial 28 with value: -0.030641947856627567.
[I 2023-07-23 04:20:28,021] Trial 29 finished with value: -0.8765340233535521 and parameters: {'max_depth': 2, 'learning_rate': 0.011435502732431515, 'n_estimators': 11, 'min_child_weight': 7, 'gamma': 0.29952256884985023, 'subsample': 0.11474331328435847, 'colsample_bytree': 0.015297870421084289, 'reg_alpha': 0.00010037303621084918, 'reg_lambda': 0.0014227099261617244}. Best is trial 28 with value: -0.030641947856627567.
Number of finished trials: 30
Best trial:
  Value: -0.030641947856627567
  Params: 
    max_depth: 4
    learning_rate: 0.14622235242272336
    n_estimators: 500
    min_child_weight: 7
    gamma: 0.2935793449498799
    subsample: 0.1031630682126524
    colsample_bytree: 0.32195994462911615
    reg_alpha: 9.423702072646788e-05
    reg_lambda: 0.015121345461671125
mean_squared_error:91.70
mean_absolute_error:7.03
percentage_error:5.18%
feature_importance: [('RealPower_-1d_0h', 288.0), ('RealPower_-7d_0h', 234.0), ('dayofmonth', 229.0), ('RealPower_-1d_-1h', 227.0), ('RealPower_-7d_1h', 217.0), ('RealPower_-3d_-1h', 205.0), ('RealPower_-5d_0h', 204.0), ('RealPower_-7d_-1h', 202.0), ('RealPower_-2d_0h', 199.0), ('RealPower_-1d_1h', 198.0), ('RealPower_-4d_0h', 197.0), ('RealPower_-2d_-1h', 196.0), ('RealPower_-2d_1h', 194.0), ('RealPower_-3d_0h', 189.0), ('RealPower_-6d_-1h', 188.0), ('RealPower_-6d_0h', 181.0), ('RealPower_-4d_1h', 179.0), ('RealPower_-4d_-1h', 174.0), ('RealPower_-3d_1h', 168.0), ('RealPower_-5d_1h', 161.0), ('RealPower_-6d_1h', 161.0), ('RealPower_-5d_-1h', 158.0), ('month', 154.0), ('hour', 147.0), ('dayofweek', 125.0), ('temp_min_-1h', 118.0), ('temp_max_-2h', 115.0), ('temp_-5h', 115.0), ('temp_-1h', 112.0), ('temp_-6h', 107.0), ('temp_max_-1h', 103.0), ('temp_max_-4h', 101.0), ('temp_max_-5h', 98.0), ('temp_-3h', 96.0), ('temp_-2h', 95.0), ('temp_min_-2h', 95.0), ('temp_min_-6h', 95.0), ('temp_-4h', 92.0), ('temp_min_-4h', 92.0), ('temp_max_-6h', 91.0), ('temp_min_-5h', 83.0), ('temp_min_-3h', 78.0), ('temp_max_-3h', 77.0), ('quarter', 47.0), ('is_holiday', 42.0)]