[I 2023-07-23 04:05:01,613] Trial 29 finished with value: -0.059774111351108515 and parameters: {'max_depth': 5, 'learning_rate': 0.029100346189883834, 'n_estimators': 450, 'min_child_weight': 9, 'gamma': 0.4949070956319062, 'subsample': 0.3798705609844599, 'colsample_bytree': 0.30012615993087444, 'reg_alpha': 1.4303099259588865e-05, 'reg_lambda': 0.018743060744707506}. Best is trial 23 with value: -0.05784255399326486.
Number of finished trials: 30
Best trial:
  Value: -0.05784255399326486
  Params: 
    max_depth: 5
    learning_rate: 0.04642430557358334
    n_estimators: 371
    min_child_weight: 5
    gamma: 0.7441066432705938
    subsample: 0.3561535804259454
    colsample_bytree: 0.3521299958558131
    reg_alpha: 3.1634606212451848e-06
    reg_lambda: 0.00017446159896949366
mean_squared_error:24.84
mean_absolute_error:3.44
percentage_error:6.71%
feature_importance: [('RealPower_-1d_0h', 560.0), ('dayofmonth', 540.0), ('RealPower_-2d_0h', 390.0), ('RealPower_-7d_0h', 385.0), ('RealPower_-7d_-1h', 362.0), ('RealPower_-7d_1h', 359.0), ('RealPower_-5d_0h', 356.0), ('RealPower_-1d_1h', 351.0), ('RealPower_-1d_-1h', 351.0), ('month', 348.0), ('RealPower_-6d_0h', 326.0), ('RealPower_-2d_1h', 311.0), ('RealPower_-3d_0h', 305.0), ('RealPower_-4d_0h', 290.0), ('RealPower_-5d_1h', 279.0), ('RealPower_-6d_-1h', 279.0), ('RealPower_-2d_-1h', 276.0), ('RealPower_-4d_-1h', 260.0), ('RealPower_-3d_-1h', 256.0), ('hour', 250.0), ('RealPower_-6d_1h', 238.0), ('RealPower_-5d_-1h', 229.0), ('RealPower_-3d_1h', 226.0), ('dayofweek', 216.0), ('RealPower_-4d_1h', 208.0), ('temp_-1h', 190.0), ('temp_-2h', 171.0), ('temp_-4h', 159.0), ('temp_min_-1h', 155.0), ('temp_max_-1h', 154.0), ('temp_max_-2h', 151.0), ('temp_-5h', 142.0), ('quarter', 139.0), ('temp_max_-5h', 138.0), ('temp_max_-4h', 135.0), ('temp_max_-6h', 133.0), ('temp_min_-2h', 133.0), ('temp_-3h', 131.0), ('temp_min_-5h', 130.0), ('temp_min_-3h', 129.0), ('temp_min_-4h', 118.0), ('temp_min_-6h', 117.0), ('temp_max_-3h', 112.0), ('temp_-6h', 111.0), ('is_holiday', 107.0)]
**************************************************
Fitting model for: RadyHall
**************************************************
[I 2023-07-23 04:05:21,761] A new study created in memory with name: no-name-4cd65630-794c-4256-bd50-3a22ada5115d
[I 2023-07-23 04:05:38,253] Trial 0 finished with value: -0.07282679323924102 and parameters: {'max_depth': 3, 'learning_rate': 0.07930189956141293, 'n_estimators': 448, 'min_child_weight': 9, 'gamma': 0.6499748325300791, 'subsample': 0.16875605994668724, 'colsample_bytree': 0.23203955988548644, 'reg_alpha': 0.006203219363558212, 'reg_lambda': 0.00043315680337391765}. Best is trial 0 with value: -0.07282679323924102.
[I 2023-07-23 04:05:42,676] Trial 1 finished with value: -0.10986810784803777 and parameters: {'max_depth': 4, 'learning_rate': 0.1003078709253795, 'n_estimators': 78, 'min_child_weight': 10, 'gamma': 0.6759561732782122, 'subsample': 0.02525381640057133, 'colsample_bytree': 0.0665942167172185, 'reg_alpha': 2.6417699477843434e-06, 'reg_lambda': 0.04070510590178764}. Best is trial 0 with value: -0.07282679323924102.
[I 2023-07-23 04:05:54,509] Trial 2 finished with value: -0.13023772165562 and parameters: {'max_depth': 4, 'learning_rate': 0.04929206107552041, 'n_estimators': 240, 'min_child_weight': 8, 'gamma': 0.6114649856904487, 'subsample': 0.3554160078034201, 'colsample_bytree': 0.03649973318774067, 'reg_alpha': 3.4411868622405275e-06, 'reg_lambda': 0.4219930785296447}. Best is trial 0 with value: -0.07282679323924102.
[I 2023-07-23 04:06:01,615] Trial 3 finished with value: -0.25616736102802207 and parameters: {'max_depth': 5, 'learning_rate': 0.015172160572240889, 'n_estimators': 86, 'min_child_weight': 6, 'gamma': 0.16177578099115747, 'subsample': 0.05507951014177162, 'colsample_bytree': 0.30092846094048975, 'reg_alpha': 0.00012195676622833638, 'reg_lambda': 1.647699105156285e-05}. Best is trial 0 with value: -0.07282679323924102.
[I 2023-07-23 04:06:09,112] Trial 4 finished with value: -0.1627147694290678 and parameters: {'max_depth': 3, 'learning_rate': 0.010947600957830456, 'n_estimators': 166, 'min_child_weight': 5, 'gamma': 0.22195395090960568, 'subsample': 0.4609442107916528, 'colsample_bytree': 0.11226672745268605, 'reg_alpha': 0.09367739364883279, 'reg_lambda': 0.036880851473334766}. Best is trial 0 with value: -0.07282679323924102.
[I 2023-07-23 04:06:12,126] Trial 5 finished with value: -0.1351617545339036 and parameters: {'max_depth': 1, 'learning_rate': 0.14277558997704892, 'n_estimators': 87, 'min_child_weight': 5, 'gamma': 0.2106627052394862, 'subsample': 0.32393048035559596, 'colsample_bytree': 0.019123285808220064, 'reg_alpha': 0.0007589489268697693, 'reg_lambda': 0.19120718988192048}. Best is trial 0 with value: -0.07282679323924102.
[I 2023-07-23 04:06:14,430] Trial 6 finished with value: -0.5539463798381659 and parameters: {'max_depth': 1, 'learning_rate': 0.012355873188705855, 'n_estimators': 44, 'min_child_weight': 10, 'gamma': 0.7063479431034143, 'subsample': 0.02200122391918419, 'colsample_bytree': 0.40742948694635595, 'reg_alpha': 2.4661048540232003e-08, 'reg_lambda': 0.014303465612881656}. Best is trial 0 with value: -0.07282679323924102.
[I 2023-07-23 04:06:33,027] Trial 7 finished with value: -0.14195125349388832 and parameters: {'max_depth': 5, 'learning_rate': 0.35887271329213816, 'n_estimators': 368, 'min_child_weight': 5, 'gamma': 0.38281294127502064, 'subsample': 0.024233710406343634, 'colsample_bytree': 0.024428299547828512, 'reg_alpha': 1.740971927597529e-06, 'reg_lambda': 0.8850462647761731}. Best is trial 0 with value: -0.07282679323924102.
[I 2023-07-23 04:06:41,882] Trial 8 finished with value: -0.10202135302160067 and parameters: {'max_depth': 1, 'learning_rate': 0.4218765060788501, 'n_estimators': 360, 'min_child_weight': 5, 'gamma': 0.4024136815098946, 'subsample': 0.08967117804133475, 'colsample_bytree': 0.12541596151003542, 'reg_alpha': 0.0037746051802159336, 'reg_lambda': 0.941160077778499}. Best is trial 0 with value: -0.07282679323924102.
[I 2023-07-23 04:06:48,022] Trial 9 finished with value: -0.3226530115114703 and parameters: {'max_depth': 4, 'learning_rate': 0.011083419413583848, 'n_estimators': 95, 'min_child_weight': 7, 'gamma': 0.8135940387446148, 'subsample': 0.03258580585399766, 'colsample_bytree': 0.11005383508200804, 'reg_alpha': 0.6922749051640513, 'reg_lambda': 0.00018524357117409042}. Best is trial 0 with value: -0.07282679323924102.
[I 2023-07-23 04:07:03,633] Trial 10 finished with value: -0.0843472003918789 and parameters: {'max_depth': 2, 'learning_rate': 0.04371493208492044, 'n_estimators': 499, 'min_child_weight': 9, 'gamma': 0.9925035200005707, 'subsample': 0.1440210942160018, 'colsample_bytree': 0.23091354070933834, 'reg_alpha': 0.01677529906033822, 'reg_lambda': 2.2671212254618183e-08}. Best is trial 0 with value: -0.07282679323924102.
[I 2023-07-23 04:07:18,750] Trial 11 finished with value: -0.08397204511244785 and parameters: {'max_depth': 2, 'learning_rate': 0.04471278962499511, 'n_estimators': 494, 'min_child_weight': 9, 'gamma': 0.9762545690663563, 'subsample': 0.13973317931168716, 'colsample_bytree': 0.24475580378243858, 'reg_alpha': 0.011358530142765026, 'reg_lambda': 1.5595589180184777e-08}. Best is trial 0 with value: -0.07282679323924102.
[I 2023-07-23 04:07:34,192] Trial 12 finished with value: -0.08956708233766249 and parameters: {'max_depth': 2, 'learning_rate': 0.030330913923435395, 'n_estimators': 497, 'min_child_weight': 9, 'gamma': 0.49467284600346956, 'subsample': 0.010767025068499527, 'colsample_bytree': 0.47701429397141254, 'reg_alpha': 0.010908562878295407, 'reg_lambda': 1.267729104302779e-08}. Best is trial 0 with value: -0.07282679323924102.
[I 2023-07-23 04:07:49,629] Trial 13 finished with value: -0.07365360289124198 and parameters: {'max_depth': 3, 'learning_rate': 0.08216263347253255, 'n_estimators': 407, 'min_child_weight': 8, 'gamma': 0.9110514713702177, 'subsample': 0.17239670584724687, 'colsample_bytree': 0.21308664249651993, 'reg_alpha': 0.9739509331017305, 'reg_lambda': 6.493984470984785e-07}. Best is trial 0 with value: -0.07282679323924102.
[I 2023-07-23 04:08:04,718] Trial 14 finished with value: -0.10164590390361775 and parameters: {'max_depth': 3, 'learning_rate': 0.13086739533806258, 'n_estimators': 387, 'min_child_weight': 8, 'gamma': 0.5166892889741481, 'subsample': 0.1952590141903392, 'colsample_bytree': 0.010213915816574227, 'reg_alpha': 0.9652054559911488, 'reg_lambda': 2.6345439022556216e-06}. Best is trial 0 with value: -0.07282679323924102.
[I 2023-07-23 04:08:21,249] Trial 15 finished with value: -0.07334477988713571 and parameters: {'max_depth': 3, 'learning_rate': 0.0829652346409299, 'n_estimators': 418, 'min_child_weight': 7, 'gamma': 0.789708486188587, 'subsample': 0.21424292265045686, 'colsample_bytree': 0.18417039807781502, 'reg_alpha': 0.13145963619208922, 'reg_lambda': 0.0009699538857160545}. Best is trial 0 with value: -0.07282679323924102.
[I 2023-07-23 04:08:36,894] Trial 16 finished with value: -0.06771608939702847 and parameters: {'max_depth': 4, 'learning_rate': 0.18323336896159242, 'n_estimators': 309, 'min_child_weight': 7, 'gamma': 0.5898758041035437, 'subsample': 0.2560330295866191, 'colsample_bytree': 0.13384541957513818, 'reg_alpha': 0.08480592770602807, 'reg_lambda': 0.0012341249410501877}. Best is trial 16 with value: -0.06771608939702847.
[I 2023-07-23 04:08:52,336] Trial 17 finished with value: -0.08528240683948536 and parameters: {'max_depth': 4, 'learning_rate': 0.20403992568677626, 'n_estimators': 301, 'min_child_weight': 7, 'gamma': 0.31648608142627893, 'subsample': 0.09411452805294185, 'colsample_bytree': 0.06419813889311415, 'reg_alpha': 0.0014208658609873525, 'reg_lambda': 0.0009457252074403973}. Best is trial 16 with value: -0.06771608939702847.
[I 2023-07-23 04:09:10,388] Trial 18 finished with value: -0.0641020135258233 and parameters: {'max_depth': 5, 'learning_rate': 0.2277319652041557, 'n_estimators': 265, 'min_child_weight': 6, 'gamma': 0.5693384440485827, 'subsample': 0.28009158571660564, 'colsample_bytree': 0.1528632745306786, 'reg_alpha': 0.05336573852438599, 'reg_lambda': 0.0033793783455957852}. Best is trial 18 with value: -0.0641020135258233.
[I 2023-07-23 04:09:26,961] Trial 19 finished with value: -0.06378319337733782 and parameters: {'max_depth': 5, 'learning_rate': 0.2315328774154483, 'n_estimators': 246, 'min_child_weight': 6, 'gamma': 0.10205790319369742, 'subsample': 0.4845609053117378, 'colsample_bytree': 0.1323716266080801, 'reg_alpha': 0.07227741461149417, 'reg_lambda': 0.0035396056753219385}. Best is trial 19 with value: -0.06378319337733782.
[I 2023-07-23 04:09:40,979] Trial 20 finished with value: -0.07239773054009235 and parameters: {'max_depth': 5, 'learning_rate': 0.2760990777556741, 'n_estimators': 201, 'min_child_weight': 6, 'gamma': 0.10055695912218218, 'subsample': 0.47168650897968123, 'colsample_bytree': 0.0776586945006518, 'reg_alpha': 0.0005898462242899369, 'reg_lambda': 0.005008002080493605}. Best is trial 19 with value: -0.06378319337733782.
[I 2023-07-23 04:10:03,233] Trial 21 finished with value: -0.06223273505020148 and parameters: {'max_depth': 5, 'learning_rate': 0.22545632086511613, 'n_estimators': 317, 'min_child_weight': 6, 'gamma': 0.4588273805916998, 'subsample': 0.3014010617586798, 'colsample_bytree': 0.14892552560583242, 'reg_alpha': 0.0727649111257352, 'reg_lambda': 0.003838951965679323}. Best is trial 21 with value: -0.06223273505020148.
[I 2023-07-23 04:10:22,762] Trial 22 finished with value: -0.06270516266030503 and parameters: {'max_depth': 5, 'learning_rate': 0.2592659608625407, 'n_estimators': 279, 'min_child_weight': 6, 'gamma': 0.4420549820651451, 'subsample': 0.2936771227041352, 'colsample_bytree': 0.15803327084470115, 'reg_alpha': 0.08223903147725876, 'reg_lambda': 0.008207438632747767}. Best is trial 21 with value: -0.06223273505020148.
[I 2023-07-23 04:10:31,595] Trial 23 finished with value: -0.07001054561553506 and parameters: {'max_depth': 5, 'learning_rate': 0.45192862308417797, 'n_estimators': 178, 'min_child_weight': 6, 'gamma': 0.44405698317388465, 'subsample': 0.49938049987829547, 'colsample_bytree': 0.09248415338744011, 'reg_alpha': 0.1968083578619998, 'reg_lambda': 0.006151581768999893}. Best is trial 21 with value: -0.06223273505020148.
[I 2023-07-23 04:10:52,199] Trial 24 finished with value: -0.061531805842508634 and parameters: {'max_depth': 5, 'learning_rate': 0.2797819608635812, 'n_estimators': 320, 'min_child_weight': 6, 'gamma': 0.3585362342015367, 'subsample': 0.3347714434177192, 'colsample_bytree': 0.16284196012258273, 'reg_alpha': 0.04110501887014481, 'reg_lambda': 7.77698746077256e-05}. Best is trial 24 with value: -0.061531805842508634.
[I 2023-07-23 04:11:15,042] Trial 25 finished with value: -0.0598879683357577 and parameters: {'max_depth': 5, 'learning_rate': 0.33793288098427887, 'n_estimators': 333, 'min_child_weight': 6, 'gamma': 0.342901681960427, 'subsample': 0.321794897937681, 'colsample_bytree': 0.3340838306777019, 'reg_alpha': 0.025170592497592608, 'reg_lambda': 7.456205907933541e-05}. Best is trial 25 with value: -0.0598879683357577.
[I 2023-07-23 04:11:31,427] Trial 26 finished with value: -0.06708456592817859 and parameters: {'max_depth': 4, 'learning_rate': 0.3505426392849693, 'n_estimators': 323, 'min_child_weight': 5, 'gamma': 0.31443892738874907, 'subsample': 0.23378983682973475, 'colsample_bytree': 0.32661401326117895, 'reg_alpha': 0.023384012908724397, 'reg_lambda': 4.5652920789902065e-05}. Best is trial 25 with value: -0.0598879683357577.
[I 2023-07-23 04:11:54,782] Trial 27 finished with value: -0.057784138696453526 and parameters: {'max_depth': 5, 'learning_rate': 0.31317508542266786, 'n_estimators': 338, 'min_child_weight': 7, 'gamma': 0.3461652615879778, 'subsample': 0.36713439534022213, 'colsample_bytree': 0.341099981656916, 'reg_alpha': 0.002369514917034505, 'reg_lambda': 9.341604378436688e-05}. Best is trial 27 with value: -0.057784138696453526.
[I 2023-07-23 04:12:12,570] Trial 28 finished with value: -0.0664767149890261 and parameters: {'max_depth': 4, 'learning_rate': 0.4640808284325318, 'n_estimators': 355, 'min_child_weight': 7, 'gamma': 0.3367883765949345, 'subsample': 0.3216401795511347, 'colsample_bytree': 0.3505013300455173, 'reg_alpha': 0.0017916549659749237, 'reg_lambda': 7.747898977975705e-05}. Best is trial 27 with value: -0.057784138696453526.
[I 2023-07-23 04:12:44,270] Trial 29 finished with value: -0.053790670390955156 and parameters: {'max_depth': 5, 'learning_rate': 0.30479875278311935, 'n_estimators': 453, 'min_child_weight': 7, 'gamma': 0.2749141711254841, 'subsample': 0.3720055522450672, 'colsample_bytree': 0.48978757755709984, 'reg_alpha': 0.005037115995958953, 'reg_lambda': 0.0002644360754031203}. Best is trial 29 with value: -0.053790670390955156.
Number of finished trials: 30
Best trial:
  Value: -0.053790670390955156
  Params: 
    max_depth: 5
    learning_rate: 0.30479875278311935
    n_estimators: 453
    min_child_weight: 7
    gamma: 0.2749141711254841
    subsample: 0.3720055522450672
    colsample_bytree: 0.48978757755709984
    reg_alpha: 0.005037115995958953
    reg_lambda: 0.0002644360754031203
mean_squared_error:56.74
mean_absolute_error:5.60
percentage_error:10.53%
feature_importance: [('dayofmonth', 494.0), ('RealPower_-1d_0h', 482.0), ('RealPower_-7d_-1h', 409.0), ('RealPower_-7d_1h', 401.0), ('RealPower_-7d_0h', 398.0), ('RealPower_-2d_0h', 386.0), ('RealPower_-1d_1h', 378.0), ('RealPower_-1d_-1h', 378.0), ('RealPower_-4d_-1h', 374.0), ('RealPower_-3d_0h', 369.0), ('RealPower_-6d_0h', 365.0), ('RealPower_-3d_-1h', 354.0), ('RealPower_-5d_0h', 347.0), ('RealPower_-2d_1h', 346.0), ('RealPower_-5d_1h', 338.0), ('RealPower_-4d_1h', 336.0), ('RealPower_-6d_-1h', 334.0), ('RealPower_-4d_0h', 328.0), ('RealPower_-5d_-1h', 326.0), ('RealPower_-2d_-1h', 325.0), ('RealPower_-3d_1h', 306.0), ('RealPower_-6d_1h', 301.0), ('month', 286.0), ('temp_-1h', 243.0), ('temp_-6h', 234.0), ('temp_max_-1h', 226.0), ('hour', 225.0), ('temp_max_-6h', 214.0), ('temp_-2h', 205.0), ('temp_-5h', 201.0), ('temp_-4h', 197.0), ('temp_min_-1h', 197.0), ('temp_max_-5h', 187.0), ('temp_min_-2h', 187.0), ('temp_min_-5h', 182.0), ('temp_min_-6h', 181.0), ('temp_min_-4h', 180.0), ('dayofweek', 175.0), ('temp_max_-2h', 175.0), ('temp_max_-3h', 175.0), ('temp_max_-4h', 173.0), ('temp_-3h', 167.0), ('temp_min_-3h', 156.0), ('quarter', 93.0), ('is_holiday', 35.0)]
**************************************************
Fitting model for: SocialScience
**************************************************
[I 2023-07-23 04:13:06,238] A new study created in memory with name: no-name-d32daa26-fdf7-405c-9562-97fd61b889bc
[I 2023-07-23 04:13:08,783] Trial 0 finished with value: -0.739603069725973 and parameters: {'max_depth': 5, 'learning_rate': 0.011689167551146393, 'n_estimators': 25, 'min_child_weight': 7, 'gamma': 0.11615050925490278, 'subsample': 0.11777000937344542, 'colsample_bytree': 0.01582214403773882, 'reg_alpha': 0.30044239023274055, 'reg_lambda': 0.0002507366820710545}. Best is trial 0 with value: -0.739603069725973.
[I 2023-07-23 04:13:21,496] Trial 1 finished with value: -0.04622078602726834 and parameters: {'max_depth': 3, 'learning_rate': 0.03256161156484162, 'n_estimators': 319, 'min_child_weight': 9, 'gamma': 0.16605828748723023, 'subsample': 0.27672149844016397, 'colsample_bytree': 0.05238380212509631, 'reg_alpha': 1.0540041616383314e-05, 'reg_lambda': 8.170642157540168e-08}. Best is trial 1 with value: -0.04622078602726834.
[I 2023-07-23 04:13:29,015] Trial 2 finished with value: -0.048460495745488864 and parameters: {'max_depth': 1, 'learning_rate': 0.01840152098353116, 'n_estimators': 275, 'min_child_weight': 9, 'gamma': 0.366064621091372, 'subsample': 0.1373020835684728, 'colsample_bytree': 0.4849540444492893, 'reg_alpha': 0.0014163240176399254, 'reg_lambda': 0.04371370864721033}. Best is trial 1 with value: -0.04622078602726834.
[I 2023-07-23 04:13:38,487] Trial 3 finished with value: -0.04578215643460299 and parameters: {'max_depth': 1, 'learning_rate': 0.12423659791210409, 'n_estimators': 354, 'min_child_weight': 5, 'gamma': 0.15808414740248403, 'subsample': 0.023488696872471588, 'colsample_bytree': 0.07724279757523174, 'reg_alpha': 0.0005542772771229873, 'reg_lambda': 0.0004154575735750886}. Best is trial 3 with value: -0.04578215643460299.
[I 2023-07-23 04:14:02,767] Trial 4 finished with value: -0.040746878746000095 and parameters: {'max_depth': 4, 'learning_rate': 0.036611229911412115, 'n_estimators': 496, 'min_child_weight': 9, 'gamma': 0.23486911754669007, 'subsample': 0.21275999804958637, 'colsample_bytree': 0.05049995188662868, 'reg_alpha': 1.0498655354524741e-08, 'reg_lambda': 9.324931219031496e-06}. Best is trial 4 with value: -0.040746878746000095.
[I 2023-07-23 04:14:22,051] Trial 5 finished with value: -0.035607474564531685 and parameters: {'max_depth': 4, 'learning_rate': 0.1564981951512658, 'n_estimators': 422, 'min_child_weight': 8, 'gamma': 0.4907973178065764, 'subsample': 0.030731059775630527, 'colsample_bytree': 0.40706471542501915, 'reg_alpha': 6.544027638221745e-06, 'reg_lambda': 0.01438485558117998}. Best is trial 5 with value: -0.035607474564531685.
[I 2023-07-23 04:14:36,453] Trial 6 finished with value: -0.03694380171728251 and parameters: {'max_depth': 3, 'learning_rate': 0.02599366286412572, 'n_estimators': 344, 'min_child_weight': 7, 'gamma': 0.4051659261452116, 'subsample': 0.13253977829846392, 'colsample_bytree': 0.2980652990847057, 'reg_alpha': 0.00028373043827935893, 'reg_lambda': 0.015284136873581735}. Best is trial 5 with value: -0.035607474564531685.
[I 2023-07-23 04:14:54,301] Trial 7 finished with value: -0.03845865481602246 and parameters: {'max_depth': 3, 'learning_rate': 0.04821980910574989, 'n_estimators': 475, 'min_child_weight': 10, 'gamma': 0.17239414283749227, 'subsample': 0.01056033467199141, 'colsample_bytree': 0.2927331704158213, 'reg_alpha': 3.705498635833554e-05, 'reg_lambda': 0.0001655254223622692}. Best is trial 5 with value: -0.035607474564531685.
[I 2023-07-23 04:14:57,641] Trial 8 finished with value: -0.04883212927661732 and parameters: {'max_depth': 1, 'learning_rate': 0.2799224758543787, 'n_estimators': 102, 'min_child_weight': 7, 'gamma': 0.17356977794289866, 'subsample': 0.015122878516686098, 'colsample_bytree': 0.09326467459437124, 'reg_alpha': 7.530392409653834e-08, 'reg_lambda': 6.813213678574529e-06}. Best is trial 5 with value: -0.035607474564531685.
[I 2023-07-23 04:15:04,120] Trial 9 finished with value: -0.036908540049497306 and parameters: {'max_depth': 2, 'learning_rate': 0.26460929255442484, 'n_estimators': 186, 'min_child_weight': 8, 'gamma': 0.9316947368265533, 'subsample': 0.425021327217027, 'colsample_bytree': 0.19005596334359007, 'reg_alpha': 0.007539714292733801, 'reg_lambda': 0.0010330527109259002}. Best is trial 5 with value: -0.035607474564531685.
[I 2023-07-23 04:15:28,528] Trial 10 finished with value: -0.03415795899560391 and parameters: {'max_depth': 5, 'learning_rate': 0.10259706910783402, 'n_estimators': 416, 'min_child_weight': 5, 'gamma': 0.5972742134943209, 'subsample': 0.03490244114072184, 'colsample_bytree': 0.13669698457050453, 'reg_alpha': 1.0196795136618782e-06, 'reg_lambda': 0.5844546732047884}. Best is trial 10 with value: -0.03415795899560391.
[I 2023-07-23 04:15:56,284] Trial 11 finished with value: -0.031672020235641946 and parameters: {'max_depth': 5, 'learning_rate': 0.09488413666789006, 'n_estimators': 415, 'min_child_weight': 5, 'gamma': 0.5665817319073946, 'subsample': 0.04062349299353386, 'colsample_bytree': 0.49994244210909594, 'reg_alpha': 1.508859894608936e-06, 'reg_lambda': 0.3813014785741999}. Best is trial 11 with value: -0.031672020235641946.
