[I 2023-07-23 03:51:50,343] Trial 12 finished with value: -0.05321718965832274 and parameters: {'max_depth': 4, 'learning_rate': 0.11688283301149217, 'n_estimators': 417, 'min_child_weight': 5, 'gamma': 0.20716752666558913, 'subsample': 0.3763592557698146, 'colsample_bytree': 0.16809281558352027, 'reg_alpha': 0.0015849862777917317, 'reg_lambda': 0.005674626618768879}. Best is trial 12 with value: -0.05321718965832274.
[I 2023-07-23 03:52:10,988] Trial 13 finished with value: -0.05024533279390557 and parameters: {'max_depth': 4, 'learning_rate': 0.14197269123242617, 'n_estimators': 404, 'min_child_weight': 5, 'gamma': 0.17667809205489482, 'subsample': 0.46023746932407605, 'colsample_bytree': 0.4967421994122539, 'reg_alpha': 0.8942963031483238, 'reg_lambda': 0.0022241708635943385}. Best is trial 13 with value: -0.05024533279390557.
[I 2023-07-23 03:52:30,758] Trial 14 finished with value: -0.05203038688431842 and parameters: {'max_depth': 4, 'learning_rate': 0.1309803811654247, 'n_estimators': 393, 'min_child_weight': 5, 'gamma': 0.17730564598467635, 'subsample': 0.2568358030958295, 'colsample_bytree': 0.45962983121800044, 'reg_alpha': 0.004021028155539726, 'reg_lambda': 0.0020813299491810842}. Best is trial 13 with value: -0.05024533279390557.
[I 2023-07-23 03:52:55,129] Trial 15 finished with value: -0.048488269676222065 and parameters: {'max_depth': 5, 'learning_rate': 0.13379997481042244, 'n_estimators': 335, 'min_child_weight': 5, 'gamma': 0.16443439949332178, 'subsample': 0.21936848776100623, 'colsample_bytree': 0.4764257647749994, 'reg_alpha': 0.028483616616564945, 'reg_lambda': 0.001235136735562861}. Best is trial 15 with value: -0.048488269676222065.
[I 2023-07-23 03:53:11,587] Trial 16 finished with value: -0.05038014236181846 and parameters: {'max_depth': 5, 'learning_rate': 0.2339349849976393, 'n_estimators': 319, 'min_child_weight': 7, 'gamma': 0.1590265473189987, 'subsample': 0.18474066990996316, 'colsample_bytree': 0.43293608863186517, 'reg_alpha': 0.06585576946170134, 'reg_lambda': 0.000649353918548016}. Best is trial 15 with value: -0.048488269676222065.
[I 2023-07-23 03:53:25,619] Trial 17 finished with value: -0.051095712536437556 and parameters: {'max_depth': 5, 'learning_rate': 0.11226895600708264, 'n_estimators': 182, 'min_child_weight': 5, 'gamma': 0.14784302838904947, 'subsample': 0.4795550656754553, 'colsample_bytree': 0.49875718847903866, 'reg_alpha': 0.04888223723971331, 'reg_lambda': 0.7295618003319019}. Best is trial 15 with value: -0.048488269676222065.
[I 2023-07-23 03:53:39,128] Trial 18 finished with value: -0.057945544231843935 and parameters: {'max_depth': 3, 'learning_rate': 0.17060008243255168, 'n_estimators': 348, 'min_child_weight': 7, 'gamma': 0.10786824124309224, 'subsample': 0.22270827616757027, 'colsample_bytree': 0.27022701948071304, 'reg_alpha': 0.49254017382294196, 'reg_lambda': 0.00021055177073152232}. Best is trial 15 with value: -0.048488269676222065.
[I 2023-07-23 03:54:05,237] Trial 19 finished with value: -0.08120618274589676 and parameters: {'max_depth': 5, 'learning_rate': 0.4971140827120161, 'n_estimators': 434, 'min_child_weight': 8, 'gamma': 0.20064807393973308, 'subsample': 0.13262598572555184, 'colsample_bytree': 0.2811958632532945, 'reg_alpha': 0.9415578414869153, 'reg_lambda': 0.008411865042304035}. Best is trial 15 with value: -0.048488269676222065.
[I 2023-07-23 03:54:16,348] Trial 20 finished with value: -0.06058324951182746 and parameters: {'max_depth': 3, 'learning_rate': 0.08994625935308724, 'n_estimators': 270, 'min_child_weight': 5, 'gamma': 0.1406071324059859, 'subsample': 0.2762482758778324, 'colsample_bytree': 0.2906530550065131, 'reg_alpha': 0.08350175587159238, 'reg_lambda': 0.0005256438737926648}. Best is trial 15 with value: -0.048488269676222065.
[I 2023-07-23 03:54:39,841] Trial 21 finished with value: -0.04973140638378522 and parameters: {'max_depth': 5, 'learning_rate': 0.20726347027745523, 'n_estimators': 342, 'min_child_weight': 7, 'gamma': 0.15238934666197548, 'subsample': 0.18399914556627703, 'colsample_bytree': 0.42649865381774593, 'reg_alpha': 0.05034896696719826, 'reg_lambda': 0.0006504578804627718}. Best is trial 15 with value: -0.048488269676222065.
[I 2023-07-23 03:55:04,856] Trial 22 finished with value: -0.043803868241134414 and parameters: {'max_depth': 5, 'learning_rate': 0.2076004293447103, 'n_estimators': 364, 'min_child_weight': 6, 'gamma': 0.18199252077182548, 'subsample': 0.49532244459717006, 'colsample_bytree': 0.4644006208698608, 'reg_alpha': 0.02412463028325491, 'reg_lambda': 0.00054157249421362}. Best is trial 22 with value: -0.043803868241134414.
[I 2023-07-23 03:55:25,791] Trial 23 finished with value: -0.0478343594821012 and parameters: {'max_depth': 5, 'learning_rate': 0.2433538951702527, 'n_estimators': 316, 'min_child_weight': 6, 'gamma': 0.13156924651156063, 'subsample': 0.2953871923488971, 'colsample_bytree': 0.30411990439670317, 'reg_alpha': 0.0017247742092111767, 'reg_lambda': 0.00011976460042936175}. Best is trial 22 with value: -0.043803868241134414.
[I 2023-07-23 03:55:38,640] Trial 24 finished with value: -0.0504378876690584 and parameters: {'max_depth': 5, 'learning_rate': 0.27710489675237765, 'n_estimators': 178, 'min_child_weight': 6, 'gamma': 0.10414575249080618, 'subsample': 0.30620997261826227, 'colsample_bytree': 0.3228116263591371, 'reg_alpha': 0.0013152517392060576, 'reg_lambda': 0.00011357736694892192}. Best is trial 22 with value: -0.043803868241134414.
[I 2023-07-23 03:55:59,013] Trial 25 finished with value: -0.04826511061143584 and parameters: {'max_depth': 5, 'learning_rate': 0.18015624976667233, 'n_estimators': 302, 'min_child_weight': 6, 'gamma': 0.12767082688982584, 'subsample': 0.32015784385210727, 'colsample_bytree': 0.24752548131827865, 'reg_alpha': 0.012441208351873092, 'reg_lambda': 0.00022895335799314644}. Best is trial 22 with value: -0.043803868241134414.
[I 2023-07-23 03:56:13,189] Trial 26 finished with value: -0.053390356837812424 and parameters: {'max_depth': 4, 'learning_rate': 0.3631622187486871, 'n_estimators': 297, 'min_child_weight': 6, 'gamma': 0.1353904965421956, 'subsample': 0.48227311812465606, 'colsample_bytree': 0.130947035228674, 'reg_alpha': 0.002307231996827562, 'reg_lambda': 0.0002150170344515059}. Best is trial 22 with value: -0.043803868241134414.
[I 2023-07-23 03:56:30,420] Trial 27 finished with value: -0.049758254263461574 and parameters: {'max_depth': 5, 'learning_rate': 0.18904053342223037, 'n_estimators': 243, 'min_child_weight': 7, 'gamma': 0.12548902672584927, 'subsample': 0.30243604122707224, 'colsample_bytree': 0.24626082324765294, 'reg_alpha': 0.005341596289774283, 'reg_lambda': 0.01253292234659976}. Best is trial 22 with value: -0.043803868241134414.
[I 2023-07-23 03:56:42,792] Trial 28 finished with value: -0.0636623577798025 and parameters: {'max_depth': 2, 'learning_rate': 0.16947181964816818, 'n_estimators': 382, 'min_child_weight': 8, 'gamma': 0.12554837745972197, 'subsample': 0.3323642500181406, 'colsample_bytree': 0.12874437123383442, 'reg_alpha': 0.0005805474925286138, 'reg_lambda': 2.9337307075986747e-05}. Best is trial 22 with value: -0.043803868241134414.
[I 2023-07-23 03:56:53,651] Trial 29 finished with value: -0.05841074404450449 and parameters: {'max_depth': 4, 'learning_rate': 0.24660122988381963, 'n_estimators': 211, 'min_child_weight': 6, 'gamma': 0.1012126926816788, 'subsample': 0.12433814304406375, 'colsample_bytree': 0.22911181042610756, 'reg_alpha': 5.046513868406425e-05, 'reg_lambda': 8.77140562641326e-06}. Best is trial 22 with value: -0.043803868241134414.
Number of finished trials: 30
Best trial:
  Value: -0.043803868241134414
  Params: 
    max_depth: 5
    learning_rate: 0.2076004293447103
    n_estimators: 364
    min_child_weight: 6
    gamma: 0.18199252077182548
    subsample: 0.49532244459717006
    colsample_bytree: 0.4644006208698608
    reg_alpha: 0.02412463028325491
    reg_lambda: 0.00054157249421362
mean_squared_error:81.82
mean_absolute_error:6.55
percentage_error:7.27%
feature_importance: [('dayofmonth', 523.0), ('RealPower_-1d_0h', 352.0), ('RealPower_-7d_-1h', 320.0), ('RealPower_-7d_1h', 307.0), ('RealPower_-1d_-1h', 304.0), ('RealPower_-5d_1h', 301.0), ('RealPower_-2d_0h', 299.0), ('RealPower_-3d_0h', 296.0), ('RealPower_-6d_0h', 285.0), ('RealPower_-1d_1h', 281.0), ('RealPower_-6d_-1h', 279.0), ('month', 275.0), ('RealPower_-7d_0h', 275.0), ('RealPower_-5d_0h', 272.0), ('RealPower_-3d_1h', 266.0), ('RealPower_-5d_-1h', 266.0), ('RealPower_-2d_1h', 259.0), ('RealPower_-3d_-1h', 259.0), ('RealPower_-4d_-1h', 256.0), ('RealPower_-2d_-1h', 254.0), ('RealPower_-6d_1h', 246.0), ('RealPower_-4d_1h', 244.0), ('temp_-6h', 240.0), ('RealPower_-4d_0h', 230.0), ('temp_-1h', 224.0), ('dayofweek', 219.0), ('temp_max_-1h', 208.0), ('temp_max_-6h', 198.0), ('temp_-5h', 184.0), ('temp_max_-2h', 179.0), ('hour', 176.0), ('temp_min_-1h', 173.0), ('temp_min_-2h', 171.0), ('temp_max_-5h', 163.0), ('temp_min_-6h', 161.0), ('temp_-3h', 159.0), ('temp_max_-4h', 153.0), ('temp_-2h', 152.0), ('temp_min_-4h', 147.0), ('temp_-4h', 142.0), ('temp_max_-3h', 141.0), ('temp_min_-5h', 139.0), ('temp_min_-3h', 123.0), ('quarter', 94.0), ('is_holiday', 41.0)]
**************************************************
Fitting model for: PepperCanyon
**************************************************
[I 2023-07-23 03:57:10,394] A new study created in memory with name: no-name-77c908d8-0dcc-4da0-9711-16c5727a8621
[I 2023-07-23 03:57:21,693] Trial 0 finished with value: -0.13296813453628295 and parameters: {'max_depth': 1, 'learning_rate': 0.0337744814900327, 'n_estimators': 470, 'min_child_weight': 10, 'gamma': 0.10698906311061494, 'subsample': 0.4769737956788807, 'colsample_bytree': 0.06216872468869227, 'reg_alpha': 6.923632637049735e-06, 'reg_lambda': 1.2775380740816552e-07}. Best is trial 0 with value: -0.13296813453628295.
[I 2023-07-23 03:57:29,231] Trial 1 finished with value: -0.1348949857816934 and parameters: {'max_depth': 1, 'learning_rate': 0.01499972354332683, 'n_estimators': 294, 'min_child_weight': 7, 'gamma': 0.27424009184744225, 'subsample': 0.0669939172505239, 'colsample_bytree': 0.15365783362054097, 'reg_alpha': 0.20134835578918805, 'reg_lambda': 0.0006076383621446505}. Best is trial 0 with value: -0.13296813453628295.
[I 2023-07-23 03:57:33,896] Trial 2 finished with value: -0.12961058208986795 and parameters: {'max_depth': 1, 'learning_rate': 0.2627579326411198, 'n_estimators': 156, 'min_child_weight': 7, 'gamma': 0.2864736459869594, 'subsample': 0.02868659916046995, 'colsample_bytree': 0.016276752549875848, 'reg_alpha': 1.4913389648558486e-05, 'reg_lambda': 0.00388028249294267}. Best is trial 2 with value: -0.12961058208986795.
[I 2023-07-23 03:57:38,202] Trial 3 finished with value: -0.10948774513205813 and parameters: {'max_depth': 4, 'learning_rate': 0.036946657659961794, 'n_estimators': 67, 'min_child_weight': 8, 'gamma': 0.2133561359627401, 'subsample': 0.07279914623402563, 'colsample_bytree': 0.2447274964803225, 'reg_alpha': 0.001760474336325347, 'reg_lambda': 0.0003245329304724205}. Best is trial 3 with value: -0.10948774513205813.
[I 2023-07-23 03:57:57,551] Trial 4 finished with value: -0.1105719027771422 and parameters: {'max_depth': 4, 'learning_rate': 0.20340087655420214, 'n_estimators': 440, 'min_child_weight': 8, 'gamma': 0.9260001325787504, 'subsample': 0.027515908065675738, 'colsample_bytree': 0.06607687609636662, 'reg_alpha': 0.009545046167688233, 'reg_lambda': 1.6482113267777593e-07}. Best is trial 3 with value: -0.10948774513205813.
[I 2023-07-23 03:58:13,899] Trial 5 finished with value: -0.07421821959284983 and parameters: {'max_depth': 3, 'learning_rate': 0.19221286801437443, 'n_estimators': 395, 'min_child_weight': 8, 'gamma': 0.8965503778614116, 'subsample': 0.0669621093682489, 'colsample_bytree': 0.26650369305888383, 'reg_alpha': 0.007421722538085196, 'reg_lambda': 1.5763360160413455e-08}. Best is trial 5 with value: -0.07421821959284983.
[I 2023-07-23 03:58:38,094] Trial 6 finished with value: -0.12853470367399367 and parameters: {'max_depth': 5, 'learning_rate': 0.4423078458884734, 'n_estimators': 406, 'min_child_weight': 10, 'gamma': 0.36270339541426644, 'subsample': 0.06617813214916099, 'colsample_bytree': 0.4688443291307049, 'reg_alpha': 0.0004186177679508649, 'reg_lambda': 0.2799916605032898}. Best is trial 5 with value: -0.07421821959284983.
[I 2023-07-23 03:58:45,321] Trial 7 finished with value: -0.11554011845494523 and parameters: {'max_depth': 1, 'learning_rate': 0.12816149032946147, 'n_estimators': 245, 'min_child_weight': 7, 'gamma': 0.9719310407401239, 'subsample': 0.2341720075163892, 'colsample_bytree': 0.3541507743618025, 'reg_alpha': 0.0006255618820656016, 'reg_lambda': 7.734292710262183e-07}. Best is trial 5 with value: -0.07421821959284983.
[I 2023-07-23 03:59:02,572] Trial 8 finished with value: -0.14108328898145092 and parameters: {'max_depth': 5, 'learning_rate': 0.07365904233990969, 'n_estimators': 356, 'min_child_weight': 5, 'gamma': 0.11456221894175626, 'subsample': 0.010337588527279711, 'colsample_bytree': 0.015119443145496762, 'reg_alpha': 0.006306186925066801, 'reg_lambda': 7.932713103969324e-08}. Best is trial 5 with value: -0.07421821959284983.
[I 2023-07-23 03:59:07,252] Trial 9 finished with value: -0.19934080369313462 and parameters: {'max_depth': 1, 'learning_rate': 0.020823390714177718, 'n_estimators': 163, 'min_child_weight': 8, 'gamma': 0.1396854856773139, 'subsample': 0.08637625093933868, 'colsample_bytree': 0.05224927426089181, 'reg_alpha': 0.37631215947565455, 'reg_lambda': 0.27792884656849276}. Best is trial 5 with value: -0.07421821959284983.
[I 2023-07-23 03:59:20,432] Trial 10 finished with value: -0.07357213401150589 and parameters: {'max_depth': 3, 'learning_rate': 0.08725164115511876, 'n_estimators': 333, 'min_child_weight': 5, 'gamma': 0.6002422599465014, 'subsample': 0.1710215693881113, 'colsample_bytree': 0.16847687472673986, 'reg_alpha': 5.800950650285585e-08, 'reg_lambda': 1.1817783805665507e-08}. Best is trial 10 with value: -0.07357213401150589.
[I 2023-07-23 03:59:33,895] Trial 11 finished with value: -0.07536578432720413 and parameters: {'max_depth': 3, 'learning_rate': 0.09353015914748015, 'n_estimators': 326, 'min_child_weight': 5, 'gamma': 0.5724607567078205, 'subsample': 0.16333990430637485, 'colsample_bytree': 0.1498875426893015, 'reg_alpha': 1.891015639177645e-08, 'reg_lambda': 1.7050770119269337e-08}. Best is trial 10 with value: -0.07357213401150589.
[I 2023-07-23 03:59:43,982] Trial 12 finished with value: -0.07390008868109724 and parameters: {'max_depth': 3, 'learning_rate': 0.13556191348427485, 'n_estimators': 234, 'min_child_weight': 6, 'gamma': 0.6141314842628318, 'subsample': 0.16996094103543313, 'colsample_bytree': 0.16793966930718146, 'reg_alpha': 1.707415153278187e-08, 'reg_lambda': 4.539848928987305e-06}. Best is trial 10 with value: -0.07357213401150589.
[I 2023-07-23 03:59:51,660] Trial 13 finished with value: -0.09743306303097748 and parameters: {'max_depth': 2, 'learning_rate': 0.057977447002790373, 'n_estimators': 214, 'min_child_weight': 6, 'gamma': 0.5551815496469793, 'subsample': 0.20434091691060174, 'colsample_bytree': 0.13276109740045333, 'reg_alpha': 1.4998914465746443e-08, 'reg_lambda': 3.3792988736113494e-06}. Best is trial 10 with value: -0.07357213401150589.
[I 2023-07-23 03:59:54,112] Trial 14 finished with value: -0.12526132350775152 and parameters: {'max_depth': 2, 'learning_rate': 0.11800671779685559, 'n_estimators': 42, 'min_child_weight': 6, 'gamma': 0.529510999430086, 'subsample': 0.41004461053748265, 'colsample_bytree': 0.10773095324293677, 'reg_alpha': 3.3936232556329523e-07, 'reg_lambda': 7.748206495046794e-06}. Best is trial 10 with value: -0.07357213401150589.
[I 2023-07-23 04:00:08,973] Trial 15 finished with value: -0.06760591001059697 and parameters: {'max_depth': 4, 'learning_rate': 0.06095601194806963, 'n_estimators': 278, 'min_child_weight': 6, 'gamma': 0.6513751943107864, 'subsample': 0.12516065980380778, 'colsample_bytree': 0.22576340875268194, 'reg_alpha': 1.3208775074757665e-07, 'reg_lambda': 1.6218927004714303e-05}. Best is trial 15 with value: -0.06760591001059697.
[I 2023-07-23 04:00:25,209] Trial 16 finished with value: -0.0643174984505865 and parameters: {'max_depth': 4, 'learning_rate': 0.053931487307016385, 'n_estimators': 300, 'min_child_weight': 5, 'gamma': 0.7010439757558882, 'subsample': 0.1225539704005108, 'colsample_bytree': 0.4919292488224373, 'reg_alpha': 3.148541528043934e-07, 'reg_lambda': 2.5451584402452524e-05}. Best is trial 16 with value: -0.0643174984505865.
[I 2023-07-23 04:00:34,935] Trial 17 finished with value: -0.06882279747328512 and parameters: {'max_depth': 4, 'learning_rate': 0.05487849743760057, 'n_estimators': 153, 'min_child_weight': 6, 'gamma': 0.4074539890563496, 'subsample': 0.10798129727035831, 'colsample_bytree': 0.46641110390686696, 'reg_alpha': 6.727060312177234e-07, 'reg_lambda': 6.901602446725551e-05}. Best is trial 16 with value: -0.0643174984505865.
[I 2023-07-23 04:00:50,477] Trial 18 finished with value: -0.06868214513833026 and parameters: {'max_depth': 4, 'learning_rate': 0.037933813610206875, 'n_estimators': 281, 'min_child_weight': 5, 'gamma': 0.7682237774379126, 'subsample': 0.26855206642449203, 'colsample_bytree': 0.2878952638419717, 'reg_alpha': 5.819314968788298e-07, 'reg_lambda': 2.960821307212576e-05}. Best is trial 16 with value: -0.0643174984505865.
[I 2023-07-23 04:00:59,759] Trial 19 finished with value: -0.25305568681381746 and parameters: {'max_depth': 5, 'learning_rate': 0.01199682134515768, 'n_estimators': 111, 'min_child_weight': 9, 'gamma': 0.4343795275234884, 'subsample': 0.11956140662253503, 'colsample_bytree': 0.45512827577377934, 'reg_alpha': 9.62741810282567e-06, 'reg_lambda': 1.2782493400250096e-06}. Best is trial 16 with value: -0.0643174984505865.
[I 2023-07-23 04:01:08,349] Trial 20 finished with value: -0.0784228607105496 and parameters: {'max_depth': 4, 'learning_rate': 0.023851896702284815, 'n_estimators': 209, 'min_child_weight': 6, 'gamma': 0.7409721213524308, 'subsample': 0.2961882214379491, 'colsample_bytree': 0.24624101318998431, 'reg_alpha': 1.2058419303216216e-07, 'reg_lambda': 2.3353895882444654e-05}. Best is trial 16 with value: -0.0643174984505865.
[I 2023-07-23 04:01:21,346] Trial 21 finished with value: -0.06660949729098566 and parameters: {'max_depth': 4, 'learning_rate': 0.044644115314478885, 'n_estimators': 273, 'min_child_weight': 5, 'gamma': 0.751807862051259, 'subsample': 0.3155110458068023, 'colsample_bytree': 0.3154936855457794, 'reg_alpha': 8.412889190333712e-07, 'reg_lambda': 2.6853001729798242e-05}. Best is trial 16 with value: -0.0643174984505865.
[I 2023-07-23 04:01:37,252] Trial 22 finished with value: -0.0643734215099789 and parameters: {'max_depth': 4, 'learning_rate': 0.05250756076721444, 'n_estimators': 298, 'min_child_weight': 5, 'gamma': 0.757786010527817, 'subsample': 0.3400506695849964, 'colsample_bytree': 0.3489810505806829, 'reg_alpha': 2.2770729340439636e-06, 'reg_lambda': 0.00019059754068540054}. Best is trial 16 with value: -0.0643174984505865.
[I 2023-07-23 04:02:04,078] Trial 23 finished with value: -0.05784255399326486 and parameters: {'max_depth': 5, 'learning_rate': 0.04642430557358334, 'n_estimators': 371, 'min_child_weight': 5, 'gamma': 0.7441066432705938, 'subsample': 0.3561535804259454, 'colsample_bytree': 0.3521299958558131, 'reg_alpha': 3.1634606212451848e-06, 'reg_lambda': 0.00017446159896949366}. Best is trial 23 with value: -0.05784255399326486.
[I 2023-07-23 04:02:29,256] Trial 24 finished with value: -0.06119209067994086 and parameters: {'max_depth': 5, 'learning_rate': 0.026812902813759, 'n_estimators': 355, 'min_child_weight': 5, 'gamma': 0.48963867707201575, 'subsample': 0.48733256583020274, 'colsample_bytree': 0.3891213775542288, 'reg_alpha': 2.285160767660729e-06, 'reg_lambda': 0.00021941191056234344}. Best is trial 23 with value: -0.05784255399326486.
[I 2023-07-23 04:02:57,803] Trial 25 finished with value: -0.059494586934277824 and parameters: {'max_depth': 5, 'learning_rate': 0.0272120049949299, 'n_estimators': 388, 'min_child_weight': 5, 'gamma': 0.4967232056007422, 'subsample': 0.4387117444234748, 'colsample_bytree': 0.48588833504292955, 'reg_alpha': 2.6428842726642554e-05, 'reg_lambda': 0.0008444622049897345}. Best is trial 23 with value: -0.05784255399326486.
[I 2023-07-23 04:03:25,235] Trial 26 finished with value: -0.06166435839182603 and parameters: {'max_depth': 5, 'learning_rate': 0.023883961591703626, 'n_estimators': 383, 'min_child_weight': 6, 'gamma': 0.46093766173759454, 'subsample': 0.48692018973832785, 'colsample_bytree': 0.36626448807610795, 'reg_alpha': 5.4929272880038405e-05, 'reg_lambda': 0.0015408784071925135}. Best is trial 23 with value: -0.05784255399326486.
[I 2023-07-23 04:03:57,470] Trial 27 finished with value: -0.06031445240115909 and parameters: {'max_depth': 5, 'learning_rate': 0.030430077496696267, 'n_estimators': 498, 'min_child_weight': 5, 'gamma': 0.4788450940926423, 'subsample': 0.3797386827177631, 'colsample_bytree': 0.22906486013823643, 'reg_alpha': 5.877854529179851e-05, 'reg_lambda': 0.00526755098305087}. Best is trial 23 with value: -0.05784255399326486.
[I 2023-07-23 04:04:31,727] Trial 28 finished with value: -0.07030017670784108 and parameters: {'max_depth': 5, 'learning_rate': 0.015029841148382034, 'n_estimators': 486, 'min_child_weight': 7, 'gamma': 0.3754977059550282, 'subsample': 0.3619477067785972, 'colsample_bytree': 0.2177986634095384, 'reg_alpha': 8.420038402521863e-05, 'reg_lambda': 0.009118580762673256}. Best is trial 23 with value: -0.05784255399326486.
