c:\Users\Lunlo\.conda\envs\XGBoost\lib\site-packages\tqdm\auto.py:21: TqdmWarning: IProgress not found. Please update jupyter and ipywidgets. See https://ipywidgets.readthedocs.io/en/stable/user_install.html
  from .autonotebook import tqdm as notebook_tqdm
**************************************************
Fitting model for: CenterHall
**************************************************
[I 2023-07-23 00:53:54,331] A new study created in memory with name: no-name-4e8e161f-4942-4b9e-993b-9d3f966fd2d6
[I 2023-07-23 00:53:56,320] Trial 0 finished with value: -0.17671245881340533 and parameters: {'max_depth': 1, 'learning_rate': 0.3443409757363489, 'n_estimators': 25, 'min_child_weight': 10, 'gamma': 0.13298054273700577, 'subsample': 0.07500116844752994, 'colsample_bytree': 0.04148553669381987, 'reg_alpha': 0.019720270549438628, 'reg_lambda': 0.7434036344420515}. Best is trial 0 with value: -0.17671245881340533.
[I 2023-07-23 00:54:10,709] Trial 1 finished with value: -0.064481278540973 and parameters: {'max_depth': 4, 'learning_rate': 0.1670536703827065, 'n_estimators': 421, 'min_child_weight': 5, 'gamma': 0.3712145230840509, 'subsample': 0.04072869601295436, 'colsample_bytree': 0.2831034383210119, 'reg_alpha': 0.04462915663263669, 'reg_lambda': 9.800679500369835e-06}. Best is trial 1 with value: -0.064481278540973.
[I 2023-07-23 00:54:16,606] Trial 2 finished with value: -0.12673373616691166 and parameters: {'max_depth': 1, 'learning_rate': 0.05018636815367104, 'n_estimators': 224, 'min_child_weight': 8, 'gamma': 0.40826634951934776, 'subsample': 0.3210446085571597, 'colsample_bytree': 0.0758785060033072, 'reg_alpha': 2.246270191931433e-05, 'reg_lambda': 6.847741959900878e-05}. Best is trial 1 with value: -0.064481278540973.
[I 2023-07-23 00:54:26,604] Trial 3 finished with value: -0.3145626360910089 and parameters: {'max_depth': 4, 'learning_rate': 0.010668106500757482, 'n_estimators': 97, 'min_child_weight': 9, 'gamma': 0.37100070648226413, 'subsample': 0.07461238360837542, 'colsample_bytree': 0.03205097745425961, 'reg_alpha': 0.0021537941554600655, 'reg_lambda': 0.6526337207463556}. Best is trial 1 with value: -0.064481278540973.
[I 2023-07-23 00:54:53,515] Trial 4 finished with value: -0.05837122371316544 and parameters: {'max_depth': 5, 'learning_rate': 0.024658796496922927, 'n_estimators': 305, 'min_child_weight': 5, 'gamma': 0.3348110633757052, 'subsample': 0.1995225256059185, 'colsample_bytree': 0.429939516198113, 'reg_alpha': 0.0001227929195601191, 'reg_lambda': 0.016668378491190197}. Best is trial 4 with value: -0.05837122371316544.
[I 2023-07-23 00:54:56,906] Trial 5 finished with value: -0.16468187916768023 and parameters: {'max_depth': 1, 'learning_rate': 0.07208000218563987, 'n_estimators': 90, 'min_child_weight': 5, 'gamma': 0.16155005009787868, 'subsample': 0.26335445144746106, 'colsample_bytree': 0.06584798636489608, 'reg_alpha': 1.0182067735470569e-07, 'reg_lambda': 0.0001717324881952491}. Best is trial 4 with value: -0.05837122371316544.
[I 2023-07-23 00:55:04,109] Trial 6 finished with value: -0.14949111168807966 and parameters: {'max_depth': 2, 'learning_rate': 0.08102359681389934, 'n_estimators': 196, 'min_child_weight': 7, 'gamma': 0.106803851307739, 'subsample': 0.1007226573044646, 'colsample_bytree': 0.014094472938406264, 'reg_alpha': 5.198085364796069e-07, 'reg_lambda': 2.6811063708357676e-07}. Best is trial 4 with value: -0.05837122371316544.
[I 2023-07-23 00:55:13,610] Trial 7 finished with value: -0.07384255600849013 and parameters: {'max_depth': 3, 'learning_rate': 0.15764050415251715, 'n_estimators': 220, 'min_child_weight': 8, 'gamma': 0.49672453718333925, 'subsample': 0.398295924261313, 'colsample_bytree': 0.09546496141157655, 'reg_alpha': 0.00019597250004494248, 'reg_lambda': 1.4418283089291328e-08}. Best is trial 4 with value: -0.05837122371316544.
[I 2023-07-23 00:55:36,605] Trial 8 finished with value: -0.07569265958166291 and parameters: {'max_depth': 5, 'learning_rate': 0.2503202293449801, 'n_estimators': 367, 'min_child_weight': 6, 'gamma': 0.4625641721660297, 'subsample': 0.1318857504246284, 'colsample_bytree': 0.05359764223639298, 'reg_alpha': 3.57719132822956e-05, 'reg_lambda': 2.049314246479156e-08}. Best is trial 4 with value: -0.05837122371316544.
[I 2023-07-23 00:55:52,472] Trial 9 finished with value: -0.10124437306608396 and parameters: {'max_depth': 4, 'learning_rate': 0.017110609831126493, 'n_estimators': 297, 'min_child_weight': 7, 'gamma': 0.580943540570837, 'subsample': 0.09553352738309145, 'colsample_bytree': 0.09672759187582237, 'reg_alpha': 0.0002552698462655218, 'reg_lambda': 3.6981914801628096e-05}. Best is trial 4 with value: -0.05837122371316544.
[I 2023-07-23 00:56:22,167] Trial 10 finished with value: -0.06660397033184381 and parameters: {'max_depth': 5, 'learning_rate': 0.026138037683117746, 'n_estimators': 464, 'min_child_weight': 6, 'gamma': 0.9908375586819915, 'subsample': 0.01456418557731907, 'colsample_bytree': 0.3635519980178715, 'reg_alpha': 0.5015364192052633, 'reg_lambda': 0.007467275599903224}. Best is trial 4 with value: -0.05837122371316544.
[I 2023-07-23 00:56:46,256] Trial 11 finished with value: -0.06088756075621066 and parameters: {'max_depth': 4, 'learning_rate': 0.13737446309544302, 'n_estimators': 479, 'min_child_weight': 5, 'gamma': 0.24798703342719836, 'subsample': 0.036402930881873984, 'colsample_bytree': 0.4900953616508334, 'reg_alpha': 0.8594834972108913, 'reg_lambda': 0.0024288311816733905}. Best is trial 4 with value: -0.05837122371316544.
[I 2023-07-23 00:57:13,567] Trial 12 finished with value: -6.65825044678851 and parameters: {'max_depth': 5, 'learning_rate': 0.4890145378527189, 'n_estimators': 493, 'min_child_weight': 5, 'gamma': 0.2393638293184972, 'subsample': 0.03339096140644255, 'colsample_bytree': 0.4756347457888406, 'reg_alpha': 0.7875440222491387, 'reg_lambda': 0.007126438174422573}. Best is trial 4 with value: -0.05837122371316544.
[I 2023-07-23 00:57:27,206] Trial 13 finished with value: -0.07381625923126515 and parameters: {'max_depth': 3, 'learning_rate': 0.03934545410413105, 'n_estimators': 327, 'min_child_weight': 6, 'gamma': 0.21074215929332218, 'subsample': 0.15333127979316466, 'colsample_bytree': 0.20626555700918386, 'reg_alpha': 4.1332546555439606e-06, 'reg_lambda': 0.0059848636920443905}. Best is trial 4 with value: -0.05837122371316544.
[I 2023-07-23 00:57:48,452] Trial 14 finished with value: -0.0508879288601104 and parameters: {'max_depth': 4, 'learning_rate': 0.09496342911745552, 'n_estimators': 396, 'min_child_weight': 5, 'gamma': 0.2662427224398179, 'subsample': 0.49907050361617067, 'colsample_bytree': 0.4969964452096284, 'reg_alpha': 1.8907719898908553e-08, 'reg_lambda': 0.054235493116623186}. Best is trial 14 with value: -0.0508879288601104.
[I 2023-07-23 00:58:16,368] Trial 15 finished with value: -0.058053399162445986 and parameters: {'max_depth': 5, 'learning_rate': 0.028483199686284013, 'n_estimators': 400, 'min_child_weight': 6, 'gamma': 0.2905535459525645, 'subsample': 0.48945247688239363, 'colsample_bytree': 0.2066048998777956, 'reg_alpha': 1.2308081441210505e-08, 'reg_lambda': 0.1102715423127119}. Best is trial 14 with value: -0.0508879288601104.
[I 2023-07-23 00:58:36,309] Trial 16 finished with value: -0.06044768598381709 and parameters: {'max_depth': 4, 'learning_rate': 0.05032677146165912, 'n_estimators': 392, 'min_child_weight': 6, 'gamma': 0.28232447188175386, 'subsample': 0.49994669155124116, 'colsample_bytree': 0.18029816408605726, 'reg_alpha': 2.2866891588565433e-08, 'reg_lambda': 0.07913586767195656}. Best is trial 14 with value: -0.0508879288601104.
[I 2023-07-23 00:58:54,241] Trial 17 finished with value: -0.06244341197233065 and parameters: {'max_depth': 3, 'learning_rate': 0.09163833604988923, 'n_estimators': 419, 'min_child_weight': 7, 'gamma': 0.19144137930477192, 'subsample': 0.2785852361394641, 'colsample_bytree': 0.23676141633172648, 'reg_alpha': 1.2207846398056898e-08, 'reg_lambda': 0.08672209271371989}. Best is trial 14 with value: -0.0508879288601104.
[I 2023-07-23 00:59:06,494] Trial 18 finished with value: -0.08855192892443779 and parameters: {'max_depth': 2, 'learning_rate': 0.03691531092493069, 'n_estimators': 367, 'min_child_weight': 6, 'gamma': 0.28898427823299466, 'subsample': 0.4602304757073582, 'colsample_bytree': 0.16948330816678012, 'reg_alpha': 2.8692313412665246e-07, 'reg_lambda': 0.001043091721346154}. Best is trial 14 with value: -0.0508879288601104.
[I 2023-07-23 00:59:24,966] Trial 19 finished with value: -0.05118331775990742 and parameters: {'max_depth': 5, 'learning_rate': 0.08842577425237035, 'n_estimators': 261, 'min_child_weight': 7, 'gamma': 0.207021912729849, 'subsample': 0.21587087313753928, 'colsample_bytree': 0.3044257677523081, 'reg_alpha': 1.1322647502910261e-08, 'reg_lambda': 0.07468641656604313}. Best is trial 14 with value: -0.0508879288601104.
[I 2023-07-23 00:59:32,005] Trial 20 finished with value: -0.07034890762752723 and parameters: {'max_depth': 3, 'learning_rate': 0.11155360527114438, 'n_estimators': 143, 'min_child_weight': 9, 'gamma': 0.19254966276570337, 'subsample': 0.2754919247020128, 'colsample_bytree': 0.29509535504882184, 'reg_alpha': 1.685477968163398e-06, 'reg_lambda': 0.0009381164738438451}. Best is trial 14 with value: -0.0508879288601104.
[I 2023-07-23 00:59:52,048] Trial 21 finished with value: -0.051046350315092824 and parameters: {'max_depth': 5, 'learning_rate': 0.06363154318478784, 'n_estimators': 278, 'min_child_weight': 7, 'gamma': 0.268672780262785, 'subsample': 0.49435304486493015, 'colsample_bytree': 0.35023262496450785, 'reg_alpha': 3.88652629042085e-08, 'reg_lambda': 0.08039296233572009}. Best is trial 14 with value: -0.0508879288601104.
[I 2023-07-23 01:00:12,125] Trial 22 finished with value: -0.0524943912990089 and parameters: {'max_depth': 5, 'learning_rate': 0.06787531791289766, 'n_estimators': 267, 'min_child_weight': 8, 'gamma': 0.1555847542951371, 'subsample': 0.21542221325495486, 'colsample_bytree': 0.33012203247193855, 'reg_alpha': 7.319841577287234e-08, 'reg_lambda': 0.03914720807544763}. Best is trial 14 with value: -0.0508879288601104.
[I 2023-07-23 01:00:26,564] Trial 23 finished with value: -0.05514967171713429 and parameters: {'max_depth': 4, 'learning_rate': 0.1055841362575056, 'n_estimators': 265, 'min_child_weight': 7, 'gamma': 0.2626877936704109, 'subsample': 0.3946561695841169, 'colsample_bytree': 0.3479424196371347, 'reg_alpha': 6.08729405430741e-08, 'reg_lambda': 0.32265366758306263}. Best is trial 14 with value: -0.0508879288601104.
[I 2023-07-23 01:00:39,605] Trial 24 finished with value: -0.06308599437425472 and parameters: {'max_depth': 5, 'learning_rate': 0.07170094290954467, 'n_estimators': 181, 'min_child_weight': 9, 'gamma': 0.23466593691004475, 'subsample': 0.33430495707649394, 'colsample_bytree': 0.1530493169243355, 'reg_alpha': 2.1240340371453537e-07, 'reg_lambda': 0.027413149646115836}. Best is trial 14 with value: -0.0508879288601104.
[I 2023-07-23 01:00:56,234] Trial 25 finished with value: -0.05957734907862081 and parameters: {'max_depth': 4, 'learning_rate': 0.056718400016939535, 'n_estimators': 314, 'min_child_weight': 8, 'gamma': 0.2105580700672309, 'subsample': 0.20153751644131618, 'colsample_bytree': 0.273434163368518, 'reg_alpha': 1.1344982008680454e-08, 'reg_lambda': 0.21407584468919086}. Best is trial 14 with value: -0.0508879288601104.
[I 2023-07-23 01:01:24,038] Trial 26 finished with value: -0.04500317650169395 and parameters: {'max_depth': 5, 'learning_rate': 0.10272670756130389, 'n_estimators': 355, 'min_child_weight': 7, 'gamma': 0.33792784138657067, 'subsample': 0.37515396530505596, 'colsample_bytree': 0.468010045568096, 'reg_alpha': 5.2131331322683284e-08, 'reg_lambda': 0.7423927712227212}. Best is trial 26 with value: -0.04500317650169395.
[I 2023-07-23 01:01:43,307] Trial 27 finished with value: -0.05060477159656166 and parameters: {'max_depth': 4, 'learning_rate': 0.12437497379301792, 'n_estimators': 352, 'min_child_weight': 7, 'gamma': 0.3156873620644975, 'subsample': 0.3608459056558155, 'colsample_bytree': 0.4817194937838065, 'reg_alpha': 1.2746954950541952e-06, 'reg_lambda': 0.9929009803586579}. Best is trial 26 with value: -0.04500317650169395.
[I 2023-07-23 01:02:01,904] Trial 28 finished with value: -0.048986620151936236 and parameters: {'max_depth': 4, 'learning_rate': 0.1961787152636748, 'n_estimators': 357, 'min_child_weight': 10, 'gamma': 0.333130155136413, 'subsample': 0.35061306828156386, 'colsample_bytree': 0.43042054280265024, 'reg_alpha': 9.5396955954605e-07, 'reg_lambda': 0.5749630459923546}. Best is trial 26 with value: -0.04500317650169395.
[I 2023-07-23 01:02:16,978] Trial 29 finished with value: -0.06088897366552457 and parameters: {'max_depth': 3, 'learning_rate': 0.22094073772473088, 'n_estimators': 444, 'min_child_weight': 10, 'gamma': 0.3199713404613141, 'subsample': 0.3540841799999542, 'colsample_bytree': 0.13889891501272944, 'reg_alpha': 1.8180743125874686e-06, 'reg_lambda': 0.8966715585105631}. Best is trial 26 with value: -0.04500317650169395.
Number of finished trials: 30
Best trial:
  Value: -0.04500317650169395
  Params: 
    max_depth: 5
    learning_rate: 0.10272670756130389
    n_estimators: 355
    min_child_weight: 7
    gamma: 0.33792784138657067
    subsample: 0.37515396530505596
    colsample_bytree: 0.468010045568096
    reg_alpha: 5.2131331322683284e-08
    reg_lambda: 0.7423927712227212
mean_squared_error:189.77
mean_absolute_error:9.70
percentage_error:10.91%
feature_importance: [('dayofmonth', 659.0), ('RealPower_-1d_0h', 439.0), ('RealPower_-7d_0h', 392.0), ('RealPower_-7d_-1h', 361.0), ('month', 348.0), ('RealPower_-7d_1h', 340.0), ('RealPower_-2d_0h', 320.0), ('dayofweek', 303.0), ('RealPower_-1d_-1h', 296.0), ('RealPower_-1d_1h', 284.0), ('RealPower_-2d_1h', 271.0), ('RealPower_-6d_0h', 265.0), ('RealPower_-5d_0h', 256.0), ('RealPower_-3d_0h', 241.0), ('RealPower_-6d_-1h', 227.0), ('RealPower_-5d_1h', 225.0), ('RealPower_-4d_1h', 218.0), ('temp_-6h', 218.0), ('RealPower_-3d_-1h', 212.0), ('temp_-1h', 212.0), ('RealPower_-2d_-1h', 211.0), ('RealPower_-4d_-1h', 211.0), ('RealPower_-3d_1h', 210.0), ('RealPower_-6d_1h', 210.0), ('RealPower_-4d_0h', 210.0), ('hour', 204.0), ('RealPower_-5d_-1h', 202.0), ('temp_max_-6h', 200.0), ('temp_max_-1h', 188.0), ('temp_min_-1h', 171.0), ('temp_max_-2h', 160.0), ('temp_-5h', 160.0), ('quarter', 159.0), ('temp_min_-6h', 159.0), ('temp_max_-5h', 157.0), ('temp_-2h', 150.0), ('temp_max_-4h', 137.0), ('temp_min_-2h', 127.0), ('temp_-3h', 120.0), ('temp_max_-3h', 117.0), ('temp_-4h', 113.0), ('temp_min_-5h', 110.0), ('temp_min_-3h', 106.0), ('temp_min_-4h', 99.0), ('is_holiday', 54.0)]
**************************************************
Fitting model for: GalbraithHall
**************************************************
[I 2023-07-23 01:02:41,498] A new study created in memory with name: no-name-dbfd9124-3be3-4982-b38f-8a5c0f8bd67a
[I 2023-07-23 01:02:56,884] Trial 0 finished with value: -0.07761887551583112 and parameters: {'max_depth': 2, 'learning_rate': 0.014547324893764299, 'n_estimators': 462, 'min_child_weight': 9, 'gamma': 0.6926121454853448, 'subsample': 0.15779930232614903, 'colsample_bytree': 0.42418599329049256, 'reg_alpha': 6.00607928917208e-05, 'reg_lambda': 0.5218505449444867}. Best is trial 0 with value: -0.07761887551583112.
[I 2023-07-23 01:03:04,715] Trial 1 finished with value: -0.10167189792664885 and parameters: {'max_depth': 3, 'learning_rate': 0.13938399989629277, 'n_estimators': 214, 'min_child_weight': 10, 'gamma': 0.4306996661270943, 'subsample': 0.012766030636723227, 'colsample_bytree': 0.024625083097019124, 'reg_alpha': 1.8699083399047317e-05, 'reg_lambda': 1.0839050836628778e-05}. Best is trial 0 with value: -0.07761887551583112.
[I 2023-07-23 01:03:09,140] Trial 2 finished with value: -0.24415390289806535 and parameters: {'max_depth': 3, 'learning_rate': 0.016412735103215684, 'n_estimators': 83, 'min_child_weight': 5, 'gamma': 0.34926100440270064, 'subsample': 0.10542561126675362, 'colsample_bytree': 0.14536335174152365, 'reg_alpha': 0.03223519285232613, 'reg_lambda': 2.999548477125878e-06}. Best is trial 0 with value: -0.07761887551583112.
[I 2023-07-23 01:03:15,075] Trial 3 finished with value: -0.31625809778104597 and parameters: {'max_depth': 5, 'learning_rate': 0.014472497902116504, 'n_estimators': 74, 'min_child_weight': 8, 'gamma': 0.1668492099326954, 'subsample': 0.27576917634845577, 'colsample_bytree': 0.02791471461488666, 'reg_alpha': 1.561085404792814e-06, 'reg_lambda': 0.049839677315929}. Best is trial 0 with value: -0.07761887551583112.
[I 2023-07-23 01:03:20,262] Trial 4 finished with value: -0.18399209922740595 and parameters: {'max_depth': 1, 'learning_rate': 0.010545329887619755, 'n_estimators': 164, 'min_child_weight': 7, 'gamma': 0.33294364268912274, 'subsample': 0.4884362652960643, 'colsample_bytree': 0.22817990341013897, 'reg_alpha': 1.6070655747242226e-05, 'reg_lambda': 0.0001223523680554199}. Best is trial 0 with value: -0.07761887551583112.
[I 2023-07-23 01:03:28,560] Trial 5 finished with value: -0.12547072707886897 and parameters: {'max_depth': 2, 'learning_rate': 0.019836016714518845, 'n_estimators': 229, 'min_child_weight': 6, 'gamma': 0.6140828534027867, 'subsample': 0.011970057943298739, 'colsample_bytree': 0.017668835434996664, 'reg_alpha': 2.9142048356122322e-05, 'reg_lambda': 0.04828942609803616}. Best is trial 0 with value: -0.07761887551583112.
[I 2023-07-23 01:03:40,733] Trial 6 finished with value: -0.08247350707391574 and parameters: {'max_depth': 2, 'learning_rate': 0.4768273006715481, 'n_estimators': 387, 'min_child_weight': 8, 'gamma': 0.3763790873677092, 'subsample': 0.030468990107003047, 'colsample_bytree': 0.15404626477099936, 'reg_alpha': 1.9881527548389103e-05, 'reg_lambda': 0.0011714983877068037}. Best is trial 0 with value: -0.07761887551583112.
[I 2023-07-23 01:03:48,348] Trial 7 finished with value: -0.06924247449017087 and parameters: {'max_depth': 2, 'learning_rate': 0.20719663473218797, 'n_estimators': 217, 'min_child_weight': 7, 'gamma': 0.5129879013969754, 'subsample': 0.19952498053372344, 'colsample_bytree': 0.15159727431740305, 'reg_alpha': 7.121244449097588e-08, 'reg_lambda': 0.0038511159075326758}. Best is trial 7 with value: -0.06924247449017087.
[I 2023-07-23 01:04:12,841] Trial 8 finished with value: -0.0662492144142514 and parameters: {'max_depth': 4, 'learning_rate': 0.041702579867909796, 'n_estimators': 499, 'min_child_weight': 6, 'gamma': 0.9686260326379936, 'subsample': 0.035885631989404455, 'colsample_bytree': 0.09335606545704674, 'reg_alpha': 0.0009996540383609249, 'reg_lambda': 0.9503374997055366}. Best is trial 8 with value: -0.0662492144142514.
[I 2023-07-23 01:04:19,481] Trial 9 finished with value: -0.10174342121023014 and parameters: {'max_depth': 2, 'learning_rate': 0.45692295849727355, 'n_estimators': 183, 'min_child_weight': 5, 'gamma': 0.6191854542575063, 'subsample': 0.011443521040532428, 'colsample_bytree': 0.08569291798557352, 'reg_alpha': 0.001403902457219633, 'reg_lambda': 1.0048095974372905e-08}. Best is trial 8 with value: -0.0662492144142514.
[I 2023-07-23 01:04:43,182] Trial 10 finished with value: -0.07810967851392754 and parameters: {'max_depth': 5, 'learning_rate': 0.04363043467376542, 'n_estimators': 361, 'min_child_weight': 6, 'gamma': 0.9292049532978186, 'subsample': 0.05680469390090586, 'colsample_bytree': 0.047488400736985535, 'reg_alpha': 0.19847717489877592, 'reg_lambda': 0.9562203519178557}. Best is trial 8 with value: -0.0662492144142514.
[I 2023-07-23 01:05:00,623] Trial 11 finished with value: -0.06580300112074924 and parameters: {'max_depth': 4, 'learning_rate': 0.10135862176786052, 'n_estimators': 323, 'min_child_weight': 7, 'gamma': 0.935633198855784, 'subsample': 0.05320577728263798, 'colsample_bytree': 0.07623657144768148, 'reg_alpha': 1.0224852270138718e-07, 'reg_lambda': 0.012187596248538065}. Best is trial 11 with value: -0.06580300112074924.
[I 2023-07-23 01:05:24,275] Trial 12 finished with value: -0.07537040103460366 and parameters: {'max_depth': 4, 'learning_rate': 0.04977344274641262, 'n_estimators': 490, 'min_child_weight': 6, 'gamma': 0.9692561090704966, 'subsample': 0.046303932132231516, 'colsample_bytree': 0.05777807443598757, 'reg_alpha': 2.5677631070291914e-08, 'reg_lambda': 0.04743859874881496}. Best is trial 11 with value: -0.06580300112074924.
[I 2023-07-23 01:05:40,393] Trial 13 finished with value: -0.06860946463153414 and parameters: {'max_depth': 4, 'learning_rate': 0.08900997236193005, 'n_estimators': 329, 'min_child_weight': 7, 'gamma': 0.9971116301018798, 'subsample': 0.03120960935648813, 'colsample_bytree': 0.07546425766785392, 'reg_alpha': 0.0014681680693078769, 'reg_lambda': 0.96179878838379}. Best is trial 11 with value: -0.06580300112074924.
[I 2023-07-23 01:05:56,041] Trial 14 finished with value: -0.10139288474849333 and parameters: {'max_depth': 4, 'learning_rate': 0.05222965474618699, 'n_estimators': 302, 'min_child_weight': 6, 'gamma': 0.25654242658142906, 'subsample': 0.08478812882997441, 'colsample_bytree': 0.012064132093217307, 'reg_alpha': 1.015148579139377e-07, 'reg_lambda': 0.005925529083246806}. Best is trial 11 with value: -0.06580300112074924.
[I 2023-07-23 01:06:17,175] Trial 15 finished with value: -0.08620558174705666 and parameters: {'max_depth': 4, 'learning_rate': 0.028993262273147788, 'n_estimators': 423, 'min_child_weight': 8, 'gamma': 0.7625731285611929, 'subsample': 0.027362367217050522, 'colsample_bytree': 0.046779712112879915, 'reg_alpha': 1.0021978786891035e-08, 'reg_lambda': 0.1461266047905535}. Best is trial 11 with value: -0.06580300112074924.
