[I 2023-07-23 02:50:47,240] Trial 29 finished with value: -0.06057600757098543 and parameters: {'max_depth': 5, 'learning_rate': 0.022852352881698, 'n_estimators': 279, 'min_child_weight': 5, 'gamma': 0.26043823123329607, 'subsample': 0.23489201285314742, 'colsample_bytree': 0.2164295193476363, 'reg_alpha': 0.36837632431851963, 'reg_lambda': 7.429434584062134e-08}. Best is trial 24 with value: -0.05584496878489794.
Number of finished trials: 30
Best trial:
  Value: -0.05584496878489794
  Params: 
    max_depth: 5
    learning_rate: 0.043117695114749645
    n_estimators: 434
    min_child_weight: 5
    gamma: 0.49622231401059946
    subsample: 0.14029449007456957
    colsample_bytree: 0.16343742779338785
    reg_alpha: 0.03209387819643215
    reg_lambda: 6.505559997604579e-07
mean_squared_error:72.08
mean_absolute_error:6.15
percentage_error:6.82%
feature_importance: [('RealPower_-1d_0h', 427.0), ('RealPower_-1d_-1h', 396.0), ('dayofmonth', 384.0), ('RealPower_-6d_-1h', 368.0), ('RealPower_-2d_-1h', 351.0), ('RealPower_-2d_0h', 330.0), ('RealPower_-3d_0h', 328.0), ('RealPower_-3d_1h', 323.0), ('RealPower_-5d_1h', 322.0), ('RealPower_-7d_0h', 315.0), ('RealPower_-7d_-1h', 315.0), ('RealPower_-1d_1h', 303.0), ('RealPower_-4d_0h', 301.0), ('RealPower_-7d_1h', 299.0), ('RealPower_-6d_0h', 287.0), ('RealPower_-5d_0h', 286.0), ('RealPower_-4d_-1h', 284.0), ('month', 283.0), ('RealPower_-6d_1h', 282.0), ('RealPower_-2d_1h', 274.0), ('RealPower_-3d_-1h', 266.0), ('temp_-5h', 253.0), ('RealPower_-4d_1h', 252.0), ('temp_min_-2h', 246.0), ('temp_-1h', 244.0), ('temp_min_-5h', 241.0), ('temp_max_-2h', 234.0), ('temp_-6h', 223.0), ('temp_min_-4h', 219.0), ('RealPower_-5d_-1h', 217.0), ('temp_-2h', 217.0), ('dayofweek', 213.0), ('temp_min_-6h', 212.0), ('temp_max_-1h', 209.0), ('temp_max_-5h', 207.0), ('temp_-4h', 204.0), ('temp_max_-4h', 199.0), ('temp_-3h', 196.0), ('temp_min_-1h', 191.0), ('temp_max_-3h', 187.0), ('temp_max_-6h', 186.0), ('temp_min_-3h', 183.0), ('hour', 182.0), ('quarter', 133.0), ('is_holiday', 67.0)]
**************************************************
Fitting model for: PepperCanyon
**************************************************
[I 2023-07-23 02:51:05,334] A new study created in memory with name: no-name-cfd5dc7d-e948-4112-9118-67a2e1869e32
[I 2023-07-23 02:51:08,431] Trial 0 finished with value: -0.11071078992623307 and parameters: {'max_depth': 2, 'learning_rate': 0.04439730952479629, 'n_estimators': 70, 'min_child_weight': 9, 'gamma': 0.11558256975222718, 'subsample': 0.028740573140359757, 'colsample_bytree': 0.2840008579021821, 'reg_alpha': 5.527690339162859e-07, 'reg_lambda': 9.50272637670462e-08}. Best is trial 0 with value: -0.11071078992623307.
[I 2023-07-23 02:51:28,484] Trial 1 finished with value: -0.17810413513789766 and parameters: {'max_depth': 4, 'learning_rate': 0.021202885065954833, 'n_estimators': 463, 'min_child_weight': 9, 'gamma': 0.12311482532191251, 'subsample': 0.0448413738147748, 'colsample_bytree': 0.017802859417322417, 'reg_alpha': 5.136307949895999e-05, 'reg_lambda': 0.0004779165881152419}. Best is trial 0 with value: -0.11071078992623307.
[I 2023-07-23 02:51:38,533] Trial 2 finished with value: -0.17325478048944373 and parameters: {'max_depth': 3, 'learning_rate': 0.04440801308126736, 'n_estimators': 249, 'min_child_weight': 8, 'gamma': 0.4056860360640814, 'subsample': 0.08941496757254139, 'colsample_bytree': 0.03461516477262426, 'reg_alpha': 0.11599223515480597, 'reg_lambda': 5.8853945212238906e-08}. Best is trial 0 with value: -0.11071078992623307.
[I 2023-07-23 02:51:42,444] Trial 3 finished with value: -0.21812250310833944 and parameters: {'max_depth': 5, 'learning_rate': 0.052526588390998344, 'n_estimators': 50, 'min_child_weight': 9, 'gamma': 0.3037448618376652, 'subsample': 0.12469167126969502, 'colsample_bytree': 0.021232292266045005, 'reg_alpha': 0.01003286700869355, 'reg_lambda': 6.29793818561592e-08}. Best is trial 0 with value: -0.11071078992623307.
[I 2023-07-23 02:52:01,735] Trial 4 finished with value: -0.06227476387393209 and parameters: {'max_depth': 5, 'learning_rate': 0.04059550391185356, 'n_estimators': 277, 'min_child_weight': 6, 'gamma': 0.46727744512830205, 'subsample': 0.14063543411867255, 'colsample_bytree': 0.3649861889703345, 'reg_alpha': 0.002542084660089164, 'reg_lambda': 0.31594496058248744}. Best is trial 4 with value: -0.06227476387393209.
[I 2023-07-23 02:52:20,818] Trial 5 finished with value: -0.1671375470682575 and parameters: {'max_depth': 5, 'learning_rate': 0.027388994900007624, 'n_estimators': 440, 'min_child_weight': 9, 'gamma': 0.8411672775820441, 'subsample': 0.010517324739645659, 'colsample_bytree': 0.012385416918283753, 'reg_alpha': 0.0007557511045630339, 'reg_lambda': 2.3710600298236872e-06}. Best is trial 4 with value: -0.06227476387393209.
[I 2023-07-23 02:52:22,759] Trial 6 finished with value: -0.8770777263954178 and parameters: {'max_depth': 5, 'learning_rate': 0.01642317402022012, 'n_estimators': 7, 'min_child_weight': 5, 'gamma': 0.3630307116133602, 'subsample': 0.25346384166308933, 'colsample_bytree': 0.2300750115278057, 'reg_alpha': 0.020521716135133868, 'reg_lambda': 0.06842576681935841}. Best is trial 4 with value: -0.06227476387393209.
[I 2023-07-23 02:52:50,397] Trial 7 finished with value: -0.07396242916633665 and parameters: {'max_depth': 5, 'learning_rate': 0.0472596408177462, 'n_estimators': 450, 'min_child_weight': 6, 'gamma': 0.11360047216544032, 'subsample': 0.03272767140613783, 'colsample_bytree': 0.15268171407865525, 'reg_alpha': 1.9140493541752154e-06, 'reg_lambda': 0.010380104871211781}. Best is trial 4 with value: -0.06227476387393209.
[I 2023-07-23 02:52:52,867] Trial 8 finished with value: -0.22484053635473927 and parameters: {'max_depth': 1, 'learning_rate': 0.05834987495573685, 'n_estimators': 55, 'min_child_weight': 9, 'gamma': 0.1519588579243546, 'subsample': 0.08616427927201115, 'colsample_bytree': 0.011581555760256008, 'reg_alpha': 0.06163237109316271, 'reg_lambda': 0.23472606122960157}. Best is trial 4 with value: -0.06227476387393209.
[I 2023-07-23 02:52:55,845] Trial 9 finished with value: -0.2459664896788679 and parameters: {'max_depth': 2, 'learning_rate': 0.0242201978177231, 'n_estimators': 54, 'min_child_weight': 8, 'gamma': 0.2331454526502053, 'subsample': 0.034798799965076004, 'colsample_bytree': 0.020390068269811764, 'reg_alpha': 9.618382555930803e-06, 'reg_lambda': 1.59015473293399e-08}. Best is trial 4 with value: -0.06227476387393209.
[I 2023-07-23 02:53:10,921] Trial 10 finished with value: -0.05842234084353132 and parameters: {'max_depth': 4, 'learning_rate': 0.13713012121233945, 'n_estimators': 275, 'min_child_weight': 6, 'gamma': 0.6659867382784282, 'subsample': 0.47373141907593236, 'colsample_bytree': 0.4740932725990911, 'reg_alpha': 1.5060341448884856e-08, 'reg_lambda': 0.0022856483018732316}. Best is trial 10 with value: -0.05842234084353132.
[I 2023-07-23 02:53:25,543] Trial 11 finished with value: -0.05805067162501737 and parameters: {'max_depth': 4, 'learning_rate': 0.1537952868911447, 'n_estimators': 278, 'min_child_weight': 6, 'gamma': 0.6418691484658829, 'subsample': 0.48722770956819744, 'colsample_bytree': 0.4846382701538208, 'reg_alpha': 1.549576360290972e-08, 'reg_lambda': 0.9822593251199966}. Best is trial 11 with value: -0.05805067162501737.
[I 2023-07-23 02:53:38,924] Trial 12 finished with value: -0.05868361204369902 and parameters: {'max_depth': 4, 'learning_rate': 0.1583662670712521, 'n_estimators': 248, 'min_child_weight': 6, 'gamma': 0.7595045921131317, 'subsample': 0.4590598742996128, 'colsample_bytree': 0.4808861820156911, 'reg_alpha': 1.5892929231330564e-08, 'reg_lambda': 0.0027531004371292634}. Best is trial 11 with value: -0.05805067162501737.
[I 2023-07-23 02:53:55,296] Trial 13 finished with value: -0.06293444838763418 and parameters: {'max_depth': 4, 'learning_rate': 0.14166733158932096, 'n_estimators': 338, 'min_child_weight': 7, 'gamma': 0.6088165053304969, 'subsample': 0.47854181822353054, 'colsample_bytree': 0.13529590352592089, 'reg_alpha': 1.2674325779503776e-08, 'reg_lambda': 0.7700696072815791}. Best is trial 11 with value: -0.05805067162501737.
[I 2023-07-23 02:54:02,267] Trial 14 finished with value: -0.06913325082270354 and parameters: {'max_depth': 3, 'learning_rate': 0.34758027522765134, 'n_estimators': 158, 'min_child_weight': 5, 'gamma': 0.6028939827280866, 'subsample': 0.2667602477659271, 'colsample_bytree': 0.49657312332608566, 'reg_alpha': 5.298131649456668e-07, 'reg_lambda': 5.913407609069032e-05}. Best is trial 11 with value: -0.05805067162501737.
[I 2023-07-23 02:54:20,141] Trial 15 finished with value: -0.07186428209565178 and parameters: {'max_depth': 4, 'learning_rate': 0.10771615349373259, 'n_estimators': 354, 'min_child_weight': 7, 'gamma': 0.9968907893707485, 'subsample': 0.28054452608780117, 'colsample_bytree': 0.09682199814948252, 'reg_alpha': 2.366445900181062e-08, 'reg_lambda': 0.02646214121099167}. Best is trial 11 with value: -0.05805067162501737.
[I 2023-07-23 02:54:27,829] Trial 16 finished with value: -0.07006018491424881 and parameters: {'max_depth': 3, 'learning_rate': 0.2549943987769947, 'n_estimators': 179, 'min_child_weight': 6, 'gamma': 0.5246458864792493, 'subsample': 0.4324484760211117, 'colsample_bytree': 0.22855510132641754, 'reg_alpha': 1.0995732792904165e-07, 'reg_lambda': 0.0037145176892615477}. Best is trial 11 with value: -0.05805067162501737.
[I 2023-07-23 02:54:46,362] Trial 17 finished with value: -0.07948134733390497 and parameters: {'max_depth': 4, 'learning_rate': 0.096979777586315, 'n_estimators': 374, 'min_child_weight': 5, 'gamma': 0.716761295965256, 'subsample': 0.19820831473458306, 'colsample_bytree': 0.07432502936106834, 'reg_alpha': 1.3789147152603008e-07, 'reg_lambda': 0.05011686678024484}. Best is trial 11 with value: -0.05805067162501737.
[I 2023-07-23 02:54:52,816] Trial 18 finished with value: -0.08049279289750336 and parameters: {'max_depth': 2, 'learning_rate': 0.46082771178002735, 'n_estimators': 176, 'min_child_weight': 7, 'gamma': 0.5256760011641693, 'subsample': 0.31361126810238976, 'colsample_bytree': 0.33264721944757913, 'reg_alpha': 0.8181614624470862, 'reg_lambda': 0.0002588003878451272}. Best is trial 11 with value: -0.05805067162501737.
[I 2023-07-23 02:55:05,301] Trial 19 finished with value: -0.10177708665696664 and parameters: {'max_depth': 3, 'learning_rate': 0.010333284064113811, 'n_estimators': 311, 'min_child_weight': 6, 'gamma': 0.9745110467651535, 'subsample': 0.174321572458878, 'colsample_bytree': 0.18004367830664775, 'reg_alpha': 6.863376245329311e-06, 'reg_lambda': 0.4786529903548605}. Best is trial 11 with value: -0.05805067162501737.
[I 2023-07-23 02:55:26,331] Trial 20 finished with value: -0.05664667565564478 and parameters: {'max_depth': 4, 'learning_rate': 0.22235585950364747, 'n_estimators': 406, 'min_child_weight': 7, 'gamma': 0.6914197731045094, 'subsample': 0.49147614427996156, 'colsample_bytree': 0.328948474251625, 'reg_alpha': 1.4566165824919307e-07, 'reg_lambda': 0.9083294232472183}. Best is trial 20 with value: -0.05664667565564478.
[I 2023-07-23 02:55:42,163] Trial 21 finished with value: -0.05636565708131049 and parameters: {'max_depth': 4, 'learning_rate': 0.2204384306205603, 'n_estimators': 394, 'min_child_weight': 7, 'gamma': 0.688660413644581, 'subsample': 0.4937653761372474, 'colsample_bytree': 0.3740941710866687, 'reg_alpha': 9.213292456947752e-08, 'reg_lambda': 0.071492479737786}. Best is trial 21 with value: -0.05636565708131049.
[I 2023-07-23 02:56:00,871] Trial 22 finished with value: -0.058263633905000736 and parameters: {'max_depth': 4, 'learning_rate': 0.2274527871068247, 'n_estimators': 398, 'min_child_weight': 8, 'gamma': 0.7828764226283682, 'subsample': 0.33954356596555535, 'colsample_bytree': 0.30754778023324664, 'reg_alpha': 1.200898404316714e-07, 'reg_lambda': 0.7409240517185508}. Best is trial 21 with value: -0.05636565708131049.
[I 2023-07-23 02:56:19,395] Trial 23 finished with value: -0.06420199563193976 and parameters: {'max_depth': 3, 'learning_rate': 0.2148377166498846, 'n_estimators': 499, 'min_child_weight': 7, 'gamma': 0.6006604377454371, 'subsample': 0.3573411316820727, 'colsample_bytree': 0.20617422160762935, 'reg_alpha': 5.405431376393411e-08, 'reg_lambda': 0.09513418433162446}. Best is trial 21 with value: -0.05636565708131049.
[I 2023-07-23 02:56:39,087] Trial 24 finished with value: -0.061965875718176834 and parameters: {'max_depth': 4, 'learning_rate': 0.331598182792615, 'n_estimators': 403, 'min_child_weight': 10, 'gamma': 0.8462880436932989, 'subsample': 0.25487737809073263, 'colsample_bytree': 0.3654695959324732, 'reg_alpha': 4.538424994087261e-07, 'reg_lambda': 0.9840613032919635}. Best is trial 21 with value: -0.05636565708131049.
[I 2023-07-23 02:56:51,343] Trial 25 finished with value: -0.0698701187984418 and parameters: {'max_depth': 3, 'learning_rate': 0.0866572095703617, 'n_estimators': 319, 'min_child_weight': 7, 'gamma': 0.45939112799884835, 'subsample': 0.35812277590049385, 'colsample_bytree': 0.25595925501947075, 'reg_alpha': 5.8984740588284424e-08, 'reg_lambda': 0.12118336225616139}. Best is trial 21 with value: -0.05636565708131049.
[I 2023-07-23 02:57:11,488] Trial 26 finished with value: -0.0673650135910103 and parameters: {'max_depth': 4, 'learning_rate': 0.17623439992043186, 'n_estimators': 412, 'min_child_weight': 8, 'gamma': 0.6713465811058595, 'subsample': 0.19006072607583108, 'colsample_bytree': 0.12886626283190272, 'reg_alpha': 1.7164867754573082e-06, 'reg_lambda': 0.020976776197474834}. Best is trial 21 with value: -0.05636565708131049.
[I 2023-07-23 02:57:26,448] Trial 27 finished with value: -0.05890622845769974 and parameters: {'max_depth': 5, 'learning_rate': 0.12156946801911733, 'n_estimators': 219, 'min_child_weight': 7, 'gamma': 0.5348411776362203, 'subsample': 0.47568552787691193, 'colsample_bytree': 0.18675028866675952, 'reg_alpha': 2.366284521583933e-07, 'reg_lambda': 0.13689986691340936}. Best is trial 21 with value: -0.05636565708131049.
[I 2023-07-23 02:57:50,158] Trial 28 finished with value: -0.05808197178349108 and parameters: {'max_depth': 4, 'learning_rate': 0.19269398130116597, 'n_estimators': 494, 'min_child_weight': 5, 'gamma': 0.8137506425456233, 'subsample': 0.21370333206584025, 'colsample_bytree': 0.3682196454540426, 'reg_alpha': 4.9070504053085365e-08, 'reg_lambda': 0.20880906923251533}. Best is trial 21 with value: -0.05636565708131049.
[I 2023-07-23 02:57:54,251] Trial 29 finished with value: -0.12065613200208267 and parameters: {'max_depth': 1, 'learning_rate': 0.08462203958021661, 'n_estimators': 119, 'min_child_weight': 8, 'gamma': 0.6938134818236066, 'subsample': 0.35752820673143854, 'colsample_bytree': 0.2661745053983796, 'reg_alpha': 1.0246436389896945e-08, 'reg_lambda': 0.014971235174281085}. Best is trial 21 with value: -0.05636565708131049.
Number of finished trials: 30
Best trial:
  Value: -0.05636565708131049
  Params: 
    max_depth: 4
    learning_rate: 0.2204384306205603
    n_estimators: 394
    min_child_weight: 7
    gamma: 0.688660413644581
    subsample: 0.4937653761372474
    colsample_bytree: 0.3740941710866687
    reg_alpha: 9.213292456947752e-08
    reg_lambda: 0.071492479737786
mean_squared_error:29.00
mean_absolute_error:3.77
percentage_error:7.34%
feature_importance: [('dayofmonth', 296.0), ('RealPower_-1d_0h', 242.0), ('RealPower_-7d_0h', 232.0), ('RealPower_-1d_-1h', 210.0), ('RealPower_-7d_1h', 206.0), ('RealPower_-7d_-1h', 198.0), ('RealPower_-5d_0h', 184.0), ('RealPower_-1d_1h', 171.0), ('RealPower_-2d_1h', 170.0), ('RealPower_-2d_0h', 163.0), ('RealPower_-6d_-1h', 163.0), ('month', 159.0), ('RealPower_-5d_1h', 152.0), ('RealPower_-4d_1h', 151.0), ('RealPower_-3d_0h', 145.0), ('RealPower_-4d_0h', 142.0), ('RealPower_-6d_0h', 142.0), ('RealPower_-3d_1h', 139.0), ('hour', 134.0), ('RealPower_-2d_-1h', 134.0), ('RealPower_-6d_1h', 133.0), ('RealPower_-4d_-1h', 131.0), ('RealPower_-3d_-1h', 126.0), ('RealPower_-5d_-1h', 123.0), ('dayofweek', 111.0), ('temp_max_-1h', 108.0), ('temp_-1h', 102.0), ('temp_min_-1h', 96.0), ('temp_-2h', 94.0), ('temp_max_-2h', 93.0), ('temp_-4h', 91.0), ('temp_-5h', 87.0), ('temp_-3h', 84.0), ('temp_max_-6h', 81.0), ('temp_min_-3h', 80.0), ('temp_max_-5h', 78.0), ('temp_-6h', 77.0), ('temp_min_-2h', 76.0), ('temp_max_-4h', 74.0), ('temp_min_-5h', 74.0), ('temp_min_-6h', 74.0), ('temp_min_-4h', 69.0), ('temp_max_-3h', 67.0), ('quarter', 65.0), ('is_holiday', 25.0)]
**************************************************
Fitting model for: RadyHall
**************************************************
[I 2023-07-23 02:58:11,368] A new study created in memory with name: no-name-ae6ee27e-b757-4c49-a20c-2a1726d95026
[I 2023-07-23 02:58:25,095] Trial 0 finished with value: -0.08590458708636628 and parameters: {'max_depth': 4, 'learning_rate': 0.3128570866966063, 'n_estimators': 281, 'min_child_weight': 7, 'gamma': 0.8925104693750541, 'subsample': 0.05359669036436406, 'colsample_bytree': 0.3569351112769459, 'reg_alpha': 0.00012985068656711285, 'reg_lambda': 0.019729948345627264}. Best is trial 0 with value: -0.08590458708636628.
[I 2023-07-23 02:58:57,111] Trial 1 finished with value: -0.0628200808945821 and parameters: {'max_depth': 5, 'learning_rate': 0.051822680314644286, 'n_estimators': 472, 'min_child_weight': 9, 'gamma': 0.127685336266279, 'subsample': 0.125390513215383, 'colsample_bytree': 0.3502120758824283, 'reg_alpha': 0.000406982924789434, 'reg_lambda': 0.22778705685844633}. Best is trial 1 with value: -0.0628200808945821.
[I 2023-07-23 02:59:00,284] Trial 2 finished with value: -0.10387893237799706 and parameters: {'max_depth': 4, 'learning_rate': 0.16918226286879243, 'n_estimators': 48, 'min_child_weight': 9, 'gamma': 0.793708032636562, 'subsample': 0.014800748506273352, 'colsample_bytree': 0.07019476364125235, 'reg_alpha': 0.2650428355437259, 'reg_lambda': 0.002427083062208887}. Best is trial 1 with value: -0.0628200808945821.
[I 2023-07-23 02:59:03,588] Trial 3 finished with value: -0.41086095154547503 and parameters: {'max_depth': 2, 'learning_rate': 0.01116895705791716, 'n_estimators': 75, 'min_child_weight': 10, 'gamma': 0.17278322225889967, 'subsample': 0.023523094358204207, 'colsample_bytree': 0.4479281714837367, 'reg_alpha': 0.18744164947463457, 'reg_lambda': 1.1205306306545717e-08}. Best is trial 1 with value: -0.0628200808945821.
[I 2023-07-23 02:59:07,133] Trial 4 finished with value: -0.14552194124006196 and parameters: {'max_depth': 1, 'learning_rate': 0.0728721608617029, 'n_estimators': 120, 'min_child_weight': 9, 'gamma': 0.2626546775493385, 'subsample': 0.04118939991737516, 'colsample_bytree': 0.025167794734391347, 'reg_alpha': 8.033282250287252e-07, 'reg_lambda': 1.0814266015250119e-08}. Best is trial 1 with value: -0.0628200808945821.
[I 2023-07-23 02:59:24,266] Trial 5 finished with value: -0.09379692354646454 and parameters: {'max_depth': 3, 'learning_rate': 0.13731704932943606, 'n_estimators': 457, 'min_child_weight': 6, 'gamma': 0.18231404816256822, 'subsample': 0.011392868751619788, 'colsample_bytree': 0.10478546140419776, 'reg_alpha': 0.0027116478275500673, 'reg_lambda': 0.0006086956212814725}. Best is trial 1 with value: -0.0628200808945821.
[I 2023-07-23 02:59:43,399] Trial 6 finished with value: -0.08019221247557226 and parameters: {'max_depth': 4, 'learning_rate': 0.33751548445682805, 'n_estimators': 384, 'min_child_weight': 5, 'gamma': 0.7488649827132228, 'subsample': 0.0856391539536609, 'colsample_bytree': 0.2309044555901012, 'reg_alpha': 0.009268512101709354, 'reg_lambda': 0.5408226960129078}. Best is trial 1 with value: -0.0628200808945821.
[I 2023-07-23 03:00:02,501] Trial 7 finished with value: -0.06775170573580999 and parameters: {'max_depth': 3, 'learning_rate': 0.19395290129237502, 'n_estimators': 500, 'min_child_weight': 6, 'gamma': 0.2604294847161584, 'subsample': 0.20663617732604606, 'colsample_bytree': 0.27268776342214107, 'reg_alpha': 2.2149857182727533e-08, 'reg_lambda': 0.01531954491237237}. Best is trial 1 with value: -0.0628200808945821.
[I 2023-07-23 03:00:04,217] Trial 8 finished with value: -0.6077139211445867 and parameters: {'max_depth': 1, 'learning_rate': 0.01643413878478672, 'n_estimators': 27, 'min_child_weight': 5, 'gamma': 0.6802803665688731, 'subsample': 0.07467093704238188, 'colsample_bytree': 0.017034002486646105, 'reg_alpha': 0.00047641473702371906, 'reg_lambda': 0.00015754641555401784}. Best is trial 1 with value: -0.0628200808945821.
[I 2023-07-23 03:00:12,596] Trial 9 finished with value: -0.11150238793290242 and parameters: {'max_depth': 2, 'learning_rate': 0.12270497693662155, 'n_estimators': 256, 'min_child_weight': 10, 'gamma': 0.38336119112024886, 'subsample': 0.49317257679274656, 'colsample_bytree': 0.024460512240815524, 'reg_alpha': 4.710394567279456e-05, 'reg_lambda': 1.9017969366787497e-05}. Best is trial 1 with value: -0.0628200808945821.
[I 2023-07-23 03:00:37,343] Trial 10 finished with value: -0.07325015588215403 and parameters: {'max_depth': 5, 'learning_rate': 0.033876327758372946, 'n_estimators': 364, 'min_child_weight': 8, 'gamma': 0.1123678618395636, 'subsample': 0.15751702744019835, 'colsample_bytree': 0.1357221693272759, 'reg_alpha': 8.431526565359515e-06, 'reg_lambda': 0.7729923032339662}. Best is trial 1 with value: -0.0628200808945821.
[I 2023-07-23 03:01:11,594] Trial 11 finished with value: -0.060151583921448204 and parameters: {'max_depth': 5, 'learning_rate': 0.051295234865809856, 'n_estimators': 496, 'min_child_weight': 7, 'gamma': 0.10548630603517038, 'subsample': 0.18852713308489877, 'colsample_bytree': 0.46199685399415863, 'reg_alpha': 1.8398474832223955e-08, 'reg_lambda': 0.032821257048401976}. Best is trial 11 with value: -0.060151583921448204.
