[I 2023-07-23 02:36:58,433] Trial 12 finished with value: -0.11308959657561857 and parameters: {'max_depth': 3, 'learning_rate': 0.01848211957338779, 'n_estimators': 367, 'min_child_weight': 7, 'gamma': 0.4766508290764433, 'subsample': 0.47304395861282267, 'colsample_bytree': 0.1947087214902812, 'reg_alpha': 1.4969907125879513e-08, 'reg_lambda': 0.02040773419835464}. Best is trial 8 with value: -0.09355216332251126.
[I 2023-07-23 02:37:22,759] Trial 13 finished with value: -0.10556393368605174 and parameters: {'max_depth': 4, 'learning_rate': 0.019706717876205457, 'n_estimators': 500, 'min_child_weight': 5, 'gamma': 0.8876871762062173, 'subsample': 0.15097306899167043, 'colsample_bytree': 0.14132939061556274, 'reg_alpha': 2.1415153860746378e-07, 'reg_lambda': 0.781753270461943}. Best is trial 8 with value: -0.09355216332251126.
[I 2023-07-23 02:37:31,683] Trial 14 finished with value: -0.11818977856935164 and parameters: {'max_depth': 4, 'learning_rate': 0.029952019444235922, 'n_estimators': 171, 'min_child_weight': 5, 'gamma': 0.9025959856546772, 'subsample': 0.1094002473929195, 'colsample_bytree': 0.11350354921632626, 'reg_alpha': 7.372746754383504e-07, 'reg_lambda': 0.9053510839213932}. Best is trial 8 with value: -0.09355216332251126.
[I 2023-07-23 02:37:51,149] Trial 15 finished with value: -0.14859188148159883 and parameters: {'max_depth': 4, 'learning_rate': 0.03410837141063846, 'n_estimators': 403, 'min_child_weight': 7, 'gamma': 0.9210141262032685, 'subsample': 0.23063730353680678, 'colsample_bytree': 0.011029598763317876, 'reg_alpha': 2.2412579148379397e-07, 'reg_lambda': 0.02327765147272587}. Best is trial 8 with value: -0.09355216332251126.
[I 2023-07-23 02:38:22,738] Trial 16 finished with value: -0.10379387909498017 and parameters: {'max_depth': 5, 'learning_rate': 0.0193431249898597, 'n_estimators': 494, 'min_child_weight': 5, 'gamma': 0.6471144194470495, 'subsample': 0.1188321273162683, 'colsample_bytree': 0.11615784181690131, 'reg_alpha': 2.702152661349747e-07, 'reg_lambda': 0.0015821026538882501}. Best is trial 8 with value: -0.09355216332251126.
[I 2023-07-23 02:38:33,523] Trial 17 finished with value: -0.2079600435851034 and parameters: {'max_depth': 5, 'learning_rate': 0.0104482425051467, 'n_estimators': 146, 'min_child_weight': 7, 'gamma': 0.36827322875893953, 'subsample': 0.09204892075240699, 'colsample_bytree': 0.10401517315208868, 'reg_alpha': 9.49653725240125e-06, 'reg_lambda': 0.0018213810509484743}. Best is trial 8 with value: -0.09355216332251126.
[I 2023-07-23 02:38:44,712] Trial 18 finished with value: -0.11099866888009151 and parameters: {'max_depth': 2, 'learning_rate': 0.04529699455945138, 'n_estimators': 380, 'min_child_weight': 5, 'gamma': 0.677134536440624, 'subsample': 0.06209541753503744, 'colsample_bytree': 0.29660072276037247, 'reg_alpha': 2.0281084466907502e-07, 'reg_lambda': 0.002577810815585173}. Best is trial 8 with value: -0.09355216332251126.
[I 2023-07-23 02:39:08,813] Trial 19 finished with value: -0.10631994472686992 and parameters: {'max_depth': 5, 'learning_rate': 0.02165757730558903, 'n_estimators': 442, 'min_child_weight': 6, 'gamma': 0.22045925185530546, 'subsample': 0.24954332829141382, 'colsample_bytree': 0.09286971170862038, 'reg_alpha': 6.706025854939897e-05, 'reg_lambda': 0.0005410774404739927}. Best is trial 8 with value: -0.09355216332251126.
[I 2023-07-23 02:39:31,318] Trial 20 finished with value: -0.09897395088412225 and parameters: {'max_depth': 5, 'learning_rate': 0.015558303415416846, 'n_estimators': 318, 'min_child_weight': 10, 'gamma': 0.4093448654571812, 'subsample': 0.45102318257462887, 'colsample_bytree': 0.2882003898115869, 'reg_alpha': 3.1189447727995573e-06, 'reg_lambda': 0.00902151982777005}. Best is trial 8 with value: -0.09355216332251126.
[I 2023-07-23 02:39:55,043] Trial 21 finished with value: -0.09953320991501184 and parameters: {'max_depth': 5, 'learning_rate': 0.014749245251441776, 'n_estimators': 320, 'min_child_weight': 10, 'gamma': 0.4033223443109066, 'subsample': 0.369509892714595, 'colsample_bytree': 0.27986931475176813, 'reg_alpha': 1.7368561000401926e-06, 'reg_lambda': 0.008122063624112425}. Best is trial 8 with value: -0.09355216332251126.
[I 2023-07-23 02:40:16,846] Trial 22 finished with value: -0.10006389525331985 and parameters: {'max_depth': 5, 'learning_rate': 0.012913399791809343, 'n_estimators': 309, 'min_child_weight': 10, 'gamma': 0.3971987142735566, 'subsample': 0.4466249306994836, 'colsample_bytree': 0.29277011110673773, 'reg_alpha': 1.8587458449137429e-06, 'reg_lambda': 0.017061931209758213}. Best is trial 8 with value: -0.09355216332251126.
[I 2023-07-23 02:40:31,996] Trial 23 finished with value: -0.1034173866234778 and parameters: {'max_depth': 4, 'learning_rate': 0.012161369337002115, 'n_estimators': 280, 'min_child_weight': 9, 'gamma': 0.39786123063053336, 'subsample': 0.4897075729947424, 'colsample_bytree': 0.4934760367085212, 'reg_alpha': 1.3906266064040705e-05, 'reg_lambda': 0.007880811234590484}. Best is trial 8 with value: -0.09355216332251126.
[I 2023-07-23 02:40:46,735] Trial 24 finished with value: -0.1065754584542636 and parameters: {'max_depth': 5, 'learning_rate': 0.014738036674341619, 'n_estimators': 197, 'min_child_weight': 9, 'gamma': 0.24101636067877677, 'subsample': 0.34275167026898706, 'colsample_bytree': 0.2895637856195269, 'reg_alpha': 2.0861019745777806e-06, 'reg_lambda': 0.07757822096799895}. Best is trial 8 with value: -0.09355216332251126.
[I 2023-07-23 02:41:04,547] Trial 25 finished with value: -0.09764749931808624 and parameters: {'max_depth': 4, 'learning_rate': 0.024457600238152993, 'n_estimators': 342, 'min_child_weight': 10, 'gamma': 0.3458580137932025, 'subsample': 0.22821049774761806, 'colsample_bytree': 0.3589082272468808, 'reg_alpha': 0.0002860684373782842, 'reg_lambda': 0.005781127256380075}. Best is trial 8 with value: -0.09355216332251126.
[I 2023-07-23 02:41:22,820] Trial 26 finished with value: -0.09694115707478464 and parameters: {'max_depth': 4, 'learning_rate': 0.02448840243668421, 'n_estimators': 351, 'min_child_weight': 9, 'gamma': 0.3271649884034157, 'subsample': 0.2454600538930195, 'colsample_bytree': 0.4015614728803126, 'reg_alpha': 0.0006576544480490596, 'reg_lambda': 0.0003873380993280983}. Best is trial 8 with value: -0.09355216332251126.
[I 2023-07-23 02:41:41,625] Trial 27 finished with value: -0.0959110468540096 and parameters: {'max_depth': 4, 'learning_rate': 0.027956240586523677, 'n_estimators': 356, 'min_child_weight': 9, 'gamma': 0.33089488199648737, 'subsample': 0.217106566299361, 'colsample_bytree': 0.4185300910960168, 'reg_alpha': 0.0007028325765438869, 'reg_lambda': 0.0004620187963149846}. Best is trial 8 with value: -0.09355216332251126.
[I 2023-07-23 02:41:57,528] Trial 28 finished with value: -0.10156790874835293 and parameters: {'max_depth': 3, 'learning_rate': 0.034262583384611765, 'n_estimators': 369, 'min_child_weight': 9, 'gamma': 0.23907372508491526, 'subsample': 0.19545906611945885, 'colsample_bytree': 0.43546366225248767, 'reg_alpha': 0.002450037189764852, 'reg_lambda': 0.0004594939601355336}. Best is trial 8 with value: -0.09355216332251126.
[I 2023-07-23 02:42:19,491] Trial 29 finished with value: -0.09121939049136817 and parameters: {'max_depth': 4, 'learning_rate': 0.045675995854048496, 'n_estimators': 427, 'min_child_weight': 8, 'gamma': 0.29985046434428025, 'subsample': 0.14562051163309211, 'colsample_bytree': 0.393831194024539, 'reg_alpha': 0.009306357470558779, 'reg_lambda': 9.8580608222948e-05}. Best is trial 29 with value: -0.09121939049136817.
Number of finished trials: 30
Best trial:
  Value: -0.09121939049136817
  Params: 
    max_depth: 4
    learning_rate: 0.045675995854048496
    n_estimators: 427
    min_child_weight: 8
    gamma: 0.29985046434428025
    subsample: 0.14562051163309211
    colsample_bytree: 0.393831194024539
    reg_alpha: 0.009306357470558779
    reg_lambda: 9.8580608222948e-05
mean_squared_error:31.02
mean_absolute_error:3.87
percentage_error:12.59%
feature_importance: [('RealPower_-1d_0h', 285.0), ('dayofmonth', 250.0), ('RealPower_-7d_1h', 233.0), ('dayofweek', 198.0), ('RealPower_-2d_0h', 196.0), ('RealPower_-2d_1h', 194.0), ('RealPower_-7d_-1h', 193.0), ('RealPower_-1d_-1h', 188.0), ('RealPower_-7d_0h', 180.0), ('RealPower_-3d_1h', 175.0), ('RealPower_-2d_-1h', 173.0), ('RealPower_-6d_-1h', 173.0), ('RealPower_-1d_1h', 169.0), ('RealPower_-3d_0h', 160.0), ('RealPower_-5d_0h', 149.0), ('hour', 148.0), ('RealPower_-4d_-1h', 147.0), ('RealPower_-4d_0h', 144.0), ('RealPower_-6d_0h', 144.0), ('month', 141.0), ('RealPower_-6d_1h', 137.0), ('RealPower_-5d_1h', 136.0), ('RealPower_-4d_1h', 135.0), ('RealPower_-3d_-1h', 126.0), ('RealPower_-5d_-1h', 126.0), ('temp_max_-1h', 101.0), ('temp_min_-6h', 96.0), ('temp_min_-1h', 93.0), ('temp_-6h', 92.0), ('temp_max_-5h', 87.0), ('temp_max_-6h', 87.0), ('temp_max_-2h', 77.0), ('temp_min_-4h', 77.0), ('temp_-2h', 76.0), ('temp_-5h', 74.0), ('temp_min_-5h', 72.0), ('temp_min_-2h', 70.0), ('temp_-1h', 69.0), ('is_holiday', 68.0), ('temp_max_-3h', 61.0), ('temp_-4h', 60.0), ('temp_max_-4h', 58.0), ('temp_min_-3h', 57.0), ('temp_-3h', 52.0), ('quarter', 43.0)]
**************************************************
Fitting model for: MusicBuilding
**************************************************
[I 2023-07-23 02:42:36,100] A new study created in memory with name: no-name-141e7736-df52-487b-857a-a13a79a00545
[I 2023-07-23 02:42:45,897] Trial 0 finished with value: -0.06799573131006333 and parameters: {'max_depth': 3, 'learning_rate': 0.018823727016143283, 'n_estimators': 230, 'min_child_weight': 5, 'gamma': 0.8946644950864838, 'subsample': 0.20621638020074876, 'colsample_bytree': 0.21186235550731541, 'reg_alpha': 1.517368265258306e-08, 'reg_lambda': 5.995995526331557e-08}. Best is trial 0 with value: -0.06799573131006333.
[I 2023-07-23 02:42:51,723] Trial 1 finished with value: -0.07997745549586613 and parameters: {'max_depth': 1, 'learning_rate': 0.12731639688623336, 'n_estimators': 210, 'min_child_weight': 10, 'gamma': 0.30612484941296125, 'subsample': 0.024626770570574576, 'colsample_bytree': 0.02151251749689262, 'reg_alpha': 0.0005822153550594586, 'reg_lambda': 0.47313109720210494}. Best is trial 0 with value: -0.06799573131006333.
[I 2023-07-23 02:43:06,634] Trial 2 finished with value: -0.06694357637528227 and parameters: {'max_depth': 2, 'learning_rate': 0.046005497745142704, 'n_estimators': 463, 'min_child_weight': 8, 'gamma': 0.16292781908388118, 'subsample': 0.024949743933690656, 'colsample_bytree': 0.304315957931991, 'reg_alpha': 5.126565121324818e-07, 'reg_lambda': 4.3742016797411276e-08}. Best is trial 2 with value: -0.06694357637528227.
[I 2023-07-23 02:43:21,864] Trial 3 finished with value: -0.05889510225523109 and parameters: {'max_depth': 3, 'learning_rate': 0.13976502869474333, 'n_estimators': 398, 'min_child_weight': 9, 'gamma': 0.8489022161232795, 'subsample': 0.11900804096411087, 'colsample_bytree': 0.35848097053918293, 'reg_alpha': 0.1824302456780211, 'reg_lambda': 6.570917680139772e-07}. Best is trial 3 with value: -0.05889510225523109.
[I 2023-07-23 02:43:32,978] Trial 4 finished with value: -0.09806806038619789 and parameters: {'max_depth': 4, 'learning_rate': 0.36240168717073573, 'n_estimators': 251, 'min_child_weight': 8, 'gamma': 0.46148121500666184, 'subsample': 0.016033357361977394, 'colsample_bytree': 0.04808780399845125, 'reg_alpha': 0.014159430305716347, 'reg_lambda': 1.7751122589778266e-07}. Best is trial 3 with value: -0.05889510225523109.
[I 2023-07-23 02:43:38,511] Trial 5 finished with value: -0.075159383771421 and parameters: {'max_depth': 5, 'learning_rate': 0.07115964188148696, 'n_estimators': 79, 'min_child_weight': 7, 'gamma': 0.13058640555031042, 'subsample': 0.06480913751799544, 'colsample_bytree': 0.061208790521260194, 'reg_alpha': 1.126731635494481e-06, 'reg_lambda': 0.009598850738382908}. Best is trial 3 with value: -0.05889510225523109.
[I 2023-07-23 02:43:53,365] Trial 6 finished with value: -0.07926237830189345 and parameters: {'max_depth': 4, 'learning_rate': 0.03254403320341963, 'n_estimators': 303, 'min_child_weight': 6, 'gamma': 0.32723029788267816, 'subsample': 0.17860322725222652, 'colsample_bytree': 0.010783961626794656, 'reg_alpha': 4.1688524209672695e-07, 'reg_lambda': 0.00042530618186848877}. Best is trial 3 with value: -0.05889510225523109.
[I 2023-07-23 02:44:10,090] Trial 7 finished with value: -0.06022371942049383 and parameters: {'max_depth': 5, 'learning_rate': 0.02251543293238911, 'n_estimators': 236, 'min_child_weight': 6, 'gamma': 0.29516012095990574, 'subsample': 0.13070908140592638, 'colsample_bytree': 0.3048526452964659, 'reg_alpha': 0.00020826240746991002, 'reg_lambda': 8.524446465053666e-08}. Best is trial 3 with value: -0.05889510225523109.
[I 2023-07-23 02:44:14,378] Trial 8 finished with value: -0.28967842662958365 and parameters: {'max_depth': 4, 'learning_rate': 0.01958986633143413, 'n_estimators': 60, 'min_child_weight': 9, 'gamma': 0.16250454210161994, 'subsample': 0.24287340689922704, 'colsample_bytree': 0.015062217101141494, 'reg_alpha': 0.0018978939798133586, 'reg_lambda': 0.021229886960760197}. Best is trial 3 with value: -0.05889510225523109.
[I 2023-07-23 02:44:20,267] Trial 9 finished with value: -0.08427957433599453 and parameters: {'max_depth': 1, 'learning_rate': 0.016019452453188372, 'n_estimators': 207, 'min_child_weight': 7, 'gamma': 0.6990578203108065, 'subsample': 0.03756057942051472, 'colsample_bytree': 0.15367353380629542, 'reg_alpha': 5.869377276323203e-07, 'reg_lambda': 1.6657487742816896e-07}. Best is trial 3 with value: -0.05889510225523109.
[I 2023-07-23 02:44:36,497] Trial 10 finished with value: -0.06068051704483886 and parameters: {'max_depth': 2, 'learning_rate': 0.1924562550240066, 'n_estimators': 486, 'min_child_weight': 10, 'gamma': 0.9640498945835648, 'subsample': 0.4303626790752674, 'colsample_bytree': 0.48950178025119756, 'reg_alpha': 0.9549180683225034, 'reg_lambda': 6.86750882326796e-06}. Best is trial 3 with value: -0.05889510225523109.
[I 2023-07-23 02:45:05,310] Trial 11 finished with value: -0.05988744046588944 and parameters: {'max_depth': 5, 'learning_rate': 0.011006498034857702, 'n_estimators': 378, 'min_child_weight': 5, 'gamma': 0.4285621724193051, 'subsample': 0.09816231652136337, 'colsample_bytree': 0.49157082440477023, 'reg_alpha': 0.07445454982970622, 'reg_lambda': 4.086229933463257e-06}. Best is trial 3 with value: -0.05889510225523109.
[I 2023-07-23 02:45:21,026] Trial 12 finished with value: -0.06628086626872233 and parameters: {'max_depth': 3, 'learning_rate': 0.01094115695907403, 'n_estimators': 377, 'min_child_weight': 9, 'gamma': 0.5880556911138295, 'subsample': 0.08756956029385192, 'colsample_bytree': 0.4751154794071766, 'reg_alpha': 0.8868419072309711, 'reg_lambda': 8.126671331986255e-06}. Best is trial 3 with value: -0.05889510225523109.
[I 2023-07-23 02:45:34,207] Trial 13 finished with value: -0.07388483762400419 and parameters: {'max_depth': 2, 'learning_rate': 0.010122451174412204, 'n_estimators': 400, 'min_child_weight': 5, 'gamma': 0.5287801144246536, 'subsample': 0.07434765174425562, 'colsample_bytree': 0.12947717026031902, 'reg_alpha': 0.049252084732342556, 'reg_lambda': 3.777037452139918e-06}. Best is trial 3 with value: -0.05889510225523109.
[I 2023-07-23 02:45:50,374] Trial 14 finished with value: -0.06118814237845084 and parameters: {'max_depth': 4, 'learning_rate': 0.07564518014544665, 'n_estimators': 338, 'min_child_weight': 9, 'gamma': 0.7299003346536793, 'subsample': 0.11841224150479673, 'colsample_bytree': 0.10970086000997732, 'reg_alpha': 0.01604171475077336, 'reg_lambda': 8.7934280749922e-05}. Best is trial 3 with value: -0.05889510225523109.
[I 2023-07-23 02:46:17,104] Trial 15 finished with value: -0.05812832160465502 and parameters: {'max_depth': 5, 'learning_rate': 0.03683452940201732, 'n_estimators': 419, 'min_child_weight': 6, 'gamma': 0.42245442342504597, 'subsample': 0.0491859579626354, 'colsample_bytree': 0.2662347170043857, 'reg_alpha': 0.08408916192301195, 'reg_lambda': 7.612116768916757e-07}. Best is trial 15 with value: -0.05812832160465502.
[I 2023-07-23 02:46:33,430] Trial 16 finished with value: -0.06340132518360006 and parameters: {'max_depth': 3, 'learning_rate': 0.044898371270138814, 'n_estimators': 432, 'min_child_weight': 6, 'gamma': 0.7059298030797385, 'subsample': 0.04848541474344031, 'colsample_bytree': 0.22923821621489535, 'reg_alpha': 0.0033089684444447313, 'reg_lambda': 3.313344948874952e-07}. Best is trial 15 with value: -0.05812832160465502.
[I 2023-07-23 02:46:43,812] Trial 17 finished with value: -0.07052886823943769 and parameters: {'max_depth': 2, 'learning_rate': 0.12550601230404543, 'n_estimators': 319, 'min_child_weight': 8, 'gamma': 0.982760871687564, 'subsample': 0.0120028847494208, 'colsample_bytree': 0.09407830202086442, 'reg_alpha': 0.19696755769723218, 'reg_lambda': 3.0050556953342034e-08}. Best is trial 15 with value: -0.05812832160465502.
[I 2023-07-23 02:46:51,476] Trial 18 finished with value: -0.06990210923836358 and parameters: {'max_depth': 4, 'learning_rate': 0.3397000712955908, 'n_estimators': 137, 'min_child_weight': 7, 'gamma': 0.40608763507646223, 'subsample': 0.04856533193853759, 'colsample_bytree': 0.18016645595996292, 'reg_alpha': 3.3871835984202925e-05, 'reg_lambda': 1.529626331960318e-08}. Best is trial 15 with value: -0.05812832160465502.
[I 2023-07-23 02:47:10,615] Trial 19 finished with value: -0.06226983532758821 and parameters: {'max_depth': 3, 'learning_rate': 0.051313110878139216, 'n_estimators': 498, 'min_child_weight': 9, 'gamma': 0.58965293298398, 'subsample': 0.0559056195316547, 'colsample_bytree': 0.2909382979160777, 'reg_alpha': 0.10472438666622831, 'reg_lambda': 7.852909848773802e-07}. Best is trial 15 with value: -0.05812832160465502.
[I 2023-07-23 02:47:36,426] Trial 20 finished with value: -0.06658769156920377 and parameters: {'max_depth': 5, 'learning_rate': 0.0298828119921335, 'n_estimators': 426, 'min_child_weight': 6, 'gamma': 0.2298538740051181, 'subsample': 0.036363346792438515, 'colsample_bytree': 0.08372202015155346, 'reg_alpha': 0.007673853444797076, 'reg_lambda': 1.208222761815931e-06}. Best is trial 15 with value: -0.05812832160465502.
[I 2023-07-23 02:47:58,057] Trial 21 finished with value: -0.059117366917773265 and parameters: {'max_depth': 5, 'learning_rate': 0.015559040895992407, 'n_estimators': 356, 'min_child_weight': 5, 'gamma': 0.43050871064210117, 'subsample': 0.09386418419336434, 'colsample_bytree': 0.48325718416686675, 'reg_alpha': 0.16212205965490478, 'reg_lambda': 1.4198941412915373e-06}. Best is trial 15 with value: -0.05812832160465502.
[I 2023-07-23 02:48:21,780] Trial 22 finished with value: -0.0576335478183906 and parameters: {'max_depth': 5, 'learning_rate': 0.02998746031458571, 'n_estimators': 348, 'min_child_weight': 5, 'gamma': 0.38661649853355035, 'subsample': 0.08359785026182842, 'colsample_bytree': 0.36081159098827986, 'reg_alpha': 0.2575023228972059, 'reg_lambda': 1.058588923642341e-06}. Best is trial 22 with value: -0.0576335478183906.
[I 2023-07-23 02:48:37,143] Trial 23 finished with value: -0.061921138159194464 and parameters: {'max_depth': 4, 'learning_rate': 0.02744015155996368, 'n_estimators': 300, 'min_child_weight': 6, 'gamma': 0.3708555958200268, 'subsample': 0.07315935968118104, 'colsample_bytree': 0.3238691493881067, 'reg_alpha': 0.49400178786518334, 'reg_lambda': 2.7254091257781497e-05}. Best is trial 22 with value: -0.0576335478183906.
[I 2023-07-23 02:49:04,487] Trial 24 finished with value: -0.05584496878489794 and parameters: {'max_depth': 5, 'learning_rate': 0.043117695114749645, 'n_estimators': 434, 'min_child_weight': 5, 'gamma': 0.49622231401059946, 'subsample': 0.14029449007456957, 'colsample_bytree': 0.16343742779338785, 'reg_alpha': 0.03209387819643215, 'reg_lambda': 6.505559997604579e-07}. Best is trial 24 with value: -0.05584496878489794.
[I 2023-07-23 02:49:32,904] Trial 25 finished with value: -0.0566983837662287 and parameters: {'max_depth': 5, 'learning_rate': 0.03596688510637403, 'n_estimators': 450, 'min_child_weight': 5, 'gamma': 0.5140757627978602, 'subsample': 0.1372290570476601, 'colsample_bytree': 0.1663266245503505, 'reg_alpha': 0.02834925631111586, 'reg_lambda': 1.5805959783224066e-08}. Best is trial 24 with value: -0.05584496878489794.
[I 2023-07-23 02:49:34,718] Trial 26 finished with value: -0.7583095518787675 and parameters: {'max_depth': 5, 'learning_rate': 0.051997515885935784, 'n_estimators': 5, 'min_child_weight': 5, 'gamma': 0.4897457303364646, 'subsample': 0.17323404712014967, 'colsample_bytree': 0.1704815574326809, 'reg_alpha': 0.024482418373324242, 'reg_lambda': 1.9398671564801352e-08}. Best is trial 24 with value: -0.05584496878489794.
[I 2023-07-23 02:50:04,705] Trial 27 finished with value: -0.05829406861135873 and parameters: {'max_depth': 5, 'learning_rate': 0.026905889520751382, 'n_estimators': 459, 'min_child_weight': 5, 'gamma': 0.5535713561888898, 'subsample': 0.2710159807466207, 'colsample_bytree': 0.14135033263682117, 'reg_alpha': 0.003910038756341976, 'reg_lambda': 1.7961395857630895e-07}. Best is trial 24 with value: -0.05584496878489794.
[I 2023-07-23 02:50:27,715] Trial 28 finished with value: -0.0595383066060751 and parameters: {'max_depth': 4, 'learning_rate': 0.03490558181497561, 'n_estimators': 464, 'min_child_weight': 5, 'gamma': 0.3473998668751655, 'subsample': 0.14606858990992266, 'colsample_bytree': 0.18968396789635686, 'reg_alpha': 0.026782056366310824, 'reg_lambda': 1.0318966000955918e-08}. Best is trial 24 with value: -0.05584496878489794.
